TN:
SF:gendiff/gendiff_func.py
DA:1,1,G49YBhXC53TOIeVcvnSiFQ
DA:4,1,1B2M2Y8AsgTpgAmY7PhCfg
DA:6,1,wWua/CdA9awbKwEUV6o9YQ
DA:9,1,voRRquC4oPw8ld08gazztQ
DA:12,1,rR5GfiWYro9pcQRyRUpYLg
DA:14,1,BJBlZsSWstphiTlZImt1kA
DA:15,1,1B2M2Y8AsgTpgAmY7PhCfg
DA:16,1,1B2M2Y8AsgTpgAmY7PhCfg
DA:17,1,4BatG/0G2ybcRNsLJckHqA
DA:18,1,OxKSLko03D+WylU18PZQTQ
DA:21,1,GmJEVJUzhrRJJh5qMZFM0Q
DA:24,1,1B2M2Y8AsgTpgAmY7PhCfg
DA:25,1,1B2M2Y8AsgTpgAmY7PhCfg
DA:26,1,XwbDmQHFCEIJuyX4gkZNxA
DA:27,1,3q+s4pKl/uMyZU232FYGIA
DA:28,1,faEivG7OWPBmGznVD/jkwg
DA:29,1,wjyBwRymeMWAG3ZNEOQ0+g
DA:30,1,MKAzl+1EoEdisw7lGExNeg
DA:32,1,ERzP5VFnxZtwSeBoWDuTHQ
DA:33,1,OgMp9J+IhP4twiN2gF3dAQ
DA:34,1,/8U/LH0hFwE+JJ8YauxQ2w
DA:37,1,alURdYrt1/m0dO4d2wdroA
DA:38,1,oAdag4JMhJf67E5m6baEFQ
DA:39,1,1B2M2Y8AsgTpgAmY7PhCfg
DA:40,1,1B2M2Y8AsgTpgAmY7PhCfg
DA:41,1,iMOwSwD4tdxD8bkqbGjynA
DA:42,1,Mh2RPldWeK99tiuc6p4Exg
DA:43,1,HIcmhyJNXYO5mRvCgzQXaw
DA:46,1,nb5lsxngc3DZ/qUZzPlxOQ
DA:47,1,qVjExF2Da/89CUVs02KVnA
DA:48,1,yfO5dOOMUXp7MvZus6kQZQ
DA:49,1,r9ed2lk/H6BT3zLS2D9k7A
DA:52,1,Uq3Se87QwYhOWSPPZ3vI3w
DA:53,1,13/jGnsjhL08wgej1AUiPQ
DA:56,1,jEk1cawFIGBcs0BRjZnLTw
DA:58,1,X2RJcVdGt9XNmQ0DpkzgBw
DA:59,1,BheFOpAs9vLSavRXEXmqsA
DA:2,0,rjs0f1+FR7AB7Gy9xzxhnQ
DA:5,0,KMtBL5ZTiH9X3GQG0VWSOQ
DA:7,0,6MxJLs3St0IlHDjX6AhxQw
DA:8,0,zInW4avpmllPZRrKBfccIA
DA:10,0,WLz5GGRPVkXLkHxxqQ4h8w
DA:13,0,GWWa1apVbgTlY6kvWCYFAA
DA:20,0,DDeh/1zqhcEekvUd22cMgg
DA:23,0,/74eoZIcTHR3Li1uUT1/0A
DA:35,0,6BeG7vJqskiH/dygHz9zLQ
DA:45,0,XczX5EvC5AskIYlai2fMnQ
DA:50,0,wyBlX7SXngzKiaRETF5FqQ
DA:54,0,jEk1cawFIGBcs0BRjZnLTw
DA:55,0,cf01pVpW4+uBgPUWDQU70A
DA:57,0,5ypYQ8E893CnnwLek+YjhQ
DA:60,0,T72bc/oi+vpwkIl/KkFluQ
DA:61,0,oAdag4JMhJf67E5m6baEFQ
LF:34
LH:18
end_of_record
TN:
SF:tests/test_genddiff.py
DA:1,1,7Z9Lj4ed27Wf2hBX6jooEA
DA:3,1,1B2M2Y8AsgTpgAmY7PhCfg
DA:4,1,3H2Hneod+LRaqNi01VTAFQ
DA:5,1,rjs0f1+FR7AB7Gy9xzxhnQ
DA:6,1,+fNGU8M+3bc/UNeBSxyY7g
DA:14,1,vnU7Q8jmBkujiG1bzITVCA
DA:8,0,ubh8nU9DLYjD9B2xQfI29A
DA:9,0,l9Dv7R2sKq0JzMDlk9n+OA
DA:10,0,D0ZpDEzrO6QaQPhll81Mbw
DA:13,0,nhk7VGR+p5MHe065ECBY4g
DA:15,0,ZYXAn/45OfJ5V6DoIb127w
DA:16,0,Ybbi1HYWYq7ApnrZrha2Rw
DA:17,0,4X41XeHlHvv3GQG0Lv9vhQ
DA:18,0,UQMoBP+kWP6K3GJCfMtYmA
DA:21,0,V52QEQ3mvjhUIE7/EqftQw
DA:22,0,nAAGPUauhok+qHu7o54/zA
DA:23,0,RbP9tgVWhgWwFzBUCaSCRQ
DA:24,0,NWPjevdHDNMpMVHfpkueWg
DA:32,0,a64Ef+P1paouBDmLzm6+PA
DA:35,0,eKJ2rITqJrDoH1mu6pi4/g
DA:36,0,B8Vl6G4+rkjJEOYPQ8Tctg
DA:37,0,UW110+U8dHjYinUMJvE+uQ
DA:38,0,NWPjevdHDNMpMVHfpkueWg
DA:46,0,yrXnEKyd4l174LKA/VU7kw
DA:49,0,9OPrkAFMB9sk0yLIdVqlNg
DA:50,0,NSPsiAw1wSQ12mj7g7tTbg
DA:51,0,fX3kdXVn4SeK/qUmIpsDUQ
DA:52,0,NWPjevdHDNMpMVHfpkueWg
DA:96,0,a64Ef+P1paouBDmLzm6+PA
DA:99,0,XjvL2BX5bP5rqB1V0jsayQ
DA:100,0,NSPsiAw1wSQ12mj7g7tTbg
DA:101,0,fX3kdXVn4SeK/qUmIpsDUQ
DA:102,0,vNq6ke8zPwc5qlwKxQqr/g
DA:114,0,XNkaRtoL56LLdU4nHu8SMA
DA:117,0,KJAhN9vf4K1Bb3RYUgb9uA
DA:118,0,nAAGPUauhok+qHu7o54/zA
DA:119,0,RbP9tgVWhgWwFzBUCaSCRQ
DA:120,0,JERGjX0/WSKyvuiGRRXZeA
DA:125,0,XNkaRtoL56LLdU4nHu8SMA
LF:38
LH:5
end_of_record
TN:
SF:/opt/homebrew/lib/python3.11/site-packages/_distutils_hack/__init__.py
DA:92,1,9un/cx0qmLXmxYDwdOJ1rA
DA:93,1,MnzpXe1veqpfA7nIMRo0OA
DA:95,1,2H5Vde45Z470KHrDcLENeg
DA:96,1,0ckDgdYxWdNgxXGzmvaOIA
DA:97,1,IYjUb0SLre5aeQ6nMrq1vA
DA:2,0,mUDsnWRiqW9R9nTILGKIZg
DA:3,0,7Z9Lj4ed27Wf2hBX6jooEA
DA:6,0,OM4y0zAhnSDYLveq2YECRQ
DA:9,0,GkAj8RT0SDsu6dTtFmAylw
DA:10,0,2gcrfjCahy3NmZf/JwjOlA
DA:11,0,l6TjtYHqcNyGECUCc2lV5w
DA:12,0,7ACogvRD79lBNKt6YdVqPw
DA:15,0,l6TjtYHqcNyGECUCc2lV5w
DA:16,0,lEg6+EUdlEathRyF++s6Eg
DA:18,0,JmsNwQOznX+BEnXSeXX3Pw
DA:28,0,rHXHSSvv41pfGlA+AnIlZw
DA:29,0,2gcrfjCahy3NmZf/JwjOlA
DA:30,0,l6TjtYHqcNyGECUCc2lV5w
DA:31,0,lEg6+EUdlEathRyF++s6Eg
DA:33,0,RG0eQt2n5RaOe5qNPrI7Vg
DA:34,0,+QBvhon1sv+R/FBteXpNLA
DA:39,0,lDZPiBr85Wv1GJ7DQ7K3dQ
DA:40,0,iePrUIfgE2gKHBnP1jFFag
DA:43,0,jNJ3UtqUb+awgF60Xmsk9g
DA:47,0,45UBcR2CZJkD0cHwTrdbKQ
DA:48,0,WZmsqe3xCnh2KjD/d47fiw
DA:51,0,KMwCqJvAJZYaJMt94Xqn0Q
DA:52,0,1ztudX2ZFpuh3YAgk8UhIQ
DA:54,0,wgJA/aNqiNJKFJn4Y1ZnEQ
DA:59,0,8T8k4BYaXdWXQGV91bGwWg
DA:60,0,3aPyJKQkn0HZBBHWzFzltQ
DA:63,0,xTTj8+alBsvTsJZ7daB7rg
DA:64,0,fPBoDvvOvf+eh/fa/ldDtw
DA:65,0,wPtBFfmxMkGaB08GcZgVeA
DA:68,0,zZBptT4i0CA8Cr86ObThBw
DA:75,0,wqYftrx9qWdybMj9wXyP1g
DA:76,0,yQtE8cOQ6JP44MmnHhrF2A
DA:77,0,dtFclyS/u4F7IVHRv8UFBw
DA:80,0,MN+zdYlR3g1jYo8bmINY+Q
DA:81,0,4oI259hXz0EUrfo70pkiBQ
DA:82,0,r5Nw5/nhKiL6rNaZI5Suag
DA:84,0,zZjg0xV5/ElHeVOoT2TmLQ
DA:85,0,CE+ZExzsOI2vOVe4/n3yRw
DA:88,0,1jzwtUE0dtr9r2yln13zZA
DA:89,0,fyoUVji5IcgwuTw65WSUrw
DA:99,0,8uPOuTjgISDUIP9dB1VCZA
DA:100,0,ufhGcdMAIRZnKV2wwuYHDQ
DA:101,0,MnzpXe1veqpfA7nIMRo0OA
DA:103,0,JGqCxZWqOgIwtFhJJmECVA
DA:104,0,wUvcRipPk4HZlEJYKycsew
DA:105,0,X225PIjcYl/ehMGS9Wkl3Q
DA:107,0,xjcDBnSwra0OiNOAYAwoHA
DA:108,0,WoszEwACmHJ0YGZ0nawT4g
DA:109,0,o7tvNiq40uwo8eP+lY5kyg
DA:118,0,MnzpXe1veqpfA7nIMRo0OA
DA:120,0,8SRLjvHVIeq9/b/F5SOvUQ
DA:121,0,OjjUksWjr5+J/qOQMge/5g
DA:122,0,m576Ida2Tnyim40wUpHcgw
DA:123,0,ISwtRmqn7yxgxnhFm3dM4Q
DA:125,0,Hp+WoajGbruwv+YAF1VmZw
DA:126,0,dquiAd0b6I3SPuVFJDK09w
DA:128,0,mFTTnkTEs6D4v6Y+Zf/KoA
DA:132,0,KxgaGtJPkScc4OG7mJ59vg
DA:133,0,YwoIKjptDPHMDEaV2aHPYg
DA:138,0,5tNdBKJWt/6q7w59RNfQfg
DA:140,0,p1NkOj0GzPuV9bzVST7IoA
DA:145,0,tjJt7U4fviztYFUfG8wLzA
DA:146,0,MnzpXe1veqpfA7nIMRo0OA
DA:147,0,D+7VuIBTuA9Acv/PkhB97g
DA:148,0,DAGWNZ+J18qhzbhXqpqJCw
DA:150,0,Nnqu9X+lU2lagW39QNhFWA
DA:151,0,HUS/HjhKX06HGumb6TIdBA
DA:155,0,wXQD+cGH9iPewn8ZAPg31w
DA:157,0,Bih8LzuzbtmAIInGTLgW2g
DA:161,0,KxgaGtJPkScc4OG7mJ59vg
DA:162,0,pM0+vWLw8OWZaAbhgM3Vig
DA:167,0,DCAgsj4MG0ZLAVNTbn9vsQ
DA:169,0,BT7kD7LRPuk/K83ku+MwEg
DA:175,0,D+7VuIBTuA9Acv/PkhB97g
DA:176,0,DAGWNZ+J18qhzbhXqpqJCw
DA:178,0,b64ONiRlnQvjfeWnszXcng
DA:191,0,m+CX8s+9/NSNKFBhDXPg0w
DA:192,0,djWM6xOGNSsA0hqL8ZPdwg
DA:199,0,csvyuPkTVfj2vi+3/1ImQg
DA:202,0,pjJo9djhPHefsVKHWnuGhw
DA:203,0,2SJmF3GQUE9HBhP6/G66HA
DA:206,0,x4FdnbeKugRkIpDIJR9yFQ
DA:207,0,mnoV0T4hEkr2W8HjAfJidA
DA:208,0,Eu9SRgpzCdX+knf0pwNcuQ
DA:210,0,d1Di2TWmCcPEHATMBwGJwg
DA:211,0,9wGZ/gWEC1HcFU2e27d6GQ
DA:214,0,g0Js2pNa3phrEzX25O4A8Q
DA:215,0,IDzumHTR6+ji6FDkgSxq8Q
DA:218,0,dBwqMuMpfRChvPOsha7EEA
DA:219,0,B/Fo9U4/nMeRNS1JjGZVyQ
DA:220,0,rnRHi6valzJssoG6809lNQ
DA:221,0,zXAfORIKxReF1HcBtup/aQ
DA:222,0,wWvyVCzDRWfTVXhFZNNl1w
LF:98
LH:5
end_of_record
TN:
SF:/opt/homebrew/lib/python3.11/site-packages/_pytest/__init__.py
DA:1,1,5rCeUC3O1HxZ4aPtvwf2sA
DA:3,1,RuZ5KcncCoRYUb0REMXZIg
DA:4,1,tvTZ8be+aKxFiMtLjLMn6w
LF:3
LH:3
end_of_record
TN:
SF:/opt/homebrew/lib/python3.11/site-packages/_pytest/_argcomplete.py
DA:1,1,AkNcBDtgvQ1NFeVSBNJwTA
DA:64,1,UK6mfWrMcVFUe5fumx/PbA
DA:65,1,7Z9Lj4ed27Wf2hBX6jooEA
DA:66,1,mUDsnWRiqW9R9nTILGKIZg
DA:67,1,OrE44BifdH7aJOJpCyamuQ
DA:68,1,gGTQvjsCFZRTAK01JA8k5Q
DA:69,1,GusTQ8rnslKGIeoIX1fGdQ
DA:70,1,jEc91tz0B1b2beSYnS+UDQ
DA:73,1,ziWSfldMM5KfdWi7lS1W5A
DA:74,1,/eOKMEgaTySdavcFSRlQGg
DA:76,1,Xkb8dJ6/fTsxQXdNILWyPA
DA:79,1,oNawojMNhYuD+3Z2oF41sA
DA:101,1,9SvAhXaIspQ+NN8tdGdVoA
DA:113,1,lLO0+TrsK4tjatvSZcgjOw
DA:114,1,wWvyVCzDRWfTVXhFZNNl1w
DA:116,1,5pdi+VQ2rZqKW5+c4q8quQ
DA:77,0,9l5zClqzIZ3ryTh/mqSjpw
DA:81,0,tqH7XWBZzdNeXfDMWTrkWQ
DA:82,0,SeDIeAf+q46MjjFOo6mTwg
DA:84,0,2VPXGUzHV2AFtdAhbEzK0g
DA:85,0,sE/nqEuQo9GG4ibz++dXYg
DA:86,0,FFdWXvUeJXmMVAItKalVuA
DA:87,0,G2eWLlaxmhoFY2F8q1vJKA
DA:89,0,oJHzz0JZBX6EKOP9Ozy41Q
DA:90,0,D3kmUS9QD2RTjrKEyOBZ4Q
DA:91,0,bHlINCGeSxsz83chr/E5Mw
DA:92,0,TEArAC7aajwabEhWCFYODg
DA:93,0,bAN2GgBRHXDYFD+rLvZ2xQ
DA:94,0,LTdrRVf9eUDryk4rC1BOJw
DA:95,0,t0T5iokuh6LimRiDHS07Kw
DA:97,0,vQh1GyDFNvRL0kBb/MuxSA
DA:98,0,Ujtuk7rbnJ5m5skO8PS+JQ
DA:102,0,B/Fo9U4/nMeRNS1JjGZVyQ
DA:103,0,uoTYrr8dpc4jJ8eZErofcw
DA:104,0,xBsLOPa8DPR7MSeJA82BtA
DA:105,0,x8Dir4Zy3f1QMFfpvBnpKg
DA:106,0,cuBWITH6nMbO29A4Xd8dcw
DA:108,0,lLO0+TrsK4tjatvSZcgjOw
DA:109,0,5uQkVJUu/YyADZMkL4JoLw
LF:37
LH:14
end_of_record
TN:
SF:/opt/homebrew/lib/python3.11/site-packages/_pytest/_code/__init__.py
DA:1,1,BGCw+f6Xr8a+8fpZHOMUsQ
DA:2,1,Ia26AIsoJ/ut8ANQCf4D8g
DA:3,1,oK5QuTehkmQKTSga3rpHXw
DA:4,1,JzJmYVlg5pOOvX1HNJiNZw
DA:5,1,xZeaOsaZqKGLs3I/p6sv6A
DA:6,1,g3o/c23RAE0hhx9Qg8+IDQ
DA:7,1,Kd7KugsdNQ8+e4ST3bcmdg
DA:8,1,pb+ng8y/F3tNsO6vKlTB2w
DA:9,1,qGJ7Pz4n8GB8k+AfO4vg5A
DA:10,1,NY0SMcFRNTXkXd0D5s0Zvg
DA:12,1,wtxjrmBNVp/dyLfWQ3ixWw
LF:10
LH:10
end_of_record
TN:
SF:/opt/homebrew/lib/python3.11/site-packages/_pytest/_code/code.py
DA:1,1,6d25OmbaxCZ2NLq20+fvXQ
DA:2,1,Sw6kgMhv7Tehp3mWh2kRCw
DA:3,1,o7XN3CMj67n397EmDP0M3w
DA:4,1,7Z9Lj4ed27Wf2hBX6jooEA
DA:5,1,p7hNY1S5rX9QtYADf+cK4g
DA:6,1,mUDsnWRiqW9R9nTILGKIZg
DA:7,1,8/DPjtWdo8z1/SINFFKe8w
DA:8,1,fpppWU+eCl3YokgNjxCDJg
DA:9,1,el6CoyxjwYZziFJqF02ViA
DA:10,1,q0+o+pAB2AiN/qzPVnncKw
DA:11,1,6vWAvNsegNqafFN4IKLrhg
DA:12,1,nj5ISDyR6GCCLTzrWc8b4Q
DA:13,1,F6k2Hfqep8xFwI2Xkb8mpQ
DA:14,1,C9uy+vys8Y2Y49BWeWev6g
DA:15,1,j6GwZFForTEFqmm2aBhNag
DA:16,1,gGTQvjsCFZRTAK01JA8k5Q
DA:17,1,kSu6PLdjlmFWwsRkVjivMw
DA:18,1,wWrfwU1ZEbCo3lNm0msPUQ
DA:19,1,fEBbOO3aR4HwfJ+8q/wrKA
DA:20,1,41/VBq3x/FFpVtD4q1jhsQ
DA:21,1,PJI8/uhfYStUhKtgJWP4eA
DA:22,1,GusTQ8rnslKGIeoIX1fGdQ
DA:23,1,zIuRph40Pvg5aBc+r1Zrpg
DA:24,1,jEc91tz0B1b2beSYnS+UDQ
DA:25,1,/KD43IMS81HLFAkSL1WQ9g
DA:26,1,1EtbyP3Ve3IYw7nWQ1CbXA
DA:27,1,da4F/HJkmdp35fCZoBYhug
DA:28,1,V6me9WwkC0VECDSJFtxP3Q
DA:29,1,0hwKoLJOBNjwQBXENlLfmg
DA:30,1,DuGrcGudW6F+VJ9UOb4O3Q
DA:31,1,mjVJPNV1Grbtqt25vnQFRw
DA:32,1,OGjYbn4gvJQgGRj4F4r19g
DA:33,1,l3nhicvq6q+R3WkfKdsNMw
DA:35,1,TZLxxls8DAadOXp4TKGIWg
DA:37,1,sytuHpY1w2fe6Koa8ptJKQ
DA:38,1,lT8t8mfJc3k1Rxcu+1KcUw
DA:39,1,11bOq4bSsDSP1XB5j/mOng
DA:40,1,1eu8rzX/U95pWVV+t9fawg
DA:41,1,Nf8+tOXEP4K9akHiKAYDAg
DA:42,1,lF8t5kNCvWhZe8brCy+g0w
DA:43,1,RivD6/xMXR8I7rPjumeQoQ
DA:44,1,IQ5cfA7TXEvjU4N8Utxvnw
DA:45,1,Cq2mBoOafek75ZpFVChIjw
DA:46,1,6bZMTti/Z/6DFDnNFkEgYA
DA:47,1,Ai1JG2YgIxV++eA0a8v7lQ
DA:48,1,wwYpqGZweeu30vyAh8mRhQ
DA:49,1,kAbiuLRYBavGq+RVjjer0w
DA:51,1,rOMIMlbvtyu7gXIIy/UEaQ
DA:58,1,6UZeV6Zjd48sIsNE/t641A
DA:62,1,TUgaOIeO4t77zqnLCInBgw
DA:63,1,032dXOeJZBkia78Il4HSMg
DA:65,1,hiRj6FO4SKxImPhX8C7m/g
DA:67,1,FTlOqMob/P2rgNYXSvsV2A
DA:68,1,Ero+tHxpD55xug4kSkxLSw
DA:70,1,Nnqu9X+lU2lagW39QNhFWA
DA:71,1,y6okkagBOnezAc75Z/G3fw
DA:72,1,PQKff3sgy5nrroDcx6cydA
DA:74,1,X115G4CwmLkek13LoY9EUg
DA:78,1,+RvYdXcDD1N5HYEEWSlbXA
DA:80,1,HmADa1g/W1C2Vo9Wm4sNNA
DA:81,1,9MLcieNmVsJPFQyf1cJjmg
DA:82,1,fZXAlsXSBz/99Z+9dTli/g
DA:84,1,HmADa1g/W1C2Vo9Wm4sNNA
DA:85,1,7FX1qAqtaHDXcsYvWDeIhQ
DA:88,1,HmADa1g/W1C2Vo9Wm4sNNA
DA:89,1,gI+YemF6MuOQ3Pkx1IqHXw
DA:92,1,BcU6TMKSDY9SO5UBkCFiRQ
DA:94,1,xjcDBnSwra0OiNOAYAwoHA
DA:95,1,NgVSQjFn3fJzl/Teqg9A3A
DA:97,1,n8pcm9BG5tvGGFrZjGZQ4w
DA:99,1,KbIeMp5D9UVLRmnu2k9rXQ
DA:105,1,HmADa1g/W1C2Vo9Wm4sNNA
DA:106,1,dD/jbPwGhk2r8q6sVHZh2A
DA:111,1,hGi+puImFcevxs7MMC2VWg
DA:116,1,5hZuWPBJTBbejkePVb7IsA
DA:131,1,lwXf8nm3VO5sLmEJJFAtOg
DA:132,1,M6etAAmDHOjSZNFnMoTsBg
DA:135,1,hiRj6FO4SKxImPhX8C7m/g
DA:137,1,h19pKWakJkEX+P+GPqgL/g
DA:140,1,HmADa1g/W1C2Vo9Wm4sNNA
DA:141,1,3v2oahI2IrzU2RdcKZWQsg
DA:144,1,HmADa1g/W1C2Vo9Wm4sNNA
DA:145,1,AO4JwnuQQcx8fKEAQUES3g
DA:148,1,HmADa1g/W1C2Vo9Wm4sNNA
DA:149,1,bXBSEoSfOXMuVAyW9/ejPA
DA:152,1,HmADa1g/W1C2Vo9Wm4sNNA
DA:153,1,a/vsn2lv+Q3RBMMV5fLg7A
DA:156,1,HmADa1g/W1C2Vo9Wm4sNNA
DA:157,1,iCu6n+5o5L7+FRj0uuxyXA
DA:163,1,iJAGj7lTxmHBsPcogWTlvg
DA:174,1,EgoBjiCxie4aWaPOB/92Mw
DA:178,1,Gx9GwiFX3kaxguJFNRKl+A
DA:193,1,lJJEMhtaDjCm/3oNyN8nvQ
DA:194,1,5d912Q8/pWWfPiznwsH14A
DA:196,1,dSbZovF/2sjqQt16i5xhwg
DA:198,1,4LgMgWBGno1n5MNJ8WRFsQ
DA:206,1,fM3JvYZVvr+xpGIfGZFUGg
DA:211,1,HmADa1g/W1C2Vo9Wm4sNNA
DA:212,1,3v2oahI2IrzU2RdcKZWQsg
DA:215,1,HmADa1g/W1C2Vo9Wm4sNNA
DA:216,1,3sgEUsbQqDuS8TFdLAVObw
DA:219,1,HmADa1g/W1C2Vo9Wm4sNNA
DA:220,1,PM5uiNHEg2q/AN1xU5A5ig
DA:223,1,UUxPMPDbQCc1nVwozNCoxw
DA:226,1,HmADa1g/W1C2Vo9Wm4sNNA
DA:227,1,iCu6n+5o5L7+FRj0uuxyXA
DA:233,1,HmADa1g/W1C2Vo9Wm4sNNA
DA:234,1,gI+YemF6MuOQ3Pkx1IqHXw
DA:238,1,HmADa1g/W1C2Vo9Wm4sNNA
DA:239,1,1JxE5MDAYadvJEPxWQ2DVg
DA:243,1,ESSqHVlyCmN5z0xsTIAOUg
DA:246,1,BJDPpGuEsebALgfSnVaCeA
DA:272,1,VitmcD9Q4D3MLGi/PEaMYw
DA:274,1,InpNiI7/DJ0cyAKZvWIFfQ
DA:301,1,M1PxRBbO5YFINBVhUbMlsg
DA:319,1,HmADa1g/W1C2Vo9Wm4sNNA
DA:320,1,7FX1qAqtaHDXcsYvWDeIhQ
DA:325,1,QhWxuwQgT2O1z03QzvAjRQ
DA:326,1,Xo1ml1B+5AWUKoUNmo1vsA
DA:328,1,4LgMgWBGno1n5MNJ8WRFsQ
DA:345,1,C4KZKHVVac+/fd7ONRbxTg
DA:381,1,jQtM9bl+OLUch3PvLmd4Bw
DA:382,1,+towPkNKgtEZOFy2nlaB5Q
DA:385,1,jQtM9bl+OLUch3PvLmd4Bw
DA:386,1,Up0gZhNx8D80+3rI3QYczQ
DA:389,1,JzAMKUfCDAizkNC15+qXfg
DA:397,1,TLp1GrDfpRsNJ7dvE8tzPw
DA:420,1,GZEKwxF9A7KXquUu3Ry3RQ
DA:442,1,416r3Zyd+Dt62MFgAXd1Lg
DA:445,1,410Pc4wSOYHW0JaIBLC2yw
DA:446,1,ct1MjqG5yke/tc97NavGAw
DA:447,1,07Ob77PWGRMhHAbSDkJ7vg
DA:448,1,HslAb8n2terWxtfHfq6O/w
DA:450,1,pJ7pGSaHaTu39mr2UL981w
DA:452,1,vMIz+45WcRFkejaFWzZWUA
DA:453,1,Tq38dcaadlKkADsYPxmNgw
DA:454,1,lrwhqQvsNSaKPsv3I9d2kQ
DA:456,1,4LgMgWBGno1n5MNJ8WRFsQ
DA:469,1,Nnqu9X+lU2lagW39QNhFWA
DA:470,1,w7Jd+shwcG/1icjWOcWHUg
DA:498,1,Nnqu9X+lU2lagW39QNhFWA
DA:499,1,DpXWntDSBOLId4ywFlIA5Q
DA:515,1,Nnqu9X+lU2lagW39QNhFWA
DA:516,1,d+ofKt26oFuNSG98MzxnHA
DA:537,1,Nnqu9X+lU2lagW39QNhFWA
DA:538,1,RGiy68SsK4kKw8ANYU4+jw
DA:542,1,ObzLtW51K8G4Te90/bwYhA
DA:547,1,HmADa1g/W1C2Vo9Wm4sNNA
DA:548,1,fji0P/cXyEUip59rPPVIDg
DA:555,1,HmADa1g/W1C2Vo9Wm4sNNA
DA:556,1,1E2+kjryutNFnaBb2D457g
DA:563,1,HmADa1g/W1C2Vo9Wm4sNNA
DA:564,1,Y6MoDsBGZunq/eWO6dJyvw
DA:571,1,HmADa1g/W1C2Vo9Wm4sNNA
DA:572,1,p4FjpQ+wfoE/OHCLGY8wHg
DA:579,1,HmADa1g/W1C2Vo9Wm4sNNA
DA:580,1,lU+eHhO9LKr1/YXbYi9UHw
DA:586,1,TFs90eHD+NMRAwOpwneKIA
DA:587,1,FuFO2kzdxjuRcUlzYRH1nA
DA:590,1,UUxPMPDbQCc1nVwozNCoxw
DA:597,1,4ABs91CJ0K6kve1CmNK7zA
DA:613,1,Pf131UWbBH5eVreUtcZgGw
DA:622,1,FlLLZxoDeUcxpIFwaev7qA
DA:633,1,vNUJOvv8leyVcZ/fhwyymg
DA:703,1,mtHSRhRdGWhf49DBohM2UA
DA:719,1,ct1MjqG5yke/tc97NavGAw
DA:720,1,0nW188SViZ9gX6VHAxla0g
DA:721,1,Hv8Dq+4PpF5W9ry1DWJS6w
DA:724,1,JUKHuGio+qKQm8td5+Wg8A
DA:725,1,nfEu3u+E9l3nKg3AYh3RQQ
DA:727,1,HzmD/N6cfREOpwNShE/Veg
DA:728,1,Pltfy/nBuB0J804tDe10Gg
DA:729,1,eJl8qL9HFk1GRxKpBbEf0w
DA:730,1,mfYxMKrXLi3K24qWz1CiBw
DA:731,1,gbiN9AFViOdTwMhHdfSjhQ
DA:732,1,uHkIMMcthqKfH8K8qF5xPA
DA:733,1,gi/RI/6LbjZYW3FCkH7WxA
DA:734,1,6tEKUEGKJxHD0Sw51bYI7g
DA:738,1,DYUw+g6xRmxAFu4JI1glVA
DA:753,1,dp3q+9Gs7ukvF4KdpV/5Lw
DA:759,1,76o/jlNVyrXta9uwUnMPcw
DA:767,1,8Y54Z+IFQtv0GAmSs/sCRA
DA:797,1,gvtDTgw8TDGnOw69U6oGFw
DA:814,1,SqtQEOIAHSrlkE6IWvW2lA
DA:840,1,6SW5TOlLwK3yGm0Gwqr4fg
DA:880,1,ELqHyVsrvGnZzo1wOAXdAA
DA:890,1,6W6W7M06pIMB7jZAPnXQDg
DA:919,1,fdm+UhLrgo0U+XuJmhVLkg
DA:961,1,K3Qt7U1DQy8KOCt1vuW/0A
DA:1016,1,ihbuCMlh/MGOq1h2oq+4yw
DA:1017,1,MoB7eN1eL0T2eKZNAAwhlA
DA:1018,1,M1PxRBbO5YFINBVhUbMlsg
DA:1026,1,UUxPMPDbQCc1nVwozNCoxw
DA:1029,1,kvQw3mxviECLEEd62pjCOA
DA:1034,1,ihbuCMlh/MGOq1h2oq+4yw
DA:1035,1,fq53bSZ4RARo5z4vSXG10g
DA:1037,1,n8rLoHXxvBDa+y/P/dOjLA
DA:1038,1,L3XW8v11ue+zHfyqPHTt7A
DA:1039,1,psqAcxemBBhBumcmCdjH0Q
DA:1043,1,MJ4qPepTH/3gxxfzRRsixA
DA:1046,1,kvQw3mxviECLEEd62pjCOA
DA:1052,1,ihbuCMlh/MGOq1h2oq+4yw
DA:1053,1,8Wj4ypiY3zChjuDEZHhzZQ
DA:1054,1,Yqw7NWRHdYyXniMunaK2QQ
DA:1056,1,4LgMgWBGno1n5MNJ8WRFsQ
DA:1070,1,kvQw3mxviECLEEd62pjCOA
DA:1079,1,ihbuCMlh/MGOq1h2oq+4yw
DA:1080,1,VVcaTlt2XMAH5rXb5TdxTQ
DA:1081,1,n8rLoHXxvBDa+y/P/dOjLA
DA:1082,1,L3XW8v11ue+zHfyqPHTt7A
DA:1084,1,kvQw3mxviECLEEd62pjCOA
DA:1089,1,ihbuCMlh/MGOq1h2oq+4yw
DA:1090,1,lL6G6ljSS3ZEpjplf0XP6g
DA:1091,1,2+bmLDi5Y9rq6EbNRX9b6Q
DA:1092,1,D4ZqEBh6gw63GT+pHqDXpg
DA:1093,1,jbY2luwWSGPXI6GP0EpAXA
DA:1095,1,rh/qUp/E9Uoahgcd3xhvVA
DA:1097,1,kvQw3mxviECLEEd62pjCOA
DA:1116,1,TvaTD/7GhdWfxyf+7HM05Q
DA:1117,1,XxC5jP8bTEujl7D/VkrBcg
DA:1123,1,ihbuCMlh/MGOq1h2oq+4yw
DA:1124,1,TwhbFh6Gs9TseRN8kTVr5w
DA:1125,1,olqncFsMRQ8cFAUeB1IH2Q
DA:1127,1,VBy1i+ebAux41rppixSP6A
DA:1129,1,kvQw3mxviECLEEd62pjCOA
DA:1133,1,ihbuCMlh/MGOq1h2oq+4yw
DA:1134,1,t4Ez/yUZjzqEmC3Rj774Aw
DA:1135,1,olqncFsMRQ8cFAUeB1IH2Q
DA:1136,1,sBF7droUhQpRObpp+FzHgg
DA:1137,1,wCTKmWOnFCEU/milKIHy0A
DA:1138,1,WEJlXN8l2vczfhAS+oN7VQ
DA:1139,1,jbY2luwWSGPXI6GP0EpAXA
DA:1141,1,NbxE0fFneA+s7+11/ol72w
DA:1185,1,kvQw3mxviECLEEd62pjCOA
DA:1207,1,M1PxRBbO5YFINBVhUbMlsg
DA:1213,1,ihbuCMlh/MGOq1h2oq+4yw
DA:1214,1,4VRkekX0BEYSzKHay3iafQ
DA:1215,1,9cxVj6mYS4AhmqOeECBM7Q
DA:1216,1,/V71bqzZQ4IGrRxZSZUEXQ
DA:1217,1,JZ7epIdTylOBYsuUsdzq1g
DA:1219,1,5wZOwzPFHe9SAa8oXJUTRg
DA:1222,1,kvQw3mxviECLEEd62pjCOA
DA:1233,1,ihbuCMlh/MGOq1h2oq+4yw
DA:1234,1,S8omVlVw9m/5mAlSs2v01Q
DA:1235,1,olqncFsMRQ8cFAUeB1IH2Q
DA:1237,1,cHSNVeHrldDck9ubYSs1ag
DA:1242,1,ihbuCMlh/MGOq1h2oq+4yw
DA:1243,1,w5+79vRXgHpvGeqUl85xvg
DA:1244,1,SsDvzjwqrxOl9HBOn5Nn1A
DA:1246,1,kvQw3mxviECLEEd62pjCOA
DA:1265,1,U4KptKb3HPQMTnnAOLSOlg
DA:1275,1,1Q3YWxMcLECDtLQOKBlezA
DA:1276,1,vVWuv+AoBIDNvYwhnl4EzA
DA:1279,1,B/Fo9U4/nMeRNS1JjGZVyQ
DA:1280,1,cb5BVPck6wRTSPd9ehR0mw
DA:1296,1,dmZn1ij7uXpjA8QR0Buk1w
DA:1304,1,dMRsLC1EzaqJ3hH6c6Gt0w
DA:1306,1,9rIxN3kLaxq26z8PTuEfcg
DA:1307,1,wGBKfRsX59OHI95YNzp0JQ
DA:1308,1,xRaJUi871pJK98lKFlQE4g
DA:1311,1,EmfopKIcA8JCi9/c0zejsA
DA:52,0,4hiO07btDkJ/k+Q66++sQw
DA:53,0,klcAxG5enRtYrfPJGWboqA
DA:54,0,jfyjEoHTjVh+xcIp9LzATg
DA:56,0,noJgUby7xyoSQwPuNiUrqg
DA:59,0,uqvFcvtdkWOQK2/vO8wICA
DA:75,0,9Tvmcm8fWKoB6RLQs00o8A
DA:86,0,bpH8sxZxSIJICB4mcOIl9A
DA:93,0,6FgfEIGN8WM7AbfBHDP94A
DA:98,0,0YL4tvXuQ/F4DEAYtUngAg
DA:100,0,Da9IsG3rS+DktGB2XsJipw
DA:103,0,+nq/YRAhleGpHiFlkg17Yw
DA:108,0,mYhRD8lb7znDuCK5NYmNHA
DA:109,0,/hkxYcFLy+OnMhcFWLNmwg
DA:114,0,dGBaYGs7+Udi4grrNljEfA
DA:123,0,mNQpVVlNmsfQjqw2X446QA
DA:124,0,fK17H3bR+95RXt9ElKoegw
DA:125,0,NPUcMLdra3HqD6oex5t4SA
DA:126,0,HI8K30bUvq99zqPaRmBnCw
DA:127,0,Frgn42m1iJ1VfD4Mn8wH3g
DA:128,0,5EloHJam5R6gXqaUlJIonw
DA:138,0,sleUF3t7DD28Gqcp3bbAHQ
DA:142,0,gr5vKHpHOhIOCyVAsIzKDA
DA:146,0,TOMadiXtwW/1rtA45gNXYw
DA:150,0,g2pHzS98DAXI6NohzDvjRw
DA:154,0,keD2KmUvpskls2W6GZ/q/w
DA:159,0,bBnJqgogzwM5zm/mm5HhXw
DA:160,0,e71u0LDU4xwtrvpPUCWifg
DA:161,0,3CIqLxJeLzO5NCicvkT5zw
DA:170,0,QeOnVEdX3UoFmB245f0hiQ
DA:171,0,5lxL1nuMXeh6rPUQ3JwYMQ
DA:172,0,+RFctClTYAbRPfXtD5qfmQ
DA:176,0,WmDzXgw3SA/Rb0xqdcCn9g
DA:184,0,1regSV5gLo00MlEuYJmZ2g
DA:185,0,dZDyoBrwX6HySwQO5UO1eA
DA:186,0,xvWIcpcyNr0gyGcTkdMxXw
DA:187,0,M96+BI9eJtrShulwJRSHMg
DA:188,0,SGwhj9XRnw3+5Sz+mS7dkw
DA:189,0,49Gr06sQMm6FHDYhPySi3Q
DA:190,0,Nh7s3i7BfM7oB40nR/igAA
DA:203,0,vHmndIxEq8/tqG1tUDPcOw
DA:204,0,baRLJkCubRhqm4Xpk+ZByQ
DA:209,0,wDXMIl6DajXi+09HuszuRQ
DA:213,0,lSiAcc+b7SRjB38y3tBtfQ
DA:217,0,5ILxpNrxXCFIWrAWRo6LVg
DA:221,0,AbspvJ6/m2s5rH9rKelnrA
DA:224,0,dmAtQ9/FDH7+ZUttKUAshw
DA:229,0,Yg1HMSJgBMWJRHyMCK031g
DA:230,0,x4MMx10lcdZ0/KcI8T5g7g
DA:231,0,hmbVf+HFUaLPcFYZpH7ytg
DA:236,0,Pykm7z1Amze07esbeiCryA
DA:241,0,GKE/4W+Ah2phmy8lOIVjSg
DA:244,0,qHnLrCnjfqqOsLg2RKcEsw
DA:252,0,Yg1HMSJgBMWJRHyMCK031g
DA:253,0,gy4Uc4IoTsM16VtHJt0/vQ
DA:254,0,Dwjd91USmMoWKfkSCVg/jg
DA:255,0,xaZkocwGdRwkP81773I7XA
DA:256,0,tn/ZnNCmJKaBRRNRUCP82g
DA:257,0,V5pg4NlUWVdKqqZ0Q0Bs4Q
DA:258,0,PV+H5GyyDkCKLcwH+47oPQ
DA:259,0,bPg0mPaTBI9MBarB0S6AZw
DA:260,0,YayfuMSHZN7s/6ZxnG5H6Q
DA:261,0,xjcDBnSwra0OiNOAYAwoHA
DA:262,0,bcYNuaN4scsVa4ziedi+6w
DA:265,0,ulld/N/+8u8SdNyyvmLsFA
DA:266,0,PwkDr+1nuxiCvvSYGeU5pw
DA:268,0,ZMtGinplCtH87JIpDrpXrg
DA:269,0,WzCe7IgRZMawUyqOD9AEdw
DA:270,0,z60hWOWv/Xd0Ez746M6+Ug
DA:283,0,uV+GRztl0kBs/HhwUmrR8Q
DA:286,0,FHbB5m+nyyMUg2oDC9/f1g
DA:291,0,xvWIcpcyNr0gyGcTkdMxXw
DA:292,0,9j3+I7hJf4t+D4CKYYlPZA
DA:293,0,Pkwsntebe693LwjKD9saWA
DA:294,0,dquiAd0b6I3SPuVFJDK09w
DA:296,0,pOJwuGdEbe7GLbMcySd1QA
DA:297,0,nE0i7yilE2HZYOXk1GNSZg
DA:298,0,7B0QP7+FEo37w5qPK2FCUw
DA:299,0,DNq4DgeEVyFGJ4XX1+XcbA
DA:302,0,8eZdVFF4f9EOFT0lEDtr/g
DA:303,0,xjcDBnSwra0OiNOAYAwoHA
DA:304,0,bUEyWaV8TohPBLQC0Rvvuw
DA:305,0,SkO+HohD3ftvzHDUY1PbjA
DA:306,0,NvVxGrDiJsGH6QhWsv4EYA
DA:307,0,ZcrIMw6vy5K6iBlfTAMjLg
DA:308,0,kYyrphOBZg35r3GF+xiBeA
DA:312,0,zZhOWbkbciL1GG8Kh7Wrag
DA:322,0,Z1pe5ZhW/NPtvwj1PfzR0w
DA:333,0,Tq4X/HOwtuOjon4f8mZEqg
DA:335,0,gO6s9fu32L2bhi4zSgJX+Q
DA:336,0,/3438sjxnueKjk3dzzyQbw
DA:337,0,PnWSMnuDqM88V8MSV3h6Ig
DA:338,0,Gv8fQvOqdoda3XnpdN4JMw
DA:339,0,tu7fUJzEwoS1k0IQOFnwKQ
DA:341,0,kVrTdMNlq/qJ2mxbv488Lw
DA:343,0,Grnf//OjgkzaUaqafl2hpA
DA:361,0,uWjYNcMB1B5IYy/xcz4r/w
DA:362,0,2RW+oiV8n64BpafKpEPyfQ
DA:363,0,nAeXxhWdDwKQtsXI8znOvg
DA:364,0,T6VyCi7dc9LCEjVqlz1phA
DA:365,0,RwOtU+jXcC3Cn6gqllxJPg
DA:366,0,fIg7FbXx+YndgiWZQKMZLQ
DA:367,0,HRmYgrUgQRrlHMAQ7gWdXQ
DA:368,0,gq070CQg8FE70uVN45Njdw
DA:373,0,HRmYgrUgQRrlHMAQ7gWdXQ
DA:374,0,o91Tilvp0OLnmyXp+3JcVg
DA:375,0,HRmYgrUgQRrlHMAQ7gWdXQ
DA:376,0,1mRcttR6Jyth+z1LLUXyDQ
DA:377,0,HRmYgrUgQRrlHMAQ7gWdXQ
DA:378,0,S07tu/ODQFoW5EhJBJHNxA
DA:379,0,ackOWdJx2/IgtB/ELuvQJg
DA:383,0,G92+VfUfow0+s71xT4Fn2Q
DA:387,0,G92+VfUfow0+s71xT4Fn2Q
DA:392,0,PeyVNr+mYO2pPg0WdO8KwQ
DA:393,0,VWSzZB6XbDMguNXI7YnQtg
DA:395,0,PIt9BS24jVbvnCR9qPTKNw
DA:414,0,6w/MFDbqq1pWSkQ/5ckA+A
DA:415,0,C4hH3Avvij76eN8K5AVJUw
DA:417,0,uxGo3WUF4lEUKdBggr1Q1Q
DA:418,0,p4XtvKpaQPhAytrT/xdLbw
DA:423,0,notgsrzkc7g4TpV3jOtL/Q
DA:424,0,DKoBlXORDqxIZxMCj1lDeA
DA:429,0,yIWEEyxtcSkqYLOlJ2oenQ
DA:431,0,eLQpB5s0SYt/A9muCOe8CA
DA:432,0,ZwjXJytTwsqd+anJPkZrTQ
DA:433,0,bAi6IG59YhYf3z2PFRFS8w
DA:434,0,NMZGALZlN4DzB8yb9sQGFg
DA:435,0,EWA7qse5nxScXQxOYFOBsg
DA:436,0,mByj6coHFbi4gYpkTNd12g
DA:437,0,6p/mSkF8ez/zEyNaAr5hTw
DA:438,0,dLdLEDb1ngcowte1YEYtvg
DA:439,0,apkQQtiiE4JOuDIBvLOUjQ
DA:464,0,zXLaSvmFK7/1lqyNvuG1vQ
DA:465,0,rPfKyvNXM/fC8dCIVaQobA
DA:466,0,IPjg65NoO0Sug83Qxtdt8A
DA:467,0,ikX7qJ5rr0vwQDr6YIMozQ
DA:492,0,I4Uej840plwr7ciJyvDTQA
DA:495,0,JFAWVP6tpNgq5hEZKUO0Qw
DA:496,0,JacHq8NcKsvzNeXICEmESw
DA:505,0,+LNqNlqC1MqgGCtrd3NQBA
DA:506,0,GvMuQ52TLhAB7Malju4fRw
DA:507,0,eH3rAEz6JtpEjxOq0ODCpw
DA:508,0,F+tlPrAJuKGeBE1WcWpnlQ
DA:509,0,yIgmTkeqwxYv45yzQbmbow
DA:510,0,5sXW8vJwJGfswo6zrdLgfQ
DA:511,0,Fake5ece1FS5R0JXJmY18Q
DA:513,0,3DWzvHX0hNxRxahiiHolHQ
DA:530,0,5cMcJOr7N+oS3QDyAA1vbQ
DA:531,0,hQL7CBMZf6LbFjcfA/8XCQ
DA:532,0,INPB8aAAlrxO1OCrNgQyzQ
DA:533,0,vDlE/ePf3E5q6nV+7LThag
DA:534,0,P9Ixdrpol5ujdpvcO+Qo6Q
DA:535,0,Rauyk8kMpcS5JeizU27+mg
DA:540,0,TmB6KiFhEjlwoj2Luju1vQ
DA:544,0,JGDLQIH2yDu6RmzpPYb8Dw
DA:545,0,1PZ5YR4YmY55OiWu4k2W2A
DA:550,0,I4Uej840plwr7ciJyvDTQA
DA:553,0,PoJdZrabx8vcdAJ79xJh8A
DA:558,0,I4Uej840plwr7ciJyvDTQA
DA:561,0,b0WbtgXX0oE3tXdc7mNIVw
DA:566,0,I4Uej840plwr7ciJyvDTQA
DA:569,0,PDjj4GobyBfHk4gG7Ml/BA
DA:574,0,I4Uej840plwr7ciJyvDTQA
DA:577,0,Qtod8+zbuZn1dM/kGWhevQ
DA:582,0,KymVYrCJXXzODnOzbGxo6A
DA:583,0,MHqCwSZVLn6VGk2r80D4+Q
DA:584,0,A6/y4xMKyYPg9gKFiPQLkw
DA:588,0,y9brUg9UlGOIkfOE1iPoTg
DA:591,0,gMyFc8m2gNViAZ4DY0Dblw
DA:592,0,4o/3tFkHBUIM+EbOKr3T7w
DA:593,0,MzOxnYCUdiYBzpt/uVUzOw
DA:605,0,FL+K56pkB+mxSVWN2jkSww
DA:606,0,VPhBfQ1K77RU12RCYc7X5g
DA:607,0,YGxFNfAPuRWzBZArmMe8Wg
DA:608,0,ADa5sVdyZaER0EL7+FNQlg
DA:609,0,XV0Yx4nNUc9KKVemNl+3cA
DA:610,0,QD+ovahekmbsoA9vmYQ3EA
DA:611,0,Jk+IPKjoNbDx+9tk0zg4rg
DA:620,0,737yWPHzFT856xZyBQI3Fg
DA:625,0,jc5EorjFqzfJMCwJF2XW9g
DA:626,0,eHOf9y3116reOqT6tHYzzA
DA:627,0,hEEp3u5SVY1v/0wQtrnElw
DA:628,0,L9VmcimqBaCdBC8w1OwP1w
DA:629,0,81C2XV/0w3/3f6D6tOmouw
DA:630,0,BQuMN/4lc7lyMMua1PBP7Q
DA:631,0,apkQQtiiE4JOuDIBvLOUjQ
DA:680,0,wYi7nzMfuvJYAQMl84nfOw
DA:681,0,Bzj1OVbNYpjTWjQ9SMFABg
DA:692,0,XcHp7Q80nfO9JCKK6dAEFw
DA:701,0,lfmdkWlrEt9J9jHsHvDR0A
DA:709,0,wC2QIL3tK09oqKlevxJ13Q
DA:710,0,6Tp0FTvcVqbe+aVH0lzNUA
DA:711,0,wFjHPpb3zhOHsNjW9B0sqA
DA:712,0,kAg/kef/iN4xCy+dkfPzbw
DA:713,0,RcvpMnw84uwerGE3FispMQ
DA:714,0,dA0rtRo6fpwEXQmByJSHOw
DA:716,0,eJ6zrxnLWn/k18a2vHOhRA
DA:740,0,xjcDBnSwra0OiNOAYAwoHA
DA:741,0,jySPwhSvKpT+es8HPl6XcA
DA:742,0,SkO+HohD3ftvzHDUY1PbjA
DA:743,0,NvVxGrDiJsGH6QhWsv4EYA
DA:744,0,ZcrIMw6vy5K6iBlfTAMjLg
DA:745,0,xvWIcpcyNr0gyGcTkdMxXw
DA:746,0,zsD/8S4rbV5Ktkm6lSQHfA
DA:747,0,ruqxQL+Vu17LoCHF6AIRuw
DA:748,0,4KPteOV7m05nTadkfTKqYw
DA:749,0,7ODpXiUk0pV7s3smWg1OUA
DA:750,0,7o9zkD7IeYVq+Os0gwksgg
DA:751,0,MK+AHXJqX16EDADjHaCopQ
DA:754,0,ZkxsdURXYPw9KHZwK3kalw
DA:755,0,+bie4TIEHJU2D7Fbd2a0wQ
DA:756,0,hAVwX2Sqz89djMaAyALxzg
DA:757,0,ieqz3A7lXYAS92PIsXaqGw
DA:760,0,40xhm7tUDyjhWRrLNWWeBw
DA:761,0,KKIkvTYJ5R0ocmclH3EWPQ
DA:762,0,A3ziniIi8iLcs2TPla+Vdw
DA:763,0,jjddTFlEDK0vjhFwkjsWqA
DA:764,0,oMqMywtf0TsBANkoSGOL7Q
DA:765,0,apkQQtiiE4JOuDIBvLOUjQ
DA:775,0,vnpX1g8RywfVeukguS5fqA
DA:776,0,2TP3KDVWtQ6BicUvRaw9DA
DA:777,0,RuzvLnNZcE5C5GeFrExalQ
DA:778,0,KMbgIMd6n8DfztZ2R1jaLw
DA:781,0,9ae4sMsreU/MRWqQxfq90g
DA:782,0,++REfn/UET25d/irTRDAVQ
DA:783,0,dnragPeViGnvK8pBEqkdhQ
DA:784,0,dNijrf0Bsy0p5nyfu4x0FA
DA:785,0,bgYOha7AJPkZdOY9A/Iyqw
DA:787,0,VPK2wtkOFuK+VEvTIP/tVQ
DA:788,0,naGUtnrb2hocSrsFAAPyfg
DA:789,0,xQAKz9yFiXcHcPvg515X4g
DA:790,0,rGNQvTRcj4WmPIMspxzHMA
DA:791,0,naGUtnrb2hocSrsFAAPyfg
DA:792,0,O8sl7KGrXjjOEDlGNLl2xw
DA:793,0,FS4lYH3iyqXm5+qOE86iDQ
DA:794,0,At9cyA/5jLhkDU2bBBdmkQ
DA:795,0,UmVmQa+F2TYFyZuI0aTMqQ
DA:803,0,vnpX1g8RywfVeukguS5fqA
DA:804,0,ekRVXiF25Hzf8PgTD95MxA
DA:806,0,SMl1WcCQ8BDMkWNB0IwPcQ
DA:807,0,tUrn+yoZMvXHP9O38dAVkQ
DA:808,0,esE8SrLdM1MkQSoRiR2eQQ
DA:809,0,MSDu/UQXRywz9CXVDpbc7Q
DA:810,0,5eu5xRnrbj490sLqn9W5Bg
DA:811,0,clziUiFXrMICyBsHnrPZSA
DA:812,0,UmVmQa+F2TYFyZuI0aTMqQ
DA:815,0,Yj1wxfrGpezBUei7advHQA
DA:816,0,odMovVWUQCq979kxm5FYWA
DA:817,0,EfTwi5j8dH6/5Rf871PYcg
DA:818,0,aIVd+dy2JD/8fg63g54YxA
DA:819,0,2S9508Sn0VTtzWUoV4r5uQ
DA:820,0,XOzzkS/o/f+hVQNYmuElfA
DA:821,0,ofoxbeHaidVh9JYp0g1PuA
DA:822,0,x90O1pTR4/20Mzmzj7UMhg
DA:827,0,8uDnATuqEfC2cwUYAwY68w
DA:828,0,lExoEFKe8N9He97R8QCSWg
DA:830,0,v7782sWj6LS7X2+67oAztQ
DA:832,0,7O8zbueE0/xILq8PXsSZRw
DA:837,0,1vIqixv/hspTc4TU7tieJg
DA:838,0,apkQQtiiE4JOuDIBvLOUjQ
DA:845,0,0kjXRepBOwVOxWyPJZZPqg
DA:846,0,+qXP2XGlPaofnVw42hKzyA
DA:851,0,wq6uWP0aDrZFCOPF6pXUGQ
DA:852,0,A33FKbbok/IHj8CMxapjiA
DA:853,0,gzghq9yiO40h/mbv7fYulw
DA:854,0,2wnJmKD69X6GyodosBnGmg
DA:855,0,fBLB4rF2IJePOtUxs2liFA
DA:857,0,g61Frio/ExkgSbIaCVkP3A
DA:858,0,/Oww1dUnfSVYA/mChb+4bA
DA:859,0,V4jfjMoJ/m+naK9TbErubQ
DA:860,0,3S23MV+klyDFHGxFg1gHdg
DA:861,0,kx8R6x0QwNMHGRadmIZZMQ
DA:862,0,YS/vJL0xBGIeDfUyoZbrDA
DA:863,0,ZC6e1mek8BsYRKRoj7GvsA
DA:865,0,Oj7ZrkEGAqR+In6HNqNyGA
DA:866,0,ziAMSEFU1JFaiGO7I/KisA
DA:867,0,aR9XZ6Ky8y2xJYAR5kfSbw
DA:868,0,HghlATHmslrPOXJR17bkYw
DA:869,0,lsTV7RQOYiCRSxYGIuUSCg
DA:870,0,OiClUm834hmFzC+9KyC1cA
DA:871,0,nKPCEO4RIA1EmMq/V1paCg
DA:872,0,XVaobx0cSbLFlqLjEQGmUQ
DA:873,0,7Pqp1BstkbKNFqywBxxY6Q
DA:874,0,SAtEoGTpFa5PiOn9UJ6RMg
DA:876,0,XVaobx0cSbLFlqLjEQGmUQ
DA:877,0,Owr2u1QL+xambJvqpZ9ERQ
DA:878,0,SAtEoGTpFa5PiOn9UJ6RMg
DA:881,0,ZCfZqJGJrXmeJOXqVhiLzA
DA:882,0,xvWIcpcyNr0gyGcTkdMxXw
DA:883,0,zBNUYb+9YWEIH8XrfdEYGQ
DA:884,0,SewyNJnmu41RfBBysF3Yhg
DA:885,0,dvO/QrausJm7BnJhm4ogag
DA:886,0,3PiLvIeMTzosjEYVwYr+Ng
DA:887,0,s7y3ayX19a5/bjvPNT4hzg
DA:888,0,lsbWbSwwaycZ3qaZe7ghEg
DA:891,0,9RF3RQxDab/+OLu/ovICMg
DA:892,0,xoo4EyP7wL0eD9e8GUvlhA
DA:893,0,gM1x+Tz8UJ4O4/f1wyz8sg
DA:894,0,EKGHESVVYMbMnc6DDz+R4w
DA:895,0,KcYEsGz73MHYEJF1ueoMPw
DA:897,0,5KrnhUzzQF6dJA/PFac5ZA
DA:898,0,eaCD59l9Em+WECsTsx3q1w
DA:900,0,0hGlkUHmZmJL20MVWNixMQ
DA:902,0,hRfArlETYkY2HtITY4Hrhg
DA:903,0,OygW8F4OW7CEw8kubeabWw
DA:904,0,tPfoCLEGx01ZcSD1gzcB2Q
DA:905,0,kXAZW/vhI27lSQ4wQ1WArA
DA:906,0,sVFQzWuVLFoxWTW0OI2iAQ
DA:908,0,nt8K4ogsS6jzo9z4srd6Jw
DA:909,0,hG6qhPd5XjJpz0JcRK8a2A
DA:910,0,mqK0S/s0D5lYmfCWC3oUbA
DA:911,0,45rhN/aivYe3/MteNrwOPg
DA:913,0,uLoR8hTwL1RWrz3iu63UqA
DA:917,0,ryA3tybsxpkTbVRo2pDr5Q
DA:934,0,xjcDBnSwra0OiNOAYAwoHA
DA:935,0,7g5QOigb2P41OrE37oRQ2A
DA:936,0,cCzhnT+1tmGi11b28Pmfwg
DA:937,0,8wRkcxgEzfWjTeb9TJa0NQ
DA:938,0,SrJxipbz2VcrwgJz7zx9rA
DA:951,0,kiq6Ws88T2tzQ9ys0eusUA
DA:953,0,Lhv0s8jti2YcdGNsrYvT/w
DA:954,0,saKZ4+/oAiZQv/Y2YRq8hw
DA:955,0,Z8esbbeRuxuyNf4MLpMlgg
DA:957,0,mNp3I3d2nS1rfy5eZXff9A
DA:959,0,9Sy6uCu6JASUcb3abbUG3g
DA:964,0,ul+dV9HbRxYUvEKZhLPTeg
DA:967,0,9GKsAOtw5InwiKiVqAbhHg
DA:968,0,S9mJPd6PSd6QagCF9sxpIw
DA:969,0,2W32YghofyBfmtAJSXtrsA
DA:970,0,A43n1cBZcl3//7DItyI0pw
DA:971,0,yh3onPaDBJf2Gqe5+fXWaA
DA:972,0,yc9Feja4U7yk5PPewc06gg
DA:974,0,FlHjfI5QMAgaLHfEF446hQ
DA:978,0,rmXFsNwrJUDnDHfawly9Mg
DA:979,0,h90gC3hShZH7eHDbNOerWg
DA:989,0,1UQxeV+WHBDgQRtsM6Regw
DA:990,0,mygtm6z65P2WhOpY1YfwHQ
DA:994,0,lRiVUEIbAuON9Si9Y8TChA
DA:997,0,8rsYMXOa51/bi9JfAbdv1Q
DA:998,0,pkcrAjK8QZZX+WxDYcMo0g
DA:1000,0,qKfeaD4cZHLzESLhgA6tag
DA:1001,0,iNfzG6AUYVIaEYOuxCoTwg
DA:1002,0,6jlAZCv8zjuRQuq77sG+YA
DA:1003,0,AbG4t/8MIdqcFJlqLxiP6w
DA:1004,0,A5mEjdFdMnwzkdLOxB4lUA
DA:1007,0,Gn81UCAtiNAvxVkZbuXBnw
DA:1008,0,6jlAZCv8zjuRQuq77sG+YA
DA:1009,0,6DRIujJNz4P2IcOPSHu3Iw
DA:1011,0,MjZDyMdOJly65GxhIwr2AQ
DA:1012,0,ERpzQXj/wB9fJQ3LwCGTQw
DA:1013,0,IPSJwsH/JAbQBndRnQsOuQ
DA:1021,0,kyzZgA/T/QPCDypVT8LMEA
DA:1022,0,DwwtyNzXMzAs9uVvNHh4mQ
DA:1023,0,LIFSkJ+bfCVarych1DiiMA
DA:1024,0,NPYG659bWEdnP6ATsXr/bw
DA:1027,0,5A+JmK8uiJdQDcOWIEvm6Q
DA:1030,0,C2u0psue1q2uoOOWEQilDA
DA:1044,0,sFGxhG9Skk1YhjqTtIj2hw
DA:1047,0,YBSFFLUMB/LeUBFD52bJUQ
DA:1048,0,NZ/ybpGIVcRDIbAdKzwyLA
DA:1049,0,xKA2GXFIlWWxcDjqgNNj6Q
DA:1064,0,e7JGPQ/fHquKSxaFrFV7eQ
DA:1068,0,qtJxXAachbk8NdKggPsqFg
DA:1071,0,HZOrnjZ3fSeLh6+Lt6nv2Q
DA:1072,0,9bYceS9l40DQP2X4GIP+2A
DA:1073,0,4nJ0VNhWphTCvoe8z2wf2g
DA:1074,0,1m+g0gPJ85H4THNDFUfhpg
DA:1075,0,OfwQjR34dJe8dWaPH00tSg
DA:1076,0,hRNhROGu9Ui7j5PFvbvtXQ
DA:1085,0,6M5q3CiCraVbaVy7bCz7tg
DA:1086,0,hRNhROGu9Ui7j5PFvbvtXQ
DA:1099,0,EA6n8F2Y06zSfKKhcpDxjA
DA:1100,0,PXDJAnvyOgP9B/gkSSiosw
DA:1101,0,1m+g0gPJ85H4THNDFUfhpg
DA:1102,0,HBaKqBK0BUwGqCpfC08IEA
DA:1103,0,pnFQ7hpcpFTsl6gqMozoBw
DA:1104,0,Y8oEYkQOmvD87mQ4x00SRw
DA:1105,0,D+AUVEp5jwmNg4l4Plltwg
DA:1110,0,5F/SJcGs7ODwZ8TL4KK5Wg
DA:1112,0,zXbrpP6l9uKWLE9yPJAP/g
DA:1113,0,ajfAAnSecDj6jiKP6QZJxw
DA:1118,0,iowP87fRWc4B4FsXCIeSKA
DA:1119,0,7ZWJT/6Aw2UDKh1ZqkqETg
DA:1120,0,1OJwLcruZDQsCcG/o3m5+g
DA:1130,0,96y0y9PGk59AxE13LO+CMg
DA:1155,0,hZa+WIoEdYkX9YCBWItXBQ
DA:1156,0,MnzpXe1veqpfA7nIMRo0OA
DA:1161,0,4JnTAd8kN2OOA8McavEfaw
DA:1162,0,PvyNYQL1opW3ZoLckls1mQ
DA:1163,0,YKxfRIMXj5GhfRep/eS26w
DA:1164,0,KE7EBTF+pz+hJlTuKULqhQ
DA:1165,0,KUo11cN1KDOQFAHpSI0ySw
DA:1166,0,XJZEjF3RtcTDfhOavQqwpA
DA:1167,0,wwbhryy1o1O/Dnl9t815TA
DA:1168,0,6PzE5hC6rAWiyos7vbvPHA
DA:1170,0,LrRKEcV28twl9ONYYtUh8w
DA:1171,0,pOJwuGdEbe7GLbMcySd1QA
DA:1173,0,/NWr84PmKJ/1XGA8Tvkpnw
DA:1174,0,KuT8Cncw9M2D6l56fQNCcg
DA:1176,0,wwOSPHJjHTrVVhQMDj2cdw
DA:1177,0,kSLT2qFj62IVn/6aNAX99g
DA:1179,0,hGwqubony9DlSr+Tg7b/gg
DA:1182,0,HaLPuG1l1i2R5nc7guH4aQ
DA:1183,0,0lWs8R7iFq9HEHuosZvT+A
DA:1186,0,vrkiONMeyzrS12n+LSZCvQ
DA:1187,0,aXz9XLwqo0oonNGD8h1DYA
DA:1188,0,EXpr+DeXHXTDLj5wYu5mXA
DA:1189,0,9BwgKnKd1HSm8NHR8XcumQ
DA:1190,0,XBjHCze5eppR4rFtjALe/Q
DA:1191,0,TicFmSRXaJ1MV+74DHIyZg
DA:1192,0,MnzpXe1veqpfA7nIMRo0OA
DA:1194,0,fT8lL5s1GSijJ/Otm66hsg
DA:1195,0,NtWYZfm7wuAGNQHQqDwzAw
DA:1197,0,0h3ayvjuCoz+whiGeviZqw
DA:1199,0,on9gNFVGYjBgXIHz/LHj+w
DA:1200,0,a4ulaqWg84q2XySWZpSeRA
DA:1201,0,ndp4w0g02LKYR00huy3dbw
DA:1202,0,TwvMxTJzzmc+xZkTMx8bhg
DA:1203,0,5HZvg92EQ+sRDTg+ZfGL7g
DA:1204,0,1m+g0gPJ85H4THNDFUfhpg
DA:1205,0,YcH7kZrHOQJvTOT10m1N6w
DA:1208,0,zmzP1Pz6cJ1Cajgu2r1g1w
DA:1220,0,dHSBb/v4R6tTUaBPS+fbyg
DA:1225,0,rmMBkqd4mOQRen0/izn6Fg
DA:1226,0,r66tgkVn8yyjOuGTzmnQ2g
DA:1227,0,hUc8IVUnf5wjwqZj5V8dXg
DA:1228,0,d90Et3ly/2R/zG7sWCBPiQ
DA:1229,0,Rr5GQfJd4sReWhqBvP+sdQ
DA:1230,0,iOwk6eBXLatRondX8y3e8g
DA:1238,0,6TIVZevsJkea1Hy0ZLFPkA
DA:1239,0,yOaJtI12a9WYZxTPqzOrGQ
DA:1247,0,64PIl1vA175oHPG6YHrcOQ
DA:1248,0,Z2DjF+zPhAzcs/yeUQAJMg
DA:1249,0,2nVBfhfY3yjjoxF3ByZmew
DA:1250,0,lQWbyg57+6Mx3oO/+m7eKA
DA:1251,0,G2fwhi9rmfUaEfabjf/Q7Q
DA:1252,0,SyhujHlNq9Pg6R0MwppUZw
DA:1253,0,LVtQ6joT6Saq4xrZ208AOw
DA:1254,0,flz/gBZ3wq2D10Ro4nINQQ
DA:1256,0,SyhujHlNq9Pg6R0MwppUZw
DA:1257,0,sk9MO+NWtRp2NYDUKKuDXQ
DA:1259,0,PDPv/aSsvBA1BElwhGWZOQ
DA:1260,0,Ht1X2jcljnd988uCqr4CDA
DA:1261,0,Ni2dpUKbISBnw2CEVDKE3A
DA:1262,0,a4ulaqWg84q2XySWZpSeRA
DA:1277,0,Gslllc4CT2KlYSL3vBbEOg
DA:1281,0,s/ndlNoMXGvfqAcZqtWphQ
DA:1282,0,xjcDBnSwra0OiNOAYAwoHA
DA:1283,0,zK8ryVpcs1jTy5OVYsg2Hg
DA:1284,0,aG8hzM939a6klmerpUAbhg
DA:1285,0,rRFpC63Q9iQ/b/9NkRcJuQ
DA:1287,0,dUveRLCFtCA7QIhsBzcr1w
DA:1288,0,Ht9uNMgKKc7bTzOPN723NQ
DA:1289,0,N8bqMIZks527AtJDNDxtVg
DA:1290,0,xvWIcpcyNr0gyGcTkdMxXw
DA:1291,0,FDEBA6vDuAWDvvU94C/dtA
DA:1292,0,SewyNJnmu41RfBBysF3Yhg
DA:1293,0,dquiAd0b6I3SPuVFJDK09w
DA:1294,0,ZASk0EkyrI4bhsJCjtORzg
DA:1322,0,rtFjKL3u+c6hlSlxbGNYcg
DA:1323,0,ZbjthsPeO7QE7d5sMiUx3Q
DA:1324,0,M6MBP6jZ5VkIY6CLD02p2g
DA:1325,0,W/g8GJDAYJkSSurt59Mzfw
DA:1329,0,afG/22jyE7An4TpWsJMqsg
DA:1331,0,85yylK8f74HeVtT4nbkz8w
DA:1332,0,QHWL6jISGRQUp+3HZn1l+g
DA:1333,0,W/g8GJDAYJkSSurt59Mzfw
DA:1334,0,zQH0JWjk4eq5xGAvL69Q1w
DA:1335,0,W/g8GJDAYJkSSurt59Mzfw
DA:1337,0,LWILTcvARcydjFFyo9qM0A
LF:724
LH:255
end_of_record
TN:
SF:/opt/homebrew/lib/python3.11/site-packages/_pytest/_code/source.py
DA:1,1,6d25OmbaxCZ2NLq20+fvXQ
DA:2,1,o7XN3CMj67n397EmDP0M3w
DA:3,1,nKB1uDuRSV9ptfRQNs3qjA
DA:4,1,ZM+KSS1r9ztj5hPIxphVZA
DA:5,1,aaAPG7jy9GRgr+fPOQGgtw
DA:6,1,uqQzsyLE2snBclOsmsd0qA
DA:7,1,iQjdezGUsqm+TJOadllfLA
DA:8,1,PJI8/uhfYStUhKtgJWP4eA
DA:9,1,jwMghTx2MFkZ//pDHGSDaQ
DA:10,1,GusTQ8rnslKGIeoIX1fGdQ
DA:11,1,jEc91tz0B1b2beSYnS+UDQ
DA:12,1,/KD43IMS81HLFAkSL1WQ9g
DA:13,1,0hwKoLJOBNjwQBXENlLfmg
DA:14,1,l3nhicvq6q+R3WkfKdsNMw
DA:17,1,Vt5O9l+ixVZ6tA0wFse3JA
DA:18,1,u4gwZPvDtD5VjkwA8JSB0w
DA:23,1,hCksq5AbfgZ2TZGGFBSJVQ
DA:40,1,DJBlcMIv3XniZPdUc+0mjw
DA:46,1,+RvYdXcDD1N5HYEEWSlbXA
DA:48,1,jQtM9bl+OLUch3PvLmd4Bw
DA:49,1,TVuPwgnQuj94rTckJuzEWw
DA:52,1,jQtM9bl+OLUch3PvLmd4Bw
DA:53,1,WdCmTxDjUsAhUB2k8QWl3Q
DA:56,1,vgTkWraqn1EhQcJAMNAUsQ
DA:66,1,j7pgpxu7QRIA+FK0mk9uGQ
DA:69,1,2FPb7QWVxVU06t2rJz/NCg
DA:72,1,lIRsAcz0zPnnUfs8WgR/rQ
DA:83,1,CaBnm9fY9JDRfsXLEe5pFw
DA:90,1,Kc9UhB6UmvydtiNJvUfQgg
DA:96,1,C/jOGzaJJ37oV7gzXFg4wg
DA:104,1,GeUF5vjg6NQhObSil88NHw
DA:110,1,M1PxRBbO5YFINBVhUbMlsg
DA:119,1,o6bxNf2eeGHBYaNdprrvBA
DA:129,1,Ah0NKuEvS3Vk895JctfTsQ
DA:131,1,B/Fo9U4/nMeRNS1JjGZVyQ
DA:132,1,ZwRgxUszp2bKZhVJ01M/WA
DA:142,1,ZzdM05qh9td2pXwbdgfLVg
DA:146,1,ULd4tvewfNTz51u08ZaUMQ
DA:173,1,iSd3RHDwFK0A3xMZVyXzHQ
DA:24,0,f6YX4828SZ4wlY85SV9J1Q
DA:25,0,Sw4RfTZG51KZqq1vIzPsXA
DA:26,0,1p3QQSYgKC+12WrBZDreuA
DA:27,0,pvU6EzKtbyJ0LTfbgN8O4Q
DA:28,0,MYGweRQZ/X0PdrHuwYNlEw
DA:29,0,I6ETXBopmJbYpNBHn3RjHw
DA:30,0,v7OLqdVejP6cJDOwlFFvaQ
DA:31,0,iRBT+UEHv9djbRgbP2xGGQ
DA:33,0,xvWIcpcyNr0gyGcTkdMxXw
DA:34,0,hKHZNbC6bmnjl6dTJJZ6kQ
DA:35,0,1QDntrIh9yGq1V5E4ipG6w
DA:36,0,nyxk/0QJBXTOmwxtmA1WSA
DA:37,0,DQUBQ4rMt2KPNh3Gayk8tw
DA:38,0,FLQKcTNkDkmdwu9WGeu8pg
DA:41,0,H8Al/BXtqeY2+YmCslPJMA
DA:42,0,FTDrYToHMnbgEaZMcZCVvg
DA:43,0,6RcjMPRuku53y/0wh7vzsw
DA:50,0,G92+VfUfow0+s71xT4Fn2Q
DA:54,0,G92+VfUfow0+s71xT4Fn2Q
DA:57,0,nu3xOXT9VqCkQMkhnNW2hw
DA:58,0,PH9/Mtm20QZwTvXSmtWj4A
DA:60,0,w0FSe8GPhTVVr7N/dRwxhw
DA:61,0,XGdRMyjWZfB69312tM620w
DA:62,0,tpbbU8CbO3jaF7ya3i5BYw
DA:63,0,m6TOV+uFwYzujO8PmRP8hQ
DA:64,0,yugeAjf3kp0E/mQ25DcF+w
DA:67,0,2NxsGMpYKsev52rj3+ArGA
DA:70,0,UjRuFdU1DMlM8Zub90gp8g
DA:74,0,fr5xmQyduGAHLwq39JTVHA
DA:75,0,Yl9zUQAbk14ecpGSTnaQug
DA:76,0,4Qw9498/jF692eU3+BGCWQ
DA:77,0,c54U3bSFxSkvbZfHM9JERA
DA:78,0,vTA5GFxjIIqc5toAnaIDfg
DA:79,0,OOmdY8d4ial/hZu+hEXh4A
DA:80,0,icc1HQm5xNEE01bUycXSUg
DA:81,0,ieqz3A7lXYAS92PIsXaqGw
DA:86,0,qYBFWd5d6atEuvsIoQE8Jg
DA:87,0,D+D/i8GY+jUGD9KzrwJIyA
DA:88,0,lGZrtlnl2nI6Im2Q8XI2yQ
DA:93,0,EnSpopUolIWxAZx8jNUppg
DA:94,0,aIfvybX89ii1QWn4334dEw
DA:99,0,JXP1W1MzYIFXqWf6Xb3pNw
DA:100,0,JtCcLUqveGAWk1mt1PkS0Q
DA:101,0,1dLtfXorhgRY/YJbHn+MhQ
DA:102,0,Qvu88KXv/Lt7YJuC+dyc4g
DA:106,0,qYBFWd5d6atEuvsIoQE8Jg
DA:107,0,shIIZUkNGVmAJXXOiDWYHw
DA:108,0,lGZrtlnl2nI6Im2Q8XI2yQ
DA:111,0,kFw3v0N1L3xnnKpTQGq0bw
DA:120,0,B/Fo9U4/nMeRNS1JjGZVyQ
DA:121,0,OW8WJL6AA6YbFFCnULCaIQ
DA:122,0,V7uRmjj6chiNnyDqZpYJVA
DA:123,0,rDasHxl3Zs0XEkhG1lU9OA
DA:124,0,wP6GicL2oolgXefIUVfh/w
DA:125,0,dKN/otIGUxYvIocUzt3/+A
DA:126,0,1+0zLkH/ThMvtOOsqWRdEw
DA:133,0,W7gQKZE150AQEaXFQIudGg
DA:134,0,wWvyVCzDRWfTVXhFZNNl1w
DA:135,0,sgmuoWSbDfwJTCtzNFHjrg
DA:136,0,Lp2XVko308h3RWQ2B9WlaA
DA:137,0,XhorWZv02EoXTKHF6J51GQ
DA:138,0,nDYbvIaLpl3GNKfFiIOOBA
DA:139,0,Hm9OILMhCe92y1iBFb349Q
DA:143,0,KF0XAZHteifFFc/kOnAefQ
DA:149,0,OhLx6H/fR+zbjtZX9c/MDg
DA:150,0,YIOCJNj3H93tKTI6N0E4kg
DA:151,0,PVRd5EQOAzoGIcKIQrHXWA
DA:154,0,y3fce58x0PvdshBfCfozGQ
DA:155,0,FUmtdXf+j7k/EBhdxbZbyw
DA:156,0,0oqeDipDS7hV5/NTd2wkaA
DA:157,0,MmowY25y1sG/5GhUhqRhUA
DA:158,0,1g8jPkiKWIlXGBFMgXbHZQ
DA:159,0,1yD/vcp3cpVLKanzZDzt9g
DA:160,0,50y/zsO6IkoPz9SRXrpvlw
DA:162,0,fJu7Qp12XKMYdE+QhIg9pQ
DA:163,0,gMKcvbpJ5J6laGMBH3ABqQ
DA:164,0,gbwp5frynVlsYwp3s6odMA
DA:165,0,cGShqxKZ0ayj6vUyZUHryA
DA:166,0,Sghjwxr/JRTlnGOV6e2EgA
DA:167,0,efb+zyENzmu7MxKEAlOsAQ
DA:169,0,Bvp3XAMHDQ0xk5Ki/Xfn/g
DA:170,0,R9ufNp51IKTj5OXzrfvuag
DA:179,0,dteBHGy/fdN960wM5wDhXQ
DA:180,0,dCBbvpXXfWLWGmXIP/qOlg
DA:183,0,sqd0GqZ5MYh97he9zC1yGg
DA:184,0,q+hpmG5gC9VLG0Aie9yHOg
DA:185,0,HUBZ9Bv+Yr8quubIUkhp8w
DA:187,0,TC9XCXxlsLdhpohnfxEqBg
DA:192,0,IhDPncilvvGqJi/TqELaQA
DA:193,0,wQoKGNtvIEm23p+Q0nj0dg
DA:195,0,jOFi6sYcgyKIJySdUZY0/w
DA:198,0,8xyoYbJdyzveGqrUsfIN5Q
DA:200,0,L0cvn0aD34FZm7SXhnoMRQ
DA:201,0,Pu+eKJ8TXJYdZdnGejepFg
DA:202,0,xjcDBnSwra0OiNOAYAwoHA
DA:203,0,fSVAqguVAUlXNLFKmPUNjA
DA:204,0,LiqZcWX5G4iDpp8dxP7uPg
DA:205,0,8gemzfMGkAha0vnigTeFfw
DA:206,0,17o6L9uIAS+DGwGNAqTQLg
DA:207,0,o7tvNiq40uwo8eP+lY5kyg
DA:208,0,B+ZJQ8zBxPMiDZhsnR0Fag
DA:211,0,/mvYv0DeIfOYvhaKVqqeHQ
DA:212,0,STnJBLxehbOUH0c1ZOjLQw
DA:213,0,p3FBwx++BzCzZvK0UbPIgA
DA:214,0,vTA5GFxjIIqc5toAnaIDfg
DA:216,0,7a6iEiO6Zzu8yfez5LxOyQ
DA:217,0,iPzcDLNXt/zepU4SiUnlCg
LF:145
LH:38
end_of_record
TN:
SF:/opt/homebrew/lib/python3.11/site-packages/_pytest/_io/__init__.py
DA:1,1,3KMNFl6Ejh6vgh0Mr5VRBA
DA:2,1,uEBq8hGJo4KFvvJu+ry07w
DA:5,1,wtxjrmBNVp/dyLfWQ3ixWw
LF:3
LH:3
end_of_record
TN:
SF:/opt/homebrew/lib/python3.11/site-packages/_pytest/_io/saferepr.py
DA:1,1,jXQwuRSnDQOG8XUCnnsycg
DA:2,1,gquC2eg6Jdp4fXzGN5a7Ew
DA:3,1,gGTQvjsCFZRTAK01JA8k5Q
DA:4,1,fEBbOO3aR4HwfJ+8q/wrKA
DA:5,1,GVbcQED3OGpRFghdfnHUCQ
DA:6,1,jEc91tz0B1b2beSYnS+UDQ
DA:9,1,YMCS1X3FlV+PXWCKwc3EGg
DA:18,1,435KMO1WjksMzsVNoW5M0w
DA:30,1,jPtuLMsGF8Tsx1uocCRY4w
DA:38,1,mk8U6LokqDrqFHYim5nIsw
DA:39,1,/ZvqiDY7XVzMiSFdpC6ZCg
DA:44,1,auyZcyAPP2v7TvDj5tk1Zw
DA:59,1,ODPK4yWshKxyZyQ9mZgJZA
DA:74,1,uC4p5Mpnoe1Xx82ZAUzaLQ
DA:86,1,53gGhG3R/Mp590C9TLXxhg
DA:99,1,dweRiT5A43A/W+/pzyPP4Q
DA:102,1,8AM2AvxUmF2dPqYbow+Wng
DA:118,1,AtNVrwXr9Blek1d7p+ktJA
DA:137,1,SqEVjCi2C1MPLenhGg/TkA
DA:138,1,zVXaogU6EnoPNbVDGNrtgw
DA:140,1,GXFHKE9LGBr4c+jPXWzBpg
DA:170,1,d4UVolZ61F5MDbHCJSc/3g
DA:10,0,B/Fo9U4/nMeRNS1JjGZVyQ
DA:11,0,+trA5GXGqN8Mfe8u7aWI0w
DA:12,0,sQ//3BbMx7AFYcHSd2zsoA
DA:13,0,RgkOq9Qo51NHehjyrCNWcw
DA:14,0,4QpMw9Cy7+cLH4n24RscTg
DA:15,0,zwWa5qjnai0dm+94WboYIQ
DA:19,0,B/Fo9U4/nMeRNS1JjGZVyQ
DA:20,0,Y6Zof2y4G9zdFvgZ8ma69g
DA:21,0,sQ//3BbMx7AFYcHSd2zsoA
DA:22,0,RgkOq9Qo51NHehjyrCNWcw
DA:23,0,1G4/5jl+qX/1w5k0wzCgqQ
DA:24,0,eIhvY9rmiYF9vwnyA1rVew
DA:25,0,aSsQ6cxRg5Z8WGtl1vqFog
DA:31,0,N3AMtqS6yfFEUK0xYed+5w
DA:32,0,hJBafUHi8mTwsyVpAZ4nrw
DA:33,0,0UeQvE269yDl32IZzmTWFw
DA:34,0,hBFDKFDoWaxPlGvoCi5ukw
DA:35,0,/zlrmFogZjBhLdhih0WPwg
DA:51,0,WOwJxA6R7uUewE816b2YBA
DA:55,0,bp56tK1ybKeFticuzwHOVw
DA:56,0,4QzPXwZYoCq6rvcpU3Iv+Q
DA:57,0,XnbSfGO+JYIiFs4rBrplfg
DA:60,0,xjcDBnSwra0OiNOAYAwoHA
DA:61,0,zGPMFqX0uCXnVPtZ+Tg5LQ
DA:62,0,f2os3pMCbyLrOjxAU14qOQ
DA:64,0,w+4Gp8rJYziNJshcSn8Efw
DA:66,0,VFv0Vk/pE2ieo0ybVx6cug
DA:67,0,NvVxGrDiJsGH6QhWsv4EYA
DA:68,0,xI432RRAMciDfNRVZJaf1Q
DA:69,0,VTxQawavjyVxmPMb1JabFQ
DA:70,0,kHWwah5kDzBKyBAnrZOhPw
DA:71,0,ieoLYxje70Pl2GFsZpnlHQ
DA:72,0,0YG1kEGauIm+0cSuSosQHA
DA:75,0,xjcDBnSwra0OiNOAYAwoHA
DA:76,0,v2aoDcXLUwk6jFz/CyeQbA
DA:77,0,VFv0Vk/pE2ieo0ybVx6cug
DA:78,0,NvVxGrDiJsGH6QhWsv4EYA
DA:79,0,xI432RRAMciDfNRVZJaf1Q
DA:80,0,VTxQawavjyVxmPMb1JabFQ
DA:81,0,kHWwah5kDzBKyBAnrZOhPw
DA:82,0,ieoLYxje70Pl2GFsZpnlHQ
DA:83,0,0YG1kEGauIm+0cSuSosQHA
DA:92,0,B/Fo9U4/nMeRNS1JjGZVyQ
DA:93,0,5duvN30mSi3BgdTVO9WGhA
DA:94,0,TgrK1fozXnm1ybjC7P8tdg
DA:95,0,i6jjOP7i+k0NUhL4JlF5BA
DA:115,0,RgURGWb3KY4KPFVnaQKHOg
DA:129,0,B/Fo9U4/nMeRNS1JjGZVyQ
DA:130,0,/5PDTS9hn0QXDwOogDYBQA
DA:131,0,VLkmjst3Hu7A+AO2Qzq43Q
DA:132,0,+trA5GXGqN8Mfe8u7aWI0w
DA:133,0,TgrK1fozXnm1ybjC7P8tdg
DA:134,0,i6jjOP7i+k0NUhL4JlF5BA
DA:150,0,OBDoV84j43Byg7kApdtNCw
DA:152,0,fe+kj84dshru/+S2X+JhqQ
DA:153,0,NLEuyRB0dvBjq5DQGyjE2g
DA:155,0,4ESbdq/g9Y8U3OybX06GOw
DA:163,0,MnzpXe1veqpfA7nIMRo0OA
DA:165,0,Dgpf/JFp+dfi5yjj4u9CHQ
DA:166,0,xa203+pvLRtPEgCOCTonbw
DA:167,0,dmVj3pW2l4bCkN0SmEbLXw
DA:178,0,0rl0Tz3sqwHYERCZ2q2nZA
LF:82
LH:20
end_of_record
TN:
SF:/opt/homebrew/lib/python3.11/site-packages/_pytest/_io/terminalwriter.py
DA:1,1,tdagxVGH4yZy14HV7HcDvw
DA:2,1,7Z9Lj4ed27Wf2hBX6jooEA
DA:3,1,dbKXYnHzrSnvURbcSLvVKA
DA:4,1,mUDsnWRiqW9R9nTILGKIZg
DA:5,1,jEc91tz0B1b2beSYnS+UDQ
DA:6,1,da4F/HJkmdp35fCZoBYhug
DA:7,1,Z8IuQPbWreR4Ilz4CaAx2w
DA:9,1,HSXfzXk0yN+T7krT4HWSGA
DA:10,1,Cq2mBoOafek75ZpFVChIjw
DA:16,1,eF8pd2qTCKfO65QXmKJRqg
DA:17,1,6UBe/Eg72Sis+E75HM1VOg
DA:20,1,IkFo2+gR/RLLl4/NTt9czg
DA:23,1,3FG7R3bMN7qT+pNkEDHYJQ
DA:26,1,FvwMecAtxsevj4Rntu0YhQ
DA:27,1,p9KfNjvJYqgdFXUWw/0cag
DA:29,1,/CgR+ZRcoV4BE+h8dzLfBA
DA:31,1,YuM4OL47zMqdrA+SzWwXvg
DA:33,1,ktbrJHXXVLm2eCjSLpiUUQ
DA:35,1,FZkWxpLvxUP7NlzPnYwk3A
DA:40,1,410Pc4wSOYHW0JaIBLC2yw
DA:41,1,qSWUllJLgfB981DpRxJpfQ
DA:42,1,cSZUKAG8jHCiEdhJadvIsA
DA:65,1,Pm34o/XQRTzYopuHLxzhGg
DA:66,1,RFbww2hnAR81aiaGFc/czA
DA:67,1,8vatFlwcT39c+I7gwbULqA
DA:68,1,YVFjUOydOHKz75UXd15iEQ
DA:76,1,PlklQvmFEZ3iEGy/iiyCSw
DA:77,1,bd4Da+MLsqcnodCXROJeVA
DA:78,1,bGGSGxULfhIa3dg+53cHmQ
DA:79,1,SF4h/ZvWplsL+Pr1xhZsUQ
DA:80,1,qvhH+CsasbkFa37vtL6cPg
DA:82,1,HmADa1g/W1C2Vo9Wm4sNNA
DA:83,1,unyZNndCeYmjorr8m3bu3w
DA:84,1,tgGAg0DI4/NHiGzz5NQ6Ag
DA:86,1,Ad2ppa1B99zsJ2jmvRz2mw
DA:88,1,82rXjNdxy5YxOqthCUcPew
DA:89,1,t7kI0Q6D8Gs9pneT+Aq6ww
DA:92,1,HmADa1g/W1C2Vo9Wm4sNNA
DA:93,1,3WkF970YPIj8SJudkh+pNg
DA:95,1,SGiaCHn0FqJl8XQGuxrLrQ
DA:97,1,I/9G+afsCRZIhYfoqTJAiA
DA:98,1,tiUzD++zUL6WMy9DyxPuow
DA:99,1,tIDYry7tp2H83CX18tiK0w
DA:101,1,LlqjpxLTjK3pQ8oWxw3UYg
DA:102,1,77Fz9FiQPIKzoZQmMgeb0Q
DA:103,1,Y8yuB54I1RdYuA5aq9s64w
DA:104,1,B0fMK4HU4XCyO7U3PGTlIQ
DA:105,1,Jk+IPKjoNbDx+9tk0zg4rg
DA:107,1,aLsy0okZy03U0bnCyw0YuA
DA:114,1,EpSVsUO7uahnAQIl6Ks9iA
DA:115,1,XLmX6cU3H6kPMTPKn30koQ
DA:118,1,aP6gepcvTC05Ie2zpuD+Qw
DA:124,1,vF8YWBxDkSzAuyQDHYu/Tw
DA:129,1,SglRXZ6XrstU83R9X977zQ
DA:130,1,lHaIJTk0wWVMdcUJjrzSLA
DA:131,1,MUBmFL8jjMPETP3vn9jWyA
DA:139,1,ztNAzFElRXAqk0JT9BTkuA
DA:140,1,MQYDhpUFqQAVCac+6JrUuw
DA:142,1,j5LBXu0nPXAZ4KAsbP818Q
DA:144,1,JdBUlnS0vPSuKV5DrlMeVA
DA:145,1,OZs5mUleMDZDdvI4/GYg6Q
DA:146,1,Ibsp+xJyPZrOWL7JsRy3vg
DA:147,1,vuYyzBmFZsS6jUpeZ1fZsA
DA:148,1,2GFQDvOnt8FbZoztiM+ijw
DA:150,1,65K/pdb9HOdDNqYlR89Z3w
DA:152,1,GxIxQYQt/3Pa49Wfbjg6YA
DA:154,1,xvWIcpcyNr0gyGcTkdMxXw
DA:155,1,+OzsdzqOGm3R2c2wgZaLsw
DA:166,1,SHQLqhMFaK+fYlJzKkjfuQ
DA:167,1,SR9ZnR0Mmg9MJIF/QQCBOQ
DA:169,1,yBCXOkUNmb9JcuGlfcTf2g
DA:170,1,JC8Gu4Hi3i3e0yEvAydF7g
DA:171,1,rmUrtoG+tgaK91KxJS2L3w
DA:173,1,RzIe+ZrxqxEesSHALGgjIw
DA:174,1,asLfF+OAyvpEuSoYsYpBag
DA:176,1,AR4G66o1rP/IsxF68Ap1Kg
DA:196,1,qQqgSfqScJJU8u9/P1lf5Q
DA:21,0,XtJlC7FwXXcVV1eULL8VIg
DA:28,0,eJ6zrxnLWn/k18a2vHOhRA
DA:30,0,W/g8GJDAYJkSSurt59Mzfw
DA:32,0,W/g8GJDAYJkSSurt59Mzfw
DA:34,0,eJ6zrxnLWn/k18a2vHOhRA
DA:69,0,xvWIcpcyNr0gyGcTkdMxXw
DA:70,0,E9u6kTq4qRmOM1MUyLlPsg
DA:71,0,yjaCBoc8nUOCKlBPuISVxQ
DA:72,0,dquiAd0b6I3SPuVFJDK09w
DA:74,0,J5YSDVEJZmOzqYHBOW7MeA
DA:75,0,6q9tutcSl3ECWJq8imt9+w
DA:85,0,l+ZcHzi3XFg9WtK8ibhNYQ
DA:90,0,iYI4biHVmFNpQ2U+4HDWug
DA:100,0,gxm1BNpUyI3CxvAgFdn4xA
DA:123,0,cWzWpgzevfgCHConCbltgQ
DA:135,0,xCU/qD+mjrPDYVfvazgacA
DA:156,0,m0fC96/BuieeZFUow0JcYw
DA:163,0,WgA1OgeZU4qbbSpjo5Gs0g
DA:164,0,+OzsdzqOGm3R2c2wgZaLsw
DA:183,0,JSUyhDIx8V/g78DPKx7/Zg
DA:184,0,HVyrBJ61ni9ux6MdUIeaUA
DA:189,0,kFETi3om+TodWEhARIY4NA
DA:190,0,bgfcHPD6BIU2/GsKJnad/g
DA:191,0,8Q5fDBR4BHb9lsdaNso2QQ
DA:192,0,PiN2NIzzj9SgcTmsYXBg8w
DA:193,0,HxINHGZ8Pi8U/qgyvgjvng
DA:194,0,iDBSJZcwbBfgvYBp3Kn0BA
DA:198,0,9cEVhDt5FTpjMd03BaPfnw
DA:200,0,7a5TunwXtBy3ux9h7iFprQ
DA:201,0,zqSuAq0ZPCbiwF0hN4dsbA
DA:202,0,xjcDBnSwra0OiNOAYAwoHA
DA:203,0,vaSZ2k4qVvG5vL2jx5LqVw
DA:204,0,uPO35fSP9j8Wc8J6h7sIiQ
DA:205,0,if5Q+7vQZrqxYy33dKmyMg
DA:206,0,c86JlNkXEtUUMltDHe2dFg
DA:207,0,c8nwtmEW1t5MtspOQSB7Mw
DA:208,0,zqSuAq0ZPCbiwF0hN4dsbA
DA:210,0,xvWIcpcyNr0gyGcTkdMxXw
DA:211,0,uCGEm34Fqmh3gx0H5X0+Tg
DA:219,0,YrYDAn0XhXHfamMEnJgaTQ
DA:220,0,Hy01zSEdweYPGvbqGB4atQ
DA:221,0,fcvMTyL40lm6Y8h2fJwb1g
DA:227,0,v4BFKPBsjbpZdLf5OrXFUQ
DA:228,0,fcvMTyL40lm6Y8h2fJwb1g
LF:120
LH:76
end_of_record
TN:
SF:/opt/homebrew/lib/python3.11/site-packages/_pytest/_io/wcwidth.py
DA:1,1,tsh7kKpjJXQUQhNng221Ww
DA:2,1,4rdXk5fwWeadfx05SYG6bw
DA:5,1,oecxZ5AT85BiSRMmzqj4hQ
DA:6,1,gbwU+zeg8XL1abq9+O7Iew
DA:12,1,kcS0T8uXur1L9/Z1EcT/ug
DA:15,1,Ekn40qlNIYoVwGXjtgfWXQ
DA:16,1,ZWyNsuiFu+GjJsYxSC4GFw
DA:44,1,Ux9PNkN9Ha9qCdLmQrr3kQ
DA:49,1,eelyWasHMfwPtAq+94tf0Q
DA:50,1,rAi88GG0MSnxujVkNdc/hA
DA:51,1,wPoC5uzoWiTzfW60cERh+Q
DA:52,1,W3wEgVaeOgrEB4q32lknew
DA:54,1,gVUzD432dO+bygi3ffjUaw
DA:55,1,3FG7R3bMN7qT+pNkEDHYJQ
DA:19,0,0nEB1IQrLhIvE6rFdMGTww
DA:25,0,6rgBhtkd42TFIDwa61jENA
DA:27,0,pH7TkTMXe52HBMzcHw40LA
DA:30,0,CRCDxgFqeF5Skmmec70c1A
DA:31,0,sf4sE7ZHAbw3H6ahEsiuKw
DA:34,0,WUTom9HrJIgiTlH9nzqL8w
DA:35,0,6rgBhtkd42TFIDwa61jENA
DA:38,0,L0mo9wXW3cO/riMB9jNZNQ
DA:39,0,vxk5+wLsDxNoj9cAHt7Fjw
DA:41,0,3A2BoAFT1WLV5mOj3rTpjA
DA:53,0,5ffedYpEOOso7WAkdJp7zg
LF:25
LH:14
end_of_record
TN:
SF:/opt/homebrew/lib/python3.11/site-packages/_pytest/_py/__init__.py
DA:0,1,1B2M2Y8AsgTpgAmY7PhCfg
LF:0
LH:0
end_of_record
TN:
SF:/opt/homebrew/lib/python3.11/site-packages/_pytest/_py/error.py
DA:1,1,IJWF++w+4F7a4rL6mkEkkw
DA:2,1,ydCxunymauVRdfWlNGpIBA
DA:4,1,hShnGf6SZdvV1LEbSpITgw
DA:5,1,7Z9Lj4ed27Wf2hBX6jooEA
DA:6,1,mUDsnWRiqW9R9nTILGKIZg
DA:7,1,kSu6PLdjlmFWwsRkVjivMw
DA:8,1,mjVJPNV1Grbtqt25vnQFRw
DA:9,1,OGjYbn4gvJQgGRj4F4r19g
DA:11,1,rOMIMlbvtyu7gXIIy/UEaQ
DA:16,1,fvLKyD6930y6t2TNq/S0qQ
DA:19,1,Xp5KNcq0RT8ITCECiIRc6A
DA:20,1,UUxPMPDbQCc1nVwozNCoxw
DA:29,1,M1PxRBbO5YFINBVhUbMlsg
DA:37,1,v9m1XzTnzz5o5mGpqwde2w
DA:50,1,AtT4zkaTVsOw1/I4IPkLJA
DA:51,1,3ycPdMhuuNQglWGhYWFFvg
DA:56,1,EHBdFTdmJjs8kOgdrkGW6w
DA:58,1,As0z7keojWRwa7HhM02vqA
DA:66,1,3BunGizX4c5YlMSLUUkZwg
DA:79,1,frmtfDo+6dI+L89mY5EmSQ
DA:104,1,NON0RR8tRM/C0BWs+hSNjw
DA:105,1,QTq3Xo7wi+zpGQDqSeyqLw
DA:108,1,mW5lqj9e5U7SpGlUrZGhSg
DA:12,0,YV3Jtez3G4e4sUd5nbe7/g
DA:14,0,+7CSDfNZfknNcjTAQ9YPnw
DA:21,0,cEqCWqcK46eXF2vhM7yzXg
DA:30,0,UZqn50HXwtg/Sa8wNX8n5A
DA:34,0,0YG1kEGauIm+0cSuSosQHA
DA:59,0,74vTY5aYSXx8rOGII8GgQw
DA:60,0,CYV7vGzqepPpx9wVhUQTCg
DA:61,0,uRKkdajMr+Y4b8Hd5y28aQ
DA:62,0,vSRGZS3t+cOYf7dfOAXbMw
DA:63,0,WwV0XXcP1maWPjRgsi3+4g
DA:64,0,KzuZhvPiACkp2UaKWv69fQ
DA:67,0,xjcDBnSwra0OiNOAYAwoHA
DA:68,0,cAKGudtG0M+BsEt/NWFaHA
DA:69,0,Iyc7OFdUwu47XssfhAqplw
DA:70,0,1eHzB3ZzjUNaBhAt2IQrQA
DA:71,0,OXobfKswCqu1xpU/xv+5Qg
DA:76,0,aup3Lh/Fizpk16v2wrr57Q
DA:77,0,AUp1quo9cGhb3buGpGfN7w
DA:83,0,wC2QIL3tK09oqKlevxJ13Q
DA:84,0,xjcDBnSwra0OiNOAYAwoHA
DA:85,0,ego53pUQE0uCp9MXeEd+WA
DA:86,0,AEb7Z8pBtwu88pQZnFojMQ
DA:87,0,NvVxGrDiJsGH6QhWsv4EYA
DA:88,0,wHgYjYuY/NUEForAdgS3Pw
DA:89,0,ZpZFrDllCnibsOaEp22e4A
DA:90,0,4KPteOV7m05nTadkfTKqYw
DA:91,0,ZicGK2at5wcUmtiT+8n0DA
DA:92,0,1xVN5NUX5k2OQCVXAnBqkA
DA:93,0,Uk1iEqLYWHwxE4nbWtF0CQ
DA:94,0,qAA08wZIEo612TbzziRAXw
DA:95,0,VjuI1Dk6WGNi4viwynFCHg
DA:96,0,SeOJEhHmiEK+XKjFSrv+Dw
DA:99,0,upl+6rEFkcLxPiGFhy6T5A
DA:101,0,Ix+cV4YCrMknoh9fHcRDKA
DA:109,0,uTYLoV73ZLM56Izbu4qu+w
LF:56
LH:21
end_of_record
TN:
SF:/opt/homebrew/lib/python3.11/site-packages/_pytest/_py/path.py
DA:1,1,uKfH2Mq+RfF1MAxzSRi2BQ
DA:2,1,ydCxunymauVRdfWlNGpIBA
DA:4,1,V2KLEJ4kUgboTuhTJZUg6w
DA:5,1,CbaU/TJ84QH5av4CQIv3kw
DA:6,1,3bflhUdAlN9/HFxWTUF62w
DA:7,1,xmMLoYBW1BFhJ6Xn+A/vug
DA:8,1,7Z9Lj4ed27Wf2hBX6jooEA
DA:9,1,KuuRH8GFI34bTbRzzouSpw
DA:10,1,mUDsnWRiqW9R9nTILGKIZg
DA:11,1,DxtaAXdRc2C7Jp33EWZ6lg
DA:12,1,uqQzsyLE2snBclOsmsd0qA
DA:13,1,7qyEQ6RddKiipSGbK8K7nQ
DA:14,1,wbyffLSSFBx1cW70gLZ01Q
DA:15,1,bk+NxZJfk2M2pn1X0f/LZQ
DA:16,1,6DOMV0jefXNPWDRqoteHig
DA:17,1,R+a4yKbU/wDHxiMfVFht1Q
DA:18,1,pF/4PNNINxU0ekeECLfyrg
DA:19,1,U5X+yMqA88aoQqsJ/pgx5A
DA:20,1,HVfRIMyV5al/RY1Y3fT7LQ
DA:21,1,k/ryhxVp+Assa0vCmAPi9w
DA:22,1,Kh6p79DjjS4s/Wnis/Eosg
DA:23,1,NvR0Bb+pBSfkrOr9NOy6ww
DA:24,1,4YK5a0x7KkOqLWjTOF0p0A
DA:25,1,gGTQvjsCFZRTAK01JA8k5Q
DA:26,1,kSu6PLdjlmFWwsRkVjivMw
DA:27,1,AbDp9qLDlwKafjK8G7EaiA
DA:28,1,/KD43IMS81HLFAkSL1WQ9g
DA:29,1,mjVJPNV1Grbtqt25vnQFRw
DA:31,1,wgtu8kswMsh+IAZdNOBmgQ
DA:33,1,rOMIMlbvtyu7gXIIy/UEaQ
DA:37,1,tlBaxnenpXZuMtltE/gADQ
DA:40,1,113WIceHbeJXbPhlv4I+eg
DA:41,1,vmUnzIsjGODfjXqZRyj5yQ
DA:43,1,v3/Jr3HT25uW3vcfo054+Q
DA:46,1,7MY92DnwDOXRq2vWjeHyow
DA:49,1,CA0595o7tmVdXIUDNudK5w
DA:54,1,vKrHpDjYNsXF9PHLTVpd4A
DA:57,1,wSJ4oPqIFm0YMyehdoeNaw
DA:60,1,G3VTa3KLeMQlt+JR2OtkUA
DA:63,1,tZIDVOG0lqj0kEtDL7Pljw
DA:66,1,82wOrGOikLCkbL77NKw1Ig
DA:69,1,s7ji0pDlLM6xE/6tfCClGQ
DA:107,1,Ib8UEXudR0iizO64ahvMpg
DA:109,1,fHCMzL0LKNdEq1XkfMDWyg
DA:119,1,YTTaEet19MXnWzEb3VgzGw
DA:122,1,oeSxSZ0HeZIL7rMH4vR7SQ
DA:125,1,ZGNkEKXmZFSvoOk/kNww0A
DA:128,1,cFY7VVlT6TMbPMF05+V2cw
DA:133,1,8Djp1YZl0jBKeP9MA5C2aQ
DA:134,1,PdeqDqr4bOft68ON3+/7kg
DA:137,1,qecJ7z+SwCTz1HD0ap8Uxw
DA:138,1,+P1wukijqlXaiwJBCaymhg
DA:152,1,ys/auiF3/xhStCsUAxHbIg
DA:174,1,SCW8dw/OXW0aZXu7yh9msg
DA:175,1,sY5V3Sjy2vP5MZt9KmwPBA
DA:178,1,tCgZk6mffn/vEwfdbIB3kA
DA:200,1,Y1fmxSQkG7+iFvCb+7SFIA
DA:204,1,eRhYjFDWqTrO+/Tfaj5Cqw
DA:205,1,X8s09ThMoA4rMkQXU2/uTw
DA:215,1,1CVbocXPI4M5F3WOOUtWQA
DA:218,1,k5eNXzygfXUPAe4pyFd/YA
DA:222,1,HmADa1g/W1C2Vo9Wm4sNNA
DA:223,1,kvI0aJUlbmxqyPaxJbsNGQ
DA:231,1,HmADa1g/W1C2Vo9Wm4sNNA
DA:232,1,q1Jbz0ImOpkc3JGuQ202RA
DA:241,1,dvHtwACozyMeQnqyCL4Kgg
DA:244,1,IAD9mioP0IyJkK0ZjR5jSw
DA:247,1,ZwoW0IEFDYO+qUl22hYl1w
DA:252,1,LrulG5EhWSZZFQGe2QW2vA
DA:260,1,MrYiTz3fe5Qi74jNykFcxA
DA:268,1,Dq7lwjF9ipA//pzVwHYuNQ
DA:269,1,N0dU6GKfmxZPbZTBO2BFaQ
DA:273,1,Yn5LmKYsJtjZfGOhVQUWig
DA:274,1,uvVxD8PQingxk0gJOuEDpw
DA:276,1,eXTFHKdh1dWxzHcln333QQ
DA:278,1,bql9SGZfS+sodAIRFB+8aA
DA:288,1,g1wS1jV4w6CA4XqYKU5Vpw
DA:291,1,xvWIcpcyNr0gyGcTkdMxXw
DA:292,1,Alk+XE2sWcW7hgocipoRQg
DA:298,1,LOuhx74T44nJR6q6EYzNsg
DA:300,1,BHIXT3lLBzi1obwoT9fScw
DA:302,1,8IcaMeVMv50vW1yW1rbKeA
DA:304,1,AQqKspUUYgmdg11uzqfrxA
DA:318,1,N8BrA6pm8+ndaD7J13BF7Q
DA:323,1,KgYnJqN8IqTLPEIBgoCTQA
DA:327,1,5BLOU3FXBu+E7/geog2juQ
DA:340,1,DogIlZA4I1jW00+pI5pLXA
DA:343,1,c/G8dsWtsQiE1KKwoxj0tg
DA:345,1,HmADa1g/W1C2Vo9Wm4sNNA
DA:346,1,SyR/hsT9u3ecEAndx7LRow
DA:350,1,HmADa1g/W1C2Vo9Wm4sNNA
DA:351,1,jPlyNgTPp+Ci+0yXrNc5fw
DA:355,1,HmADa1g/W1C2Vo9Wm4sNNA
DA:356,1,zaYoPKEZBAhjSesk2wpbwQ
DA:360,1,HmADa1g/W1C2Vo9Wm4sNNA
DA:361,1,5oc+mmTlan88znO2VYdxcw
DA:365,1,vXM5AJ+zmzFh0zPfJBGKaw
DA:370,1,FvepPmDivememR6p95zILA
DA:375,1,y4A2bg+05psU+LBAmKIoGw
DA:380,1,1VQvsxqznYulLJG55LFrwQ
DA:395,1,SxjlYx+/ddUCNSTZRkoAHQ
DA:405,1,PiSgnIx65YCwQ5u93wyAjA
DA:415,1,bW2Sc7g6Abc/iA4HSwWDiw
DA:434,1,HXmDE9F93HFwceFDz3ADdg
DA:453,1,Fc5BAs7ACdAyMGmMSugKFA
DA:457,1,iRJ7fXv5dj43iNm1Sdic7g
DA:483,1,ZGNkEKXmZFSvoOk/kNww0A
DA:486,1,dvHtwACozyMeQnqyCL4Kgg
DA:489,1,IAD9mioP0IyJkK0ZjR5jSw
DA:492,1,aUKnm17WYKBbAn9sCtLScg
DA:508,1,oSNTtoda6HFXF8DHUTpWqg
DA:519,1,KreFH4WG1InwCd8bHca6kA
DA:523,1,0FEsm8O/7RErul9E9CO6mQ
DA:543,1,DenIwE0mo6lThpPkj43dCw
DA:556,1,2JR/u0ufOsc/S9RNm9Ur5g
DA:559,1,ovL+DZA8iIU6vgaCvI/v5w
DA:565,1,X115G4CwmLkek13LoY9EUg
DA:579,1,/NbbjsrcaM7Pn11SM3gHDw
DA:582,1,GJPDQGaguJwOJmbL3MX44w
DA:585,1,gUM9Aa7eTglu0cO0NiJL7Q
DA:588,1,baCvNkNl/MSRsBLqA5Qs/Q
DA:599,1,zXwNRTQvCxJUY33gp6a6KQ
DA:621,1,Ik35nyUrRQdHjWDaRY4e5g
DA:643,1,kQO962utN+ZJW+PQ2S7y3A
DA:683,1,s+rvWK6qciBM80m9uWE5gA
DA:712,1,X7gajR1YtIdME/7KPN+2bA
DA:722,1,wXBW8+vBL2HE0vo+GBKCow
DA:752,1,iLK57fhDt4CCiatomS/XjQ
DA:763,1,BUK+QpWf1ev+qJpjatD9NA
DA:768,1,ZwoW0IEFDYO+qUl22hYl1w
DA:771,1,7RcyfjgiB8uOJK7kylRwyA
DA:799,1,RybM0QTLto10FWvmhv2isQ
DA:801,1,+eidv/RJuFcuf0joOM6SbQ
DA:824,1,h+1FVBrUesyVe7LEOL1q8A
DA:828,1,a/KHFgaBzqj8BWCyFqvDRg
DA:832,1,UIBmwbJh9A5NgSe0mmk6Hg
DA:869,1,WKubozqWHibGKaLUk1hC2w
DA:874,1,TcQMIEK/7veEyxf8/D4onQ
DA:884,1,9QZv3IJFrOjtjC27++10yw
DA:890,1,Nekva7yfq5ZYZrXoDlco8w
DA:899,1,hnAOW4APT7gwhGU0c4v6FA
DA:908,1,b6g8QT1x19oh2Iz6DDKVrg
DA:929,1,K1aFWvZUZ+QBBrJMyW+JRQ
DA:945,1,yfvgRhS0x4QjoLn8KWdwcQ
DA:959,1,jQtM9bl+OLUch3PvLmd4Bw
DA:960,1,fgJvK7luxH0cmaVO/ltTNw
DA:963,1,jQtM9bl+OLUch3PvLmd4Bw
DA:964,1,WrRxE0dMkosUS6L7zNZ+BQ
DA:967,1,DenJMvvAjcGLQvdXaDg7gQ
DA:978,1,QWZUbl6oLYPs5hfuHxl58A
DA:982,1,oSZkDfrAjAMJ/47qaTvqcQ
DA:995,1,iCosFlg9Qnsl/y65r+hsYw
DA:1004,1,/JnYgdDRrxXmxi9VZLoH5A
DA:1005,1,c0wG/H0Qs7qgqxAxTwCH/A
DA:1018,1,1Ph6qZZsX2XWg0I428lxVA
DA:1022,1,zU057CnKcSMKJgQx5hJnrg
DA:1026,1,leWPu3a92U46XgI3/MVg5A
DA:1029,1,j+CcxAIEiLeqjzkbiEHnZA
DA:1033,1,uv/qfkgNYhFxKVFMhXgFOw
DA:1045,1,gkdSu2rkNTAHlOvjGktgjA
DA:1060,1,ilWOxC7aG/P/RgHNtff2uw
DA:1070,1,gckIwegWE2x0wl35Vf7a/A
DA:1161,1,/EURgPH6emGyG/jtUDif3Q
DA:1193,1,Nnqu9X+lU2lagW39QNhFWA
DA:1194,1,BwRDriXKIJW/bGbRZ+q1XQ
DA:1240,1,Nnqu9X+lU2lagW39QNhFWA
DA:1241,1,HFVwKoYu6nsBLm6pxoKGzg
DA:1254,1,Nnqu9X+lU2lagW39QNhFWA
DA:1255,1,GnyJ2bnk5hnNYCcxP67g3Q
DA:1263,1,Nnqu9X+lU2lagW39QNhFWA
DA:1264,1,8JCzX8cSdzagc6yEN0wYOw
DA:1274,1,Nnqu9X+lU2lagW39QNhFWA
DA:1275,1,ffsnDgv9h/SmEOsJ+yKacA
DA:1437,1,pRiLTC8jDZjkudgF03Ykpw
DA:1444,1,R9S/Le6Px8sFmb3EMX1oMw
DA:1452,1,QItE9mqP1aReEqhCewweBg
DA:1469,1,csJrRhPQlV0sbDmjI2P8lw
DA:1475,1,aC5fIEgm2qCWx6KpiEsvcg
DA:34,0,w8ZymRA8dCdoAm6tfEWCXg
DA:44,0,43cj6ORhjj1LeAFz93X9tQ
DA:47,0,ju/q2j2r2dHEzN0n83JN4A
DA:50,0,b+UGzVSmpBAlVwiQj2W3lg
DA:51,0,ftMP5yxYN7dkH+F9xZ5Hlw
DA:52,0,BQ/9rbMWFc7r8KlJIFLXPA
DA:55,0,iUwcIrAZ0FFV4s+yCz2kJA
DA:58,0,x8bWZQBsDNci4o8EBmoE8A
DA:61,0,L+guIeNscH7/1NqFFVaX1w
DA:64,0,+0R+REUW1TF4mRnj/jkiHg
DA:67,0,oFO+IktqMPBTMH9UBW+wxw
DA:70,0,tS/Ths6OIXl5hwHnfmoUnA
DA:72,0,cT3lzuyUtoXDGFrlAcjWNA
DA:73,0,VjU+6N0MnH3/nZrpHpGi3g
DA:74,0,EFT6YSy6oliAVeBDUFHh6g
DA:75,0,xvWIcpcyNr0gyGcTkdMxXw
DA:76,0,du04KAPIzQMXVBN8X7rDCQ
DA:77,0,Dr4iceMEi7qvXsS7VW/wYg
DA:78,0,kvB8iE8SuyfKLhqf5/570w
DA:79,0,olXhWgfXVVHS/6bEAMQqog
DA:80,0,kW6O3Gk9sA0RhQD7Eho0jg
DA:81,0,VD8ybV+0PuNNHkpe5+CChQ
DA:82,0,HYi30wKOweaOs18WB8T25g
DA:83,0,Kin8TCTdAVARz+DaaRPo3A
DA:84,0,mfn8+ljTKbBFpAj7kzgIRQ
DA:85,0,8gGx1h5K6kpPFZONmFTmOw
DA:86,0,xvWIcpcyNr0gyGcTkdMxXw
DA:87,0,tgaq0eHm1mc4UJGeZsbdLQ
DA:88,0,Ju3P1EjuLRdMjJZrvFHajw
DA:89,0,ywhY9LbQyEuAHVI+znfJQA
DA:91,0,XNhjfp8qoVdzHQIYjDYRrA
DA:92,0,ywhY9LbQyEuAHVI+znfJQA
DA:93,0,TH6dT64a73bgJ0I9PhHUkg
DA:97,0,k5bsSVUTUIWVykWA1TBKIA
DA:98,0,lYHuxkTqRwl15VFnhoO0/w
DA:99,0,3yqbvuIV0sX6GbRLPw1sYQ
DA:100,0,QAVvPV55YdAXI/GKGbtSLw
DA:101,0,UT+9OqYSce39Hve2BQmSyw
DA:102,0,lYHuxkTqRwl15VFnhoO0/w
DA:103,0,gBjTHQXc0ak4TuovFPHdxQ
DA:104,0,QAVvPV55YdAXI/GKGbtSLw
DA:105,0,eJ6zrxnLWn/k18a2vHOhRA
DA:110,0,xjcDBnSwra0OiNOAYAwoHA
DA:111,0,1/+ObLgpQnzh6nTkrd7wmQ
DA:112,0,TulZRDVyZgwaluSyPp9m8w
DA:113,0,xvWIcpcyNr0gyGcTkdMxXw
DA:114,0,VMgGwf8ue7ik252hs4wBgw
DA:115,0,mWkcq061cMgejAh4hZz32g
DA:116,0,55r+Sx7p4c0T8rz3XmP1xw
DA:117,0,1/+ObLgpQnzh6nTkrd7wmQ
DA:120,0,Jed5pVY9wJFBGcaUxIEvJQ
DA:123,0,e5RoRI6UYQJmFyvgDxrbRg
DA:126,0,WLUNYfgEAfzzjAS54naaOQ
DA:129,0,hux+P0e4xI+J6u0cfBhmxw
DA:130,0,ZlLW+80cT4egMGU4+6XQtQ
DA:139,0,39aREM0wMXoxW/xkCAp4+A
DA:140,0,ARlRPB8uJqEi+eKXNG51QA
DA:141,0,5fJrjrnpeKlfEC4c7iZl/g
DA:142,0,tAtbFbH3ulOhJGJA5lnoXA
DA:143,0,Jpw1ltHI3TilzatJeBfGfQ
DA:144,0,Du1r7RvjIG9bV8cf1LOqTA
DA:146,0,C3BIWLx4kd54mj+s/qHewg
DA:147,0,08kblQBwCwEmvvZIMRpnSA
DA:148,0,OJpCqYmoy23GNw9IuO6urQ
DA:149,0,6LTA16SEeah0X/Swmkxo5w
DA:150,0,/23VX18M+zYOlhq1hEwu2g
DA:153,0,xjcDBnSwra0OiNOAYAwoHA
DA:154,0,0cdOZj3U9FCSHBfaJD7iJw
DA:155,0,OlimcWycDQdvQZvkgmD+Vw
DA:156,0,MnzpXe1veqpfA7nIMRo0OA
DA:157,0,zDrECqnw4VnQLDDPR1XGcg
DA:158,0,COHlEJnmcZNgC+N7YTiboQ
DA:161,0,iaTv4vumaDMjncJlTg3vtA
DA:162,0,cBUhEZi4u8XeMNquaIq7Yg
DA:163,0,SF0WQ6DFqhbPw+ST4SDnHg
DA:164,0,qShS7vciZ4iy2zfqel54zw
DA:165,0,NPNzASLs4bP1mXTh+Wc9aw
DA:166,0,aVmOO5rKy/aeSpghi6BmFA
DA:167,0,SZyKnIxJTNeAd0mwfxsTeA
DA:168,0,bqqctEEzBZb2hquTWpSa2w
DA:169,0,cBUhEZi4u8XeMNquaIq7Yg
DA:170,0,SF0WQ6DFqhbPw+ST4SDnHg
DA:171,0,qShS7vciZ4iy2zfqel54zw
DA:176,0,tdcQ6z1zdKVQ5yq13txLkA
DA:179,0,tBgxzzRpcDN8DBTllcb7aA
DA:181,0,67ON9/z04568Aqw8qmWKzw
DA:189,0,UIa9KzAzm4XSaGae2Ka3qQ
DA:191,0,BrPSnOyf9xuLFugsnaCpoA
DA:192,0,0zzW1fYCf/6tgV0INlxbkg
DA:194,0,2vDYTIGxmgSknsoYDHHrHQ
DA:195,0,OKmIw68Y1QCIOHgyFtxzCw
DA:196,0,qdHm9QrswQjYKDtqBh3XLw
DA:197,0,QJXKW5WU9YIEWgRg3mdAGA
DA:201,0,0RSlrjXE/IzUpDEpn6Sfvw
DA:207,0,W1xmRi+20A+11BbDlPlYAA
DA:208,0,8HHlB4B6836N4+0cF8kzBA
DA:209,0,oDsRfRaWa2VwdfUzpfUBYQ
DA:211,0,W1xmRi+20A+11BbDlPlYAA
DA:212,0,a4kejMkg8q5RJWU4KOhcHA
DA:213,0,oDsRfRaWa2VwdfUzpfUBYQ
DA:216,0,+yfqhg+6QRkDzARUoNb48Q
DA:219,0,43cj6ORhjj1LeAFz93X9tQ
DA:220,0,JlEx8Jy0XrijnPM35x7jVQ
DA:224,0,mafvgAUpV0KFREUANfiIxQ
DA:225,0,u4h6kk6Rh2SS94BX5uCXHA
DA:226,0,I4ucmBS2libXH6yZYoLNJQ
DA:228,0,uE8c3dV8IlZ3r4lSYfBkLA
DA:229,0,qE38fJb+6Lz92KIpRjS5JA
DA:234,0,mafvgAUpV0KFREUANfiIxQ
DA:235,0,u4h6kk6Rh2SS94BX5uCXHA
DA:236,0,MPRAZaigEcqhKrWIeBoUgQ
DA:238,0,6gw3dN8ryEbGfPhZfeI0/Q
DA:239,0,qE38fJb+6Lz92KIpRjS5JA
DA:242,0,cAe5ZarTngf/XszEhGlZVg
DA:245,0,KBHIma4/Q7VDJt+ZT/bzcg
DA:248,0,Xzr0guMApkqx90igN2a+kw
DA:249,0,n8K7ngN/EBQomZFUCpxZBw
DA:253,0,EYXEg3c12zHaiq3/b/tr7A
DA:255,0,o3cRWHo6pxFUPSpGG7fL7g
DA:256,0,YjyO8W6ymsuZ2YiQu29vzA
DA:257,0,GdCfWezUy2bJRJ8IulWRHA
DA:261,0,UR6xYItBbJPaSn465tiwBQ
DA:263,0,qvWM/i/HVs3aEvMw+NA1iw
DA:264,0,zFyZ1FRFOYembjEqm+81qw
DA:265,0,ml9TLpCU6hgEEDX8KXB6Ag
DA:289,0,kJimwoV1QzCQr0wwuLZP7Q
DA:293,0,nyxk/0QJBXTOmwxtmA1WSA
DA:294,0,ziMwbdP43Yl2rkv+Iw0+Vg
DA:299,0,qFblWWUhpLaxayqQOQguIQ
DA:310,0,miJmrahewGJfuQVf35Ad7w
DA:311,0,FZI8gvY23LG5zLwseXOLpw
DA:312,0,bWhbeOjWOHccvDIgpZWeXQ
DA:313,0,daNuPm8k+87l76hS4sW31w
DA:314,0,5RRr10RgXA64fUfVYkLYyw
DA:315,0,wtQlAACevdrJ7r2YUViOTA
DA:316,0,vnWDS10QmqFubVmGMagtoQ
DA:321,0,ED7KqWwvhdVBcQ85SiHkwg
DA:325,0,DlXuLcqFK/fO4FCSr4qicw
DA:329,0,XKS19CtcFcVZ4hUEFdwmnQ
DA:330,0,Kf9y3UWRB7+ZzCl99O9Xlw
DA:332,0,+qb3tiq0wvCxT/d1FUrOQA
DA:334,0,rWpQrtRh4LDjomW2CS0Y3A
DA:335,0,9Lsk3sy7QTDvRdciHhWlwQ
DA:336,0,uN1wvA9qVfnBhVS9xdMeKQ
DA:337,0,ssmZeFwXV1HUdumWAOQ4ew
DA:338,0,6IGxxorJk1jw5pKDYwey4w
DA:341,0,OXny9rGx3/zozrZRQNP1SA
DA:348,0,Nfr1PN9eAbfpb6V+klRciw
DA:353,0,8h6zujQ0NrvkYEc9vrwFVQ
DA:358,0,7eMH4pR56fj+8jbm3qRmQA
DA:363,0,VVBcc9MkYrnumm8XoLNydA
DA:367,0,uR6YoONv7xmDpv2xCP7N4Q
DA:368,0,qBnh/uPom6rYwfuos6+KUQ
DA:372,0,wjVOVKc1PYgVtMtU5Jmk0A
DA:373,0,qBnh/uPom6rYwfuos6+KUQ
DA:377,0,LOvP9m0M2fBDbI2FYWGm5A
DA:378,0,qBnh/uPom6rYwfuos6+KUQ
DA:383,0,YJUDH4FlAOfY35EteRF+VQ
DA:385,0,7nRCFvxq63PS5WUgjpaHiQ
DA:386,0,mJ+bomFRRcv+k0TD+C6mmA
DA:387,0,d7iLJuKjzD5wGAC5CbM6Iw
DA:389,0,vta2gIWqbrGPIAJAarI3rA
DA:390,0,xvWIcpcyNr0gyGcTkdMxXw
DA:391,0,rOzcmyZYuIQr+a4f9TxR5w
DA:393,0,rROPJD0ff7c6L8+873N20Q
DA:397,0,xRWXzJ5l5uqgpS3QTbJYAA
DA:398,0,xjcDBnSwra0OiNOAYAwoHA
DA:399,0,fmBoDko7ZpN7I5pmDQtYfQ
DA:401,0,/VxOe48MinPxzJPXVE4ksQ
DA:403,0,kbSIuZ6mIKhWEAFotDWPhA
DA:407,0,fZClaDgfydDoB2fTVXhu8Q
DA:408,0,TyTFBBQe90cWey8rM5Y+xg
DA:409,0,xjcDBnSwra0OiNOAYAwoHA
DA:410,0,ohrzfEXSZA3zTCPmO32T0g
DA:411,0,VmMZ0fjklrVVifuGgaN7Bw
DA:412,0,mU2/LMVqeWNwFK8taQZaVA
DA:413,0,LjWDQGsBi8HBz8CaE1wSjQ
DA:432,0,OHaBjiMbfYq3g/2nU7A0BA
DA:438,0,IG8TLs2w4iblcGbEdb74/w
DA:439,0,UXhtuwKHyhzlCj9NfZYyDQ
DA:440,0,tgigMV+ExT6IEIg44QuWFA
DA:441,0,Vy6kT0s+lZAhLzeUB/vplA
DA:442,0,mpNkeex39R0i+MQ37ZwSlg
DA:445,0,Et7sB4eZWYr5nMtY4BHOGA
DA:446,0,wxUR2nYKvgAx4to8BiM8xg
DA:447,0,CUFaeq3fTOYlE3qZeAhccg
DA:448,0,Y3Um/IbEpJxrytc3gtXIvw
DA:449,0,svD0XT/GkMBbf+w+zpxHYw
DA:450,0,CFATWI0EojLR/2zNbvT6aQ
DA:451,0,EZtRTDdJrrcdY2Ej3SXU/w
DA:455,0,QkLedewYbxKuMwM+CbOxsQ
DA:463,0,xjcDBnSwra0OiNOAYAwoHA
DA:464,0,C3xImGovYFPtHZfG3JDGQg
DA:465,0,09xM7MxvfTiX6uN0+OtZ9g
DA:466,0,KZ0JhLIAztFBvAdPr4JvxQ
DA:467,0,ZvvQqiH9pTs78oUJe4kmIA
DA:468,0,BIaat2gHTo7+l1sMG+OdPw
DA:469,0,uDDdYwM5Mfrs9GGMz/tl7Q
DA:470,0,gOqmnVLhecKuxel7Z85pqQ
DA:471,0,MXvXmrRMa44EqG86AbCG3w
DA:472,0,1yNO+8Pv1sTNcI0QXBMXBg
DA:474,0,J59k5wp3rTjhC8/i+Od8tg
DA:475,0,kTPCSy744dCSimC99L45rA
DA:476,0,G/63uTp5KqWcgCOpBBqGgA
DA:477,0,HTFTlRDnK120TStYem6iCA
DA:478,0,L/mdfJNPIxmOMgj+ofo+ug
DA:479,0,ABh4J6MvY8hAM4wsgpe2SA
DA:480,0,TulZRDVyZgwaluSyPp9m8w
DA:481,0,sanjfMokldt+Mf0f75TUwA
DA:484,0,f3+rCxhArWAR2y6tzlKk1w
DA:487,0,pMbS30svYAriD1tGWhjXSg
DA:490,0,098tODvBGoEQ0Zbo1cvjpg
DA:496,0,l4qEKVewmjqa6fHFWG/b1Q
DA:497,0,CLqQa73yIMKbko9nhrjV2A
DA:498,0,8cbOG0wLYcQMsQKcLPII2w
DA:499,0,223d3oC5gzQsPxGYI4+CQw
DA:500,0,xYPrFSV9Ihx77w6Q6ZV/kA
DA:501,0,o8UOvehzsklJnUJD5oxnDA
DA:502,0,pOJwuGdEbe7GLbMcySd1QA
DA:503,0,00wgDZlcU1W7FuBCNbQd9g
DA:504,0,rQFyFKlDsKF0wlFv2oLQ/Q
DA:505,0,aPf1moUDf11A2POY23MUOA
DA:506,0,smQ+BOGO2yjdngqLoV5kvg
DA:512,0,7RNUMN8zjtodFIQwqIl2ug
DA:513,0,0QVUa86P6j2EsFRyizx/zA
DA:514,0,XzxgoJId/wBZpk5G3kETSQ
DA:515,0,VfxmyV9J8hEwpbuWSYZmNQ
DA:516,0,z0R65srQXcobSxdHY7n5tg
DA:517,0,P2vwusFYFNZuGP/I7+8dVA
DA:521,0,J1vQo59rWh6GqxiOEGbDaQ
DA:541,0,0zNVqpQ4EHW2FbjSk9AsXg
DA:544,0,iO4Yt5XYVQKbqxYkv/a2Og
DA:545,0,QHCjHFfeqOsIO7dk7T4eYw
DA:546,0,icYSRctU6Rc68v8xDc9GzA
DA:552,0,d1brFUOlARvmSPI0SurUGA
DA:554,0,UgUor6mo2qwLQMM6WL1uUg
DA:557,0,EAdiFCL0lsmqDhj8xChXeA
DA:560,0,g2JwukahJt0gNU0fnIZezQ
DA:561,0,mafvgAUpV0KFREUANfiIxQ
DA:562,0,z1ffX4WfZPTEl2DpFrEGyw
DA:563,0,kI7kU2tJP4MNWdfK4TXdGg
DA:566,0,78CjbW1k5HYLcsNNM0W/3A
DA:567,0,xjcDBnSwra0OiNOAYAwoHA
DA:568,0,QjthPHm6g65pn2QiRQ0cRQ
DA:569,0,aG8hzM939a6klmerpUAbhg
DA:570,0,kycMaH6XbPuAfUpgfG1Lbg
DA:571,0,mafvgAUpV0KFREUANfiIxQ
DA:572,0,Jau/wRMJt7n+LwuQWxXzAA
DA:573,0,xvWIcpcyNr0gyGcTkdMxXw
DA:574,0,uz6KsvxEOOKz1RqBKSbq8g
DA:575,0,Dr4iceMEi7qvXsS7VW/wYg
DA:576,0,7N/JFuOs+JgNw/t49ouLjw
DA:577,0,SwSIoO1sB7nCXZUsbfQiYg
DA:580,0,5V4Y8U22X3SJmgPuUYKwog
DA:583,0,RbzyqSHiJv0DflVa+uAqWg
DA:586,0,FosQvSaoM9KUERPJXieIZQ
DA:590,0,HNCKbJT0s+q0X3hTyBcLnQ
DA:591,0,JBLfaeDEciHv9CoaGxE1Lg
DA:592,0,vQ/7GvG31nQxBtXMowVlUQ
DA:593,0,lKPX/ilMw/QIovh0Unghng
DA:594,0,z1FY6hyPBCbZwMZY9KnRLg
DA:595,0,rDL4jnkxpevKbTiN/mWraA
DA:596,0,kycMaH6XbPuAfUpgfG1Lbg
DA:597,0,/XQIw7+jEbpM/w4I4fWqZQ
DA:604,0,Qj/cYgy9DnwMYFghFJgRcQ
DA:605,0,bWhbeOjWOHccvDIgpZWeXQ
DA:607,0,lVPXGorSJBLu/c3SmaEZIA
DA:608,0,bUmnCyvNik80zxFJrsodRQ
DA:609,0,nkF9UvjGJBfEToYedIY9eg
DA:611,0,+f+o5jNDaG47dUgATlAeCQ
DA:615,0,IVQT9Fdr22zy97tn6dwsBQ
DA:617,0,q/UutAWdi+7vpkyFaDX3zg
DA:618,0,CpoucLcBGhAMm0brzMBjrw
DA:619,0,+ONgEUoH7VEvu4UwhW3eSg
DA:623,0,xjcDBnSwra0OiNOAYAwoHA
DA:624,0,xvWIcpcyNr0gyGcTkdMxXw
DA:625,0,w4ID0qnWaOURIzwpRC3+RA
DA:626,0,yjaCBoc8nUOCKlBPuISVxQ
DA:627,0,VbVHRb8xiA5Kk4O8RNsDOQ
DA:628,0,scRCxSLWzgPqTtVPkK0Lwg
DA:629,0,QJJDM03ddY3HLdfhvJgEYQ
DA:630,0,0smTWRuR9eQZPUZmbx6rvg
DA:631,0,J9HHRcP4xzBJyvLuGBhkHQ
DA:632,0,4nwOGVizYEAXhyqytVTQsA
DA:633,0,xRWXzJ5l5uqgpS3QTbJYAA
DA:634,0,xjcDBnSwra0OiNOAYAwoHA
DA:635,0,p5/5Z1esCw52ZyYPLag62g
DA:636,0,mubtNqx57WYLP+0JlGpt9A
DA:637,0,B5Mss06P1VnBMDgDFlybwQ
DA:638,0,dp2VcvTQQlvYMnvIIK9zOw
DA:639,0,2RxuEMjRn1AZcrAgzK4LTA
DA:641,0,kbSIuZ6mIKhWEAFotDWPhA
DA:654,0,04/atUYT2jgldjltiJmnbw
DA:655,0,+8rqCwGsP5/FVAkZ2S52OA
DA:656,0,Ohny4mZLxCJ88d+UtunoMg
DA:657,0,egeGH0WCFDrynfdYasf3dA
DA:658,0,s5vILYN0LZZZ6CUDnBAx7Q
DA:661,0,DVQtNwS6UlRZEhA8gdkdFQ
DA:662,0,iG9suDuqy1Su2AmiZJ6I+Q
DA:663,0,daleGUkohiOyDCgtPUYLPQ
DA:665,0,RqwxI9RxeVi7xOvlHKs85Q
DA:666,0,xvWIcpcyNr0gyGcTkdMxXw
DA:667,0,0zOvFjDMyeAKqBaT/uJwzg
DA:668,0,SGwhj9XRnw3+5Sz+mS7dkw
DA:669,0,dquiAd0b6I3SPuVFJDK09w
DA:671,0,ob4Y+VQD6ZXomQWxam3aBg
DA:672,0,4WyzXt7IYBSp2F8KaRpAHA
DA:673,0,4ORcrq+0RckmwgFcaV4C0w
DA:675,0,AVKYxDe9StRhTuRL+tlfCg
DA:676,0,a3HbbO1yGo0eCY1cXHb3Qg
DA:678,0,O5OMmm7bkyM+OpCjBP99VQ
DA:679,0,nRT6lY25DS8PF1SYBZKuKA
DA:680,0,ISGTZ15/eEJj9BZ1xgMhAA
DA:681,0,L1mqGu7hZ2SAWP+QzB5sgA
DA:685,0,+vciqGwuc2/4OV5VOaEUpg
DA:686,0,Rf4/Hx4z4kbkc/wcrB04TQ
DA:688,0,orHcvaKqawNyxrSitS+fkQ
DA:689,0,nQxP+TFG1/eauOEVvQeqSg
DA:690,0,pGmgJDE1alcpTYAZjKoJhQ
DA:691,0,y0tMLa6HjkHoyluxpTKiEA
DA:692,0,OuyFK4FJsB0ENA2UzqU7Sg
DA:693,0,+8x8ntKUlKIu9wCZhM/2tA
DA:695,0,s92YQiCyFkx+RzSO5BIu/w
DA:696,0,LZm3rn1zkGlNwl9vdAlfxA
DA:697,0,NumHzYmQ3UigniRukE+6jA
DA:699,0,ePpxiJUXcwR4VWjp/gOTRw
DA:700,0,0XuRq8+f9VhHmu/HpstPjw
DA:701,0,1uCnIQd6rKjUwe9W0X21iQ
DA:703,0,3//bts3cV68BgMC2b/kzUg
DA:704,0,x/XCDRlm7zjzz5OnuIOsBQ
DA:705,0,ha9E3AdqLbG6G94BrmHE4w
DA:706,0,x/SCJDFTY3FnzErbMNOHnA
DA:707,0,Aov2UBpzF0sTQARQ/73zZA
DA:709,0,igIqQY/NjKltnW7hl2RRxQ
DA:710,0,YTWlptadSXDskXlcRHdiQQ
DA:714,0,LVcFLflLs3bpWIyN38sdwA
DA:715,0,PQDWLnO2xg4Z2hH4C9i+qA
DA:716,0,+Vz0hsNpDUkuwFFeiha2fw
DA:717,0,XVUJ9aXIUJQJBXO/XVyDQw
DA:718,0,gu54pzPTs01CYZZyvNN2aQ
DA:719,0,uUeyIgik6/5g57JPkcfQ5g
DA:720,0,1Czutjeq9LPJOcD+PJEsow
DA:727,0,6ziUyttWX/xm2YvHKIrF7w
DA:728,0,JeqpJ+pPf7XrUtp1ZusELw
DA:729,0,euZEubVlUjVPo3FQVzqbqg
DA:730,0,2H63WRnhRuQjU4wRp5rLDg
DA:731,0,LIAdczg3D7II+TT0Dmg48g
DA:732,0,5kncrLaNjpwaxIrTw2XhqQ
DA:733,0,pstBX5Nu6618HXJMPFKigA
DA:734,0,7IUBR3BfywO5nps/D5kODw
DA:735,0,FvYLXnm54gygXkQKkO7yvw
DA:736,0,bILj4pY/pxwJC6+WfN+YlQ
DA:737,0,VS8oMoglyd0ThyJHBLy8JA
DA:739,0,JRvxzgpu76Yp/mLTNi+zJw
DA:740,0,GSejVRhzH8c/Nq1dWttZ8w
DA:741,0,KdNZcfyAkY84fDZJqlDRJA
DA:742,0,q/UutAWdi+7vpkyFaDX3zg
DA:744,0,HxGjI2L0vtw2HsNlf9ZIpA
DA:745,0,rL6tSOB7Oi7ot9dp+4YzxA
DA:746,0,Td5ozHtUn+vGWZEuWvU4OQ
DA:747,0,jDQEwvXMY5bzdJkZA/7a/g
DA:748,0,04/atUYT2jgldjltiJmnbw
DA:749,0,BWlJbRHKOARpCytzGoWijQ
DA:750,0,L1mqGu7hZ2SAWP+QzB5sgA
DA:757,0,tYkIxIbiqhOq8RL86nYopg
DA:758,0,d2AyFFqVR4jANU/WSGO/VQ
DA:759,0,cjccjZZlBqg72Fq+BFrJzg
DA:760,0,xHkthLaP0ezZoJcguK+2Sg
DA:761,0,IC/JW8K8bCsfVXTOlAFfmA
DA:764,0,J3F4gpYj0heaqyPe2n6YFA
DA:765,0,ocytcaOYP8DLR30tNubKMw
DA:766,0,h2xV94dSDqYyqCyo6Ouy8A
DA:769,0,/VdJ9RtaiHgSfj7UB3LnsA
DA:788,0,+8rqCwGsP5/FVAkZ2S52OA
DA:789,0,FzBxLTZbUnPsbWsGGpAvnQ
DA:790,0,vBeyEHJYLBqK7s9eCdf81g
DA:791,0,z9oD+QJ6qIEjWUmmy8aKag
DA:792,0,aGbw6aSjmVC5jJchJ3vF1w
DA:793,0,rhI7pgMxW647bvtPVDaxcg
DA:794,0,2pN+53L195bcugjpP2BGag
DA:795,0,+8rqCwGsP5/FVAkZ2S52OA
DA:796,0,XvKySUMNGy0xmEGMFkhIHg
DA:797,0,i3rXwRBe+C4qGIc2qErbCA
DA:805,0,YBJvg5sJkeKpTBdxcFRs9w
DA:806,0,bGH1pt4KsnT3ivoC5/6uKQ
DA:807,0,K5lrV7cah0A7kUFf/2tDiA
DA:808,0,39aREM0wMXoxW/xkCAp4+A
DA:809,0,2C4Hirk1ieRJxj1UdKXqCg
DA:810,0,Wf4Jh4lQBC5o1uBkHYv3Ew
DA:811,0,UPTpdGT5KfKqO6ABLSaBNw
DA:812,0,7kFF9ZcNC1M3U90ev9t9mA
DA:813,0,1EzUlnkh83sQJdyFyzNf9Q
DA:814,0,ARlRPB8uJqEi+eKXNG51QA
DA:815,0,IlOHfrFCJAOO9sVLiIy+6w
DA:816,0,+vciqGwuc2/4OV5VOaEUpg
DA:817,0,MYERqX3exs+6z6dybqx64g
DA:818,0,oDKHeSSE2fVAGngFKVeTZQ
DA:819,0,Z7Q9GKhK3II6Q6OkX61UIQ
DA:820,0,o1WWRDVCJtVU0PZut0c+tA
DA:821,0,SCjP2b/I6OuLKY4twMxQSg
DA:822,0,YTWlptadSXDskXlcRHdiQQ
DA:826,0,mo5VNGM43Rld7pJtzUc9SQ
DA:830,0,d+Ask317HccdIZp7FFD9cg
DA:839,0,wJJhohpQki/5Fs4ZYIg+dQ
DA:840,0,JerNfKZ/D9lpLQwstfyBAw
DA:841,0,k7h4i5wuQPpqiypEWqYT0g
DA:842,0,86dzz2M52VrDt2bZQzo+eg
DA:843,0,PJh/spbyqJK5rBUc6+RNTw
DA:844,0,oJSIyDZbMlfE750MDFnBjQ
DA:845,0,BOOL1zLhNmzq0BIdy1oi4A
DA:846,0,KkSsxG9zt9Fs+565Gx8P5Q
DA:847,0,64EROb5HPz7smVxMXVN2tQ
DA:850,0,QtJ42MseJ4pNkeOaHGd93A
DA:851,0,QszXdImaGuvRPak72uoXCA
DA:853,0,cvYn7JK52ll+ZuY2G8njMg
DA:854,0,AnG/HigEhjyV4u0KV4PlOA
DA:855,0,hgw0xKnzj28ugf/PUaP4Ng
DA:856,0,lfikRBVk9NkrsFNQFBxLTw
DA:857,0,SDA9nQuVY0OlldWjW2F3kw
DA:858,0,urPRq+0JEx15eMYJdKQgUQ
DA:859,0,eqbXBPv2ES+sqKXPKY+Ruw
DA:860,0,C2mGKsBc6minem8Nk6z/ww
DA:861,0,zstzCkJQl+xT6xNMghN11g
DA:862,0,N0o6rwHCaQ+g0PVR01wanA
DA:863,0,HhZ64hKxXc16weBQ3MUFjA
DA:864,0,5zlKm7o4jwx0B0nxQiHRaQ
DA:865,0,KSe3ZARHSF5D0ZBrrU2w2w
DA:866,0,J36Z1duKoSP0k9mhvDqJrA
DA:867,0,iIdyU1a9rraWn5fdwZwcDQ
DA:871,0,7D1aSmN775cSDzzlHc9XEg
DA:872,0,fx4nOAPJhoLVCPkzG9pWeQ
DA:876,0,5oCHkvxEqqXraDpZfEFPwA
DA:877,0,PDeTakFIrcjrzwrtzea1qQ
DA:879,0,xjcDBnSwra0OiNOAYAwoHA
DA:880,0,atKFvtLvVJAd5SWP+/95ng
DA:882,0,kbSIuZ6mIKhWEAFotDWPhA
DA:886,0,6UUhN9FYrmL0tlGF5lWZXg
DA:887,0,noErTNGyI3xzRNK73+o0NQ
DA:888,0,xWnNldo0tUVoK8qWca3SyQ
DA:894,0,tYkIxIbiqhOq8RL86nYopg
DA:895,0,d2AyFFqVR4jANU/WSGO/VQ
DA:896,0,HgeYvBTqEdPsZJyyZq1uwQ
DA:897,0,t2WvfqBLYXRVN+1qKjR+sA
DA:903,0,tYkIxIbiqhOq8RL86nYopg
DA:904,0,d2AyFFqVR4jANU/WSGO/VQ
DA:905,0,x8vhVQJhfN5nVYPvywq9Eg
DA:906,0,t2WvfqBLYXRVN+1qKjR+sA
DA:912,0,tYkIxIbiqhOq8RL86nYopg
DA:913,0,d2AyFFqVR4jANU/WSGO/VQ
DA:914,0,c6cAoIn2yc/wtlDjFXudpA
DA:915,0,8T3vNe+XnGf7hhyDV2TUSw
DA:916,0,/vTf5kAOvIaD8Mumc/+UBg
DA:918,0,7WZ8RVwS6Rpl1xH0o8BvLA
DA:919,0,AT2KDOtHJLVzW9qIqbq46g
DA:920,0,PstHoP8OlFl1/D+B5HFVyg
DA:922,0,0o2EHQ1ETu02XVST/v82Lg
DA:923,0,CdyU+VFyKY/kPF0sJtMU7Q
DA:924,0,xjcDBnSwra0OiNOAYAwoHA
DA:925,0,t2WvfqBLYXRVN+1qKjR+sA
DA:927,0,kbSIuZ6mIKhWEAFotDWPhA
DA:930,0,Coz8M0/j/evZslaQgcAKcQ
DA:931,0,qp06NAMdLI9UBi/3EPphuA
DA:932,0,mG+Mp/zmfsGieDylC8U5Ew
DA:933,0,Kw3LyTeVytk14rM4/YaciA
DA:934,0,9RqJopyKiRRKxGWLs+U82w
DA:935,0,sidc5aH+nAZ++TypAgSAdg
DA:936,0,xvWIcpcyNr0gyGcTkdMxXw
DA:937,0,p5FO7xrU4qVJOW6YqtVKNQ
DA:938,0,SsdTDqzYh0qYc3B2TZzbHg
DA:941,0,6oIfHJuo5O9/LxbLME/igg
DA:942,0,Rrkz/Jrrn1dFixxE7fz6ag
DA:943,0,ackOWdJx2/IgtB/ELuvQJg
DA:950,0,6UUhN9FYrmL0tlGF5lWZXg
DA:951,0,vgBg1bJFh6HrWjIhMdliEQ
DA:952,0,sttYjC/wEUgDVOMU5ErrVg
DA:954,0,9Qc6L2wkAeH4GqAAECsW/w
DA:955,0,abrl8KojToa67q/RBfYyoQ
DA:956,0,FTjyaAVJ8MBzRWEBKVNq5A
DA:957,0,KbIeMp5D9UVLRmnu2k9rXQ
DA:961,0,G92+VfUfow0+s71xT4Fn2Q
DA:965,0,G92+VfUfow0+s71xT4Fn2Q
DA:969,0,JhwBLvOAQEHKtqfHeOqnEA
DA:970,0,DiStl++G6bMKGIlR7z9gnw
DA:971,0,xjcDBnSwra0OiNOAYAwoHA
DA:972,0,ikZgJQtBkI66J07HxCC9Sg
DA:973,0,SkO+HohD3ftvzHDUY1PbjA
DA:974,0,NvVxGrDiJsGH6QhWsv4EYA
DA:975,0,o7tvNiq40uwo8eP+lY5kyg
DA:976,0,Dwjd91USmMoWKfkSCVg/jg
DA:980,0,POAuuN/OdbDCLWt5dRTqwQ
DA:988,0,qtiCq0GhqpvQS7GH5kPJng
DA:989,0,AWHNXMR7mDyM/TZBiPW5mw
DA:990,0,xjcDBnSwra0OiNOAYAwoHA
DA:991,0,CCE3hkO2Qtf8Sku0SRv7lg
DA:992,0,dYLESKA01k/KfQfApmuHwg
DA:993,0,tGwz2S/2AwZoHRGtIM21OQ
DA:997,0,xjcDBnSwra0OiNOAYAwoHA
DA:998,0,pWPKkBt5qASNJnTyv2IF9w
DA:999,0,2/0PUUlgMTRwntyytjeRsw
DA:1000,0,bb4HSzurfmowmQdrgzuKeA
DA:1001,0,ZTYvh9Rzokd85wpELI6mcA
DA:1002,0,9i1DFKD0jvh7JHE6VHwehg
DA:1011,0,nXYTGUhHweGUo3TYNZT0sg
DA:1012,0,xjcDBnSwra0OiNOAYAwoHA
DA:1013,0,QoQrQoqez9Lz+rvMvhbDdQ
DA:1015,0,CRpbFCysIG6BJzWROKAFzg
DA:1016,0,Tzpx+aGfpvsaBBpRQ2EYRg
DA:1020,0,ohV3S/nEj7vc3IxSgs8d4g
DA:1024,0,7qLVF2L3r1BiG2AOxiauwA
DA:1027,0,QvcZ0KqkIMUhnXdURaUKEA
DA:1031,0,EAdiFCL0lsmqDhj8xChXeA
DA:1038,0,huL15Yhl7DdmxQTWfICu2g
DA:1039,0,H1U+hzk+ESfEXPyEoVWFEw
DA:1040,0,gCyZjqBJxspF+3DA7dFAYQ
DA:1041,0,cvYn7JK52ll+ZuY2G8njMg
DA:1042,0,xym1Vl3ku9kZxLL2NXcFVA
DA:1043,0,W4I6B2LYLAogTw2kdElBOw
DA:1050,0,Hi/QRUcXuHuOZpEXHcZGCA
DA:1051,0,Sa9tEk5oZRcP6HsTekCXZQ
DA:1052,0,NrMCj8NjIMxi4bKsXH9U1Q
DA:1053,0,sSYuZ76+eEZVS2VbWSd2tg
DA:1054,0,bILj4pY/pxwJC6+WfN+YlQ
DA:1055,0,eIrGJAjvJlZZpXBf9lFAZw
DA:1056,0,bILj4pY/pxwJC6+WfN+YlQ
DA:1057,0,ttPQoFcLo38Ts6dyayjRiQ
DA:1058,0,4exmxK2EQSbEtsAde6XNIQ
DA:1061,0,MexyvkrByK2lOTdpYS58WA
DA:1062,0,Ft2MUUkb0I5rjJyKqqIt0w
DA:1063,0,BhaChhp7NXQtHR1NCsAnhw
DA:1064,0,51PYSaN1zx3vmK4sEpYWMQ
DA:1065,0,sQA/Aq1BGtEKWEv5Ww1xEw
DA:1067,0,3hIKY37rFYMYfHTsqMHyHg
DA:1068,0,wL3HzJv1uYIffJP4uIt3yg
DA:1091,0,j+f5SkSaxLA7n0fQlt7xfg
DA:1092,0,cmyp/k18m8KO4aGoRMkOTQ
DA:1094,0,rJqXkh8TfgzkmoDvcL3l2Q
DA:1095,0,cFCwIw76o2IaqcuPWzeHNw
DA:1096,0,A/y7351hc9oeZnPWJfFb9w
DA:1097,0,RJDFv0xqr12CEFo9rnJMpA
DA:1098,0,3AkoIz1FbinFZCe2Qoiy8A
DA:1099,0,FzbaTJWSf6f/Q33EyJdbHA
DA:1102,0,5cNI7wSdNgSNUeeZczlXsw
DA:1103,0,jn5EEQYq/9Y1fWBclScd5A
DA:1104,0,rkyobeHMxIkW1JP87r0Cug
DA:1106,0,Hi/QRUcXuHuOZpEXHcZGCA
DA:1107,0,yYEKHm2hyZKpTl+5bg/iLw
DA:1108,0,Ee+AbyL9VG+blc9LLm1euw
DA:1109,0,Y4cHPwqWIu9ErKLkPhsvqw
DA:1110,0,sBGPTBvZz4MgJ1aOGQQvCQ
DA:1111,0,llSTUliLB5pImdCTdp042Q
DA:1112,0,ygn7pFNlXHfspW0db36gDg
DA:1113,0,kEFwPCw0DOTzwEKYkGYNoA
DA:1114,0,1CdHHc01BbqEV3nyWBi2+w
DA:1116,0,iP6gl5A3db+VyeOCHeqMEQ
DA:1117,0,A/y7351hc9oeZnPWJfFb9w
DA:1119,0,Oq2+HdBEzIuvFo6zywfWZw
DA:1120,0,XvSexwiztBHbsr8dIpGa8w
DA:1121,0,5AUv6nqDBzw2JSH/z392iw
DA:1122,0,i4L6GMGV3wJgpskhDDuApA
DA:1123,0,pkv6LdvBnMpKsofd9n9o+Q
DA:1125,0,16NEpaDRFIOiQALfffnhHQ
DA:1126,0,uuy2waNE/rJU3O5nX1F7dg
DA:1127,0,QkJgzz5UczoxSF1S3u4/fA
DA:1128,0,ejsgCfyRYsEipkgawmGTWg
DA:1129,0,iPXOm2VWR4THk8f9R2Yk8w
DA:1130,0,W8oWvZaUh2NkkaAw0+KWDg
DA:1131,0,+MzMgwR2pYHd+E/3HJuVvA
DA:1132,0,HRL6E4naPcYcKrtm2qc4MA
DA:1133,0,XN1k4aSLHArcgGZAGTEGcA
DA:1134,0,xvWIcpcyNr0gyGcTkdMxXw
DA:1135,0,OHWtoIQQr+NeQP3FZAwOUw
DA:1136,0,w0JhbAXBhHNQe19CjYaAlQ
DA:1137,0,l+dfkzISKnqoO8wHtiA3Pw
DA:1138,0,NU475uhYakDilBDdg5Fjbg
DA:1139,0,mQVAqQKZN2gFGdsaTIsHFA
DA:1140,0,HpO5fFapSKUdH4kHlweAoQ
DA:1141,0,Pdyil8qFFnzpBYYny4dA6w
DA:1142,0,rkyobeHMxIkW1JP87r0Cug
DA:1144,0,xvWIcpcyNr0gyGcTkdMxXw
DA:1145,0,4kRAlmWvf6YxGSznqrtPcQ
DA:1146,0,SGwhj9XRnw3+5Sz+mS7dkw
DA:1148,0,RZ/x0smNGCWF41JDfTUstg
DA:1150,0,DCLgYxHnYOG5rWBbHPuJ4Q
DA:1151,0,OUALYsPSu7Jnkn/yuVIqsw
DA:1152,0,ybhaMvDCz00ZtTG1gV9b8g
DA:1153,0,Uk1iEqLYWHwxE4nbWtF0CQ
DA:1154,0,t4/PpLBoqhpjUZ+V1/YsZQ
DA:1155,0,LXQvahXJczrgdRcuyM5O3g
DA:1156,0,nxDlhYOQC5UzSgKXD+nu0A
DA:1157,0,i/+gyuDfjfae2SY8dA+wBA
DA:1158,0,Rrkz/Jrrn1dFixxE7fz6ag
DA:1159,0,ISwtRmqn7yxgxnhFm3dM4Q
DA:1166,0,9gSoTRM2UQLrr9YIar7r+A
DA:1168,0,BE6CMexp1N4XLHlagq7jIA
DA:1169,0,rzQ4lP+9moraHRVCF4unXg
DA:1170,0,BmjaNMfsFtHmxcfxofSP3Q
DA:1177,0,CWkY+JFoOQfurf21Pjcrrg
DA:1178,0,EEvE6+ZsBlsIxQMH8W7Fog
DA:1179,0,ySphdyNEYJr7AB1UMy3POw
DA:1180,0,Eu3QESX4ZueWmH/i0GYoSg
DA:1181,0,CqIIdq3P5GzLD9YeB3cpcA
DA:1182,0,ufCMjBAtE4HwJp4VHpbWLg
DA:1183,0,9Y6pauYhpbgpvVlgnTAp6Q
DA:1184,0,+xa6il1AZzpdvqhcCCHUuQ
DA:1191,0,JTEfWQDL4Hl0mkSndRrBiQ
DA:1202,0,hdG2M9KDsuKWP8jqvwmvCw
DA:1203,0,rCw3w3fMhilEtbMNFdyxug
DA:1204,0,53UuxHSTYdBSIerWa5xW8g
DA:1205,0,nTNfsbgVxci2DZkb1F94BQ
DA:1207,0,UH0rh45mco4gl2HwDxo/bQ
DA:1208,0,lVPXGorSJBLu/c3SmaEZIA
DA:1209,0,QELDVCT9v4ANg/MjoG8AwA
DA:1210,0,XFwfm+GH+I7xuTthfCcX2A
DA:1211,0,u4MxInpEJKvilM4rNBbDdg
DA:1212,0,kW6O3Gk9sA0RhQD7Eho0jg
DA:1213,0,hftUWLbWvSEBOwWaRKooGA
DA:1214,0,Rap0zE0nTMAEXMqNKVm/Yw
DA:1215,0,Kin8TCTdAVARz+DaaRPo3A
DA:1217,0,4Ngy+oYEzN/3viYr1kBRUg
DA:1221,0,QmPzVfiQtren+HLUPVccHQ
DA:1222,0,8O8d22XbfghTuDX1nt83YQ
DA:1223,0,q/UutAWdi+7vpkyFaDX3zg
DA:1224,0,ZCuRAHq+y66wqo95YeZunA
DA:1225,0,eYViVYQWYnzMxJiYDVMzSw
DA:1227,0,8RubfQXq3M4BZ3u/wHCcOQ
DA:1228,0,ysRbg9qf2gL2HR0FU/OgbQ
DA:1229,0,BFbJeW54tFozg2ZH0gXSsw
DA:1230,0,kW6O3Gk9sA0RhQD7Eho0jg
DA:1231,0,mlbHs1sqDMeGWd1n/eskEw
DA:1232,0,tY8mpoqqAJscemyYsMXZcw
DA:1233,0,lzaKLdLkQOs/2LmB7lZhWw
DA:1234,0,Zvpl2D3IZ8hg4EvYz2H7Kw
DA:1235,0,oWOcU+cYMo6fDSvUqHup0w
DA:1236,0,OCIdJeBlK5igTY+V6EUQMw
DA:1237,0,Kin8TCTdAVARz+DaaRPo3A
DA:1238,0,apkQQtiiE4JOuDIBvLOUjQ
DA:1242,0,xjcDBnSwra0OiNOAYAwoHA
DA:1243,0,6u68wapiTbFg0e1m4jb+Mw
DA:1244,0,Iyc7OFdUwu47XssfhAqplw
DA:1245,0,xvWIcpcyNr0gyGcTkdMxXw
DA:1246,0,cyH0JaQw3G9akQPyBPkynw
DA:1247,0,SGwhj9XRnw3+5Sz+mS7dkw
DA:1248,0,MvRvPGxXR1XzElXxrIVElA
DA:1249,0,eBqBwRsCPeqKkgkwA36Z/A
DA:1259,0,xGI+DUgBGQLSGOEdQfj6DA
DA:1261,0,6Mv27y1MRsz6ZyAnDCbxtQ
DA:1268,0,xGI+DUgBGQLSGOEdQfj6DA
DA:1270,0,/sOqtMkNaxRoeaP03iwBhg
DA:1271,0,C4cFnIACscKe32ZdpVkJOw
DA:1272,0,qDk/PxPznp5T16itIiqkSw
DA:1284,0,/sOqtMkNaxRoeaP03iwBhg
DA:1285,0,C4cFnIACscKe32ZdpVkJOw
DA:1287,0,AZ08hJKrYxQYohqofwdlVg
DA:1289,0,ZmhBajnfFC36PREPUmjt7g
DA:1291,0,tAv5CZtuk+/zMh9NCjlpbw
DA:1292,0,0FU6p/FSdAZZUN+OYtsBEQ
DA:1293,0,Uk1iEqLYWHwxE4nbWtF0CQ
DA:1294,0,IxFIKn81GSMJs+pZzaePnA
DA:1295,0,eUpXCTrNchqfEWIn3GKu1g
DA:1296,0,Mit16hMNcznEd8lSMy284Q
DA:1298,0,gzqvpdlawwhxS7zumlQVbw
DA:1300,0,AkXTfqgRRLDq6gQyiBio0w
DA:1301,0,rzXmQBg0vLGZZOMJ5s2DPg
DA:1302,0,w7BmCzk3+9b2u64Mt5C+lA
DA:1303,0,xvn/ZNv/Tw4XzCl+28kS7w
DA:1305,0,MsM8Qi0yF7mq5a7T0G+jIA
DA:1308,0,xIMRYF+JaxYJ8WioVGgfGw
DA:1309,0,4TF6CdypigfDyVnRP/5SIg
DA:1310,0,Do8hzathe3wAbK1OxHaMpA
DA:1312,0,K6cFCO1Jc1lKbRT03iPJZA
DA:1314,0,AkXTfqgRRLDq6gQyiBio0w
DA:1316,0,dUgXfxr06ZjcYXDmLNrhBA
DA:1322,0,4EDPKz83rHOoJvqVgWvuCg
DA:1323,0,poxmjcW23oz6pRe24OUZjQ
DA:1324,0,Uk1iEqLYWHwxE4nbWtF0CQ
DA:1325,0,MagDt17luhrUYNmF0Eaa3g
DA:1326,0,TeEmLyMmk9U6z/mMBGU5lA
DA:1327,0,Mit16hMNcznEd8lSMy284Q
DA:1329,0,D51AOHEQtyDiVDa5j8haiQ
DA:1332,0,9HgYpe3Tah9NII3p5nd62w
DA:1333,0,FI3Uf7/WSjSy4vugWPDo9w
DA:1334,0,LOqiDV/Ow+VAgGp+OvCtig
DA:1335,0,Iqq6b7AvvJ2aPL+2+iTJvg
DA:1336,0,yFBb4rN8jq4/bjZj5Ee/Lg
DA:1337,0,okQybhIehi2Iyr+Tg5m+bA
DA:1338,0,Z7stwX4faQwdVb75kYksiQ
DA:1341,0,xvWIcpcyNr0gyGcTkdMxXw
DA:1342,0,Gh0D4Y6FUobUykoBtURcvw
DA:1343,0,2S/sMiQZ+5N8IMXavh5VDg
DA:1344,0,SvF35nsnYpsSsB64nivkbQ
DA:1345,0,j3nPiu9omElvm8FY7ARuow
DA:1346,0,lCPWWl+EOztoaOctxwLm9g
DA:1355,0,27J+0NMFqF96PU0BgQz3hA
DA:1356,0,Rrkz/Jrrn1dFixxE7fz6ag
DA:1357,0,YxvZHMqoeEBcGdXASaH1Rg
DA:1358,0,HRmYgrUgQRrlHMAQ7gWdXQ
DA:1359,0,7a6iEiO6Zzu8yfez5LxOyQ
DA:1361,0,VPTml1mrxmYd13dKFCpGew
DA:1363,0,xvWIcpcyNr0gyGcTkdMxXw
DA:1364,0,DsPZae17aU4vhN1U9Q2dXw
DA:1365,0,lcFNdtSE58rReuf4k99jjA
DA:1366,0,dquiAd0b6I3SPuVFJDK09w
DA:1368,0,mlE220chI/VvDT9S85rbjQ
DA:1370,0,7IYlp3B+KWtjv6SIAKzq8w
DA:1372,0,NDNKuN+jQpKABRJs4t3/sA
DA:1373,0,Pqn9dAHBVMraKiwXgNlJtg
DA:1376,0,v5U++4SHEGreNPbwLgVdJQ
DA:1377,0,21+alxlFr+w78TvXXwJeWA
DA:1378,0,Iqq6b7AvvJ2aPL+2+iTJvg
DA:1379,0,yFBb4rN8jq4/bjZj5Ee/Lg
DA:1380,0,MdBbuHapDj0B+Tl2LPKOYA
DA:1381,0,kW6O3Gk9sA0RhQD7Eho0jg
DA:1383,0,Y0q2/ssbhl67fedbXrKuAA
DA:1384,0,cbaZR8Z8lBLwuYO8ZPDScw
DA:1385,0,mML502bVPqjeLLSoIgfRpw
DA:1386,0,LVuvj/6DrJc9ViIuXDqq0g
DA:1387,0,d06As29UuF1QoqpkBTW8tA
DA:1389,0,OZliGks+1pKlibQRVUk6uA
DA:1390,0,Ggbk6avXPdUKazvWP6KDyQ
DA:1393,0,OZliGks+1pKlibQRVUk6uA
DA:1398,0,Jn2Ifr/lFeTtQG0UGfP9xg
DA:1399,0,kW6O3Gk9sA0RhQD7Eho0jg
DA:1400,0,VMvNQBb3LqOJsu2dxsdorw
DA:1401,0,7D1wuGg466KbSzjJUKasXg
DA:1402,0,MWiFl9Kg2F5Ls+U0U13A9g
DA:1403,0,DhRPT+Xy0CO3zJdzGhY56g
DA:1404,0,TF3TaUxTanIRz/VeqxHLnw
DA:1405,0,Kin8TCTdAVARz+DaaRPo3A
DA:1406,0,OCztK1JNhEkSmRFDvK0rIA
DA:1407,0,kW6O3Gk9sA0RhQD7Eho0jg
DA:1408,0,Q7yrEp5NZjeqFPnGDHgS4w
DA:1409,0,MWiFl9Kg2F5Ls+U0U13A9g
DA:1410,0,DhRPT+Xy0CO3zJdzGhY56g
DA:1411,0,TF3TaUxTanIRz/VeqxHLnw
DA:1412,0,Kin8TCTdAVARz+DaaRPo3A
DA:1415,0,xjcDBnSwra0OiNOAYAwoHA
DA:1416,0,DfGGittPm7xf2dxvJkoyfg
DA:1417,0,Iyc7OFdUwu47XssfhAqplw
DA:1418,0,xvWIcpcyNr0gyGcTkdMxXw
DA:1419,0,IMztPu8BKdw5yUqIJkGZ2g
DA:1420,0,SGwhj9XRnw3+5Sz+mS7dkw
DA:1421,0,EhNXQRhgnx6wjvgkj4obVw
DA:1423,0,+eBG39r6UxVrrUd9MwMMKA
DA:1424,0,kRpxVerwTxLBJYGp8rVW/g
DA:1425,0,xjcDBnSwra0OiNOAYAwoHA
DA:1426,0,+5Zbk1qJCuboidbe01RNtA
DA:1427,0,Da9IsG3rS+DktGB2XsJipw
DA:1428,0,B+ZJQ8zBxPMiDZhsnR0Fag
DA:1429,0,xjcDBnSwra0OiNOAYAwoHA
DA:1430,0,1LFDkjzfvxKt+MR16j9I2w
DA:1431,0,11bDqzeOH7/10lAdE/JVcw
DA:1432,0,B+ZJQ8zBxPMiDZhsnR0Fag
DA:1434,0,/wRvfKAPpMnIZaBSmbPmRg
DA:1439,0,HTB5EXBw2oq+pfAzbSKm1Q
DA:1441,0,/Cea/Js4FLIQAp1STxfcjA
DA:1447,0,HTB5EXBw2oq+pfAzbSKm1Q
DA:1449,0,ylM3G9QSsT1ObHg3AQbu/w
DA:1453,0,m8m1cnxo244g5ARWtKukBw
DA:1454,0,aaMLYwHxipQteGHx7k0ZSw
DA:1455,0,B/Fo9U4/nMeRNS1JjGZVyQ
DA:1456,0,Hs9i5DLuQa7lw3UA1WFCGQ
DA:1457,0,xjcDBnSwra0OiNOAYAwoHA
DA:1458,0,p5/5Z1esCw52ZyYPLag62g
DA:1459,0,bfKHD9zdOInV7BolmBu/NA
DA:1460,0,B5Mss06P1VnBMDgDFlybwQ
DA:1461,0,bILj4pY/pxwJC6+WfN+YlQ
DA:1462,0,UX3EUAZXioBvWu1Yxai2Qw
DA:1464,0,SwV5nxx/Pb46cnltYO4muQ
DA:1466,0,ib2ZH2zAx2pia/oq9xv6Vw
DA:1470,0,SGmTuPX70JTOSNwjxgaZSw
DA:1471,0,KqGKzW9ZnKgbguQDTnxQ5Q
DA:1472,0,Qe19DSAvFj2U3bnbJp2N4g
LF:947
LH:175
end_of_record
TN:
SF:/opt/homebrew/lib/python3.11/site-packages/_pytest/_version.py
DA:3,1,JQyVYPW4lUAtuKw/ZGzK6A
DA:4,1,0W6FysWK4VxJWZb6gOrYoA
LF:2
LH:2
end_of_record
TN:
SF:/opt/homebrew/lib/python3.11/site-packages/_pytest/assertion/__init__.py
DA:1,1,ZWfU9Kiqk891vGSXzT7C3g
DA:2,1,mUDsnWRiqW9R9nTILGKIZg
DA:3,1,gGTQvjsCFZRTAK01JA8k5Q
DA:4,1,2Ayr2KzfmRyKfaTDnqdTJw
DA:5,1,GusTQ8rnslKGIeoIX1fGdQ
DA:6,1,jEc91tz0B1b2beSYnS+UDQ
DA:7,1,mjVJPNV1Grbtqt25vnQFRw
DA:9,1,VzLIPXTTuBvDcarfS7HnsA
DA:10,1,TLv/S3U8IQpbkJ1QsAp8aA
DA:11,1,afg6NEswPBfGgDnBb/3tlg
DA:12,1,ePzQXWL/8Szsqy912GHQrA
DA:13,1,BLyDBh255G1dHTY0elUgSA
DA:14,1,KNRi7RoPTDSu32oVecRCqw
DA:15,1,CIE2Yvz8bLfV7rPjbGcUoQ
DA:16,1,qn0HhvCIBuSuX5iuP7oSyg
DA:18,1,rOMIMlbvtyu7gXIIy/UEaQ
DA:22,1,WHLxal68EA8u1eXlrZHqSg
DA:23,1,a1urSxJLJ2/mWitRCJrZTA
DA:24,1,fCzLQXzDi7KYJ1GkOAmoqA
DA:38,1,dVl4XT+1g9VBfyEBX7Q/qw
DA:47,1,wGfkdc7sUfZo4/blYQ3GXA
DA:73,1,pDoM22mtAHW401x6CWHuzQ
DA:74,1,YEd9ZY3KMwSB6S7EBkSqmQ
DA:76,1,5WQZ3x4ZX+qEQTifiz2YOw
DA:77,1,wWvyVCzDRWfTVXhFZNNl1w
DA:80,1,6aa5RfW2OnZ6fLJ6pXfUeA
DA:81,1,tghkzyKFoTHmpALfvgBMQQ
DA:83,1,dVMMxEpBUBeC34/OfRHo6Q
DA:84,1,HDDoCmT0SR0jEeHkzvAqBw
DA:85,1,lJHPGsCvsZRbsHu2lXYHbg
DA:86,1,zVpJ1+19n3MQbf9Sb/gWuQ
DA:89,1,QA/BPS+zl6Bk301SMwCsLQ
DA:91,1,hzcUrDCpq6BqKa/RFF9Bcw
DA:92,1,5oS5rFhimDMPmabUh8Ay+w
DA:93,1,oFxeCAMqlKp+YKOY73USmg
DA:94,1,SQfaB/+AytBgy0x5OaeKdw
DA:96,1,ds3VmkALjzX/NoIFg/VD4Q
DA:97,1,TemNvKABXLAEH/ls6j0hhw
DA:98,1,v4ih50bHu9BKWoAilAvG+w
DA:99,1,G/tuHBUWiwwMI911XqtAHA
DA:101,1,aopAxjyrLlshzGwzW8lNGg
DA:102,1,hb29BBC4kiLefmgLheSjTg
DA:105,1,1MEmOgQruQ8C9US53LubZg
DA:109,1,KB8LsU2QkjdxPRE4QT+HnA
DA:110,1,UDcl1UXC9j8nDuDULXKdug
DA:111,1,KdSaWb4NZQKP4r8brPAWZQ
DA:112,1,hIWDaYRI/3HRQKkUsLDtLg
DA:115,1,EpBIbBBK5WVFvXz8k41cfQ
DA:116,1,o/caWt87401LI846m87Lcg
DA:124,1,z9EM82SeR3A7wEbJxnYCpQ
DA:126,1,QLDYCuODP0ffMIGvjlUWww
DA:154,1,kQzMvuupQ9rZhCV8NoTz6w
DA:155,1,sSacrJUGs+I8qAx9DaM25A
DA:156,1,5nbo9lS/LXiMkEIS/K/QRA
DA:158,1,WmACoTyecHaNPxPN9H6aaQ
DA:165,1,2F6VZWe9h/g4eLrs5I6BUg
DA:167,1,KSadfFKiJBlvBz4iLdT+Jg
DA:168,1,KdUgEB4kxEJaUyPHNsMD8w
DA:171,1,cvLvKxuMOoMtd5+4c53W+Q
DA:172,1,KB8LsU2QkjdxPRE4QT+HnA
DA:173,1,UDcl1UXC9j8nDuDULXKdug
DA:174,1,KdSaWb4NZQKP4r8brPAWZQ
DA:175,1,5arGshrGJMT3Vc+dqSFs7w
DA:178,1,KnGUUdKlpcFXhYse44iulQ
DA:19,0,L5m6bu55y1jOP8iQQwD0SQ
DA:58,0,JKqQGOKl6ZTdWWLhRGm2ng
DA:59,0,vcBhQPeIWY5G7QWtPAEzhg
DA:60,0,/5XCbnwR+wwj5PVRhDeAAQ
DA:61,0,jtIjRDvRIhoQ/BD05bqQMw
DA:62,0,GUS94XO3zcwc9RqQd1xD2A
DA:63,0,QAnhrul1HYOx97uAJ+W0Iw
DA:64,0,hLSuWp+myPPVoLHgCEhoJw
DA:65,0,7a6iEiO6Zzu8yfez5LxOyQ
DA:69,0,JJ5RFch6Fjd3YlnukwStCw
DA:70,0,G9GWVgjmmVcVcTYnIenlCQ
DA:141,0,BHGlSji/osqEpD7tAPzZMw
DA:144,0,U9MfdVROcUpM/GFpSIAqIA
DA:145,0,qqRtG4jOnksFvoSg6rdZIQ
DA:146,0,YkfWARdG0Qv3T9+FXHud2Q
DA:147,0,kRXmoj0XoT9irk6u/R2IOA
DA:148,0,e9dgpPtFwySVRzrKX4rFgA
DA:149,0,vsZqOBA/9xZVrx5GGma/Lg
DA:150,0,jHCjXzgRHGnVHg14k4eybQ
DA:151,0,RhF09cPpizEw2tq1d2EriA
DA:152,0,apkQQtiiE4JOuDIBvLOUjQ
DA:160,0,4jujgNNYcMU7DoO1A/Gwdw
DA:161,0,Qiqstz2EnOJMZcItOf/Vyw
DA:163,0,3+/EYcSBOvmBP7B2iWfRNg
DA:181,0,t2DxDSyEkhjgt/RRtzPadQ
LF:86
LH:61
end_of_record
TN:
SF:/opt/homebrew/lib/python3.11/site-packages/_pytest/assertion/rewrite.py
DA:1,1,OsCFscseXlLbaPs9TInyyw
DA:2,1,6d25OmbaxCZ2NLq20+fvXQ
DA:3,1,hShnGf6SZdvV1LEbSpITgw
[...]
DA:391,1,P7QmCWcjXQYHF4PBeH5+Og
DA:393,1,UMpbsRp21xWes2WyWJNHUQ
DA:395,1,7eYZv/7ZKpyegM8zXGbLJw
DA:396,1,AxN+uYeugE1FvhjWj9yVxA
DA:397,1,ehtmYCEhEGOjjqAQ0Qy+rw
DA:398,1,YtrYjyeoBDAoKEHEdi5RdQ
DA:401,1,ixngUFSHYRYaV6fesAuWnQ
DA:402,1,d2j3apf3t16BF+61jjG4Eg
DA:403,1,+SekC2Pw26u3dC74byHgfQ
DA:404,1,r0k7XFvy92ZFaQemwqw7Qg
DA:406,1,UUxPMPDbQCc1nVwozNCoxw
DA:409,1,oZZvOfa6Sb363XyVbqdBeg
DA:411,1,dmMG1O2RG+Z4qT2HVARpsw
DA:412,1,TGrv2aXiTA/SpRlCjwmUVg
DA:413,1,LLXS3Dbt/HaXNnQgEr22Pw
DA:427,1,CrFRsyFYlzdfP9K/4t+ujA
DA:428,1,I4Uej840plwr7ciJyvDTQA
DA:431,1,F8ZI/G/5K+pPalU3r/kjyg
DA:432,1,F3fS61ouFT7Qq2FgLQjgpA
DA:433,1,sYiMoy8E/l5nvT1/CHppSA
DA:435,1,MjSdun6Zycq92X9L0NbZ7Q
DA:446,1,zbmlU58HRvk/PXi2tRy3KQ
DA:447,1,BLdwJDxaByDk8fMWn2p33g
DA:448,1,F8ZI/G/5K+pPalU3r/kjyg
DA:449,1,+wbtmfzJeJ+9i7svBOG1zg
DA:452,1,qinwdRlA81Nc9y5UOaCgTQ
DA:453,1,j0lFmiGmXRGJ+baGKDqGFQ
DA:454,1,MnzpXe1veqpfA7nIMRo0OA
DA:459,1,sIG7aPUZ+C2mUUvyDruJRg
DA:464,1,I4Uej840plwr7ciJyvDTQA
DA:467,1,F8ZI/G/5K+pPalU3r/kjyg
DA:468,1,uyuVZxtOZI2e5RUmA9PU4A
DA:476,1,K+3QDEQVYYyYqZcTUJvjCQ
DA:477,1,M5BDjzFFs/XhZLDqINYRMQ
DA:488,1,F3fS61ouFT7Qq2FgLQjgpA
DA:489,1,PeIH2obfqHmAncYvvqp0Mw
DA:491,1,/o/fdImtPLqdHATt8eYP4w
DA:493,1,dzN8/z39rFR/ujbP8M2OpQ
DA:494,1,MajZaOjiXm8ADK/0z6jcsQ
DA:495,1,XEowJx5EVGc56oa127NUBg
DA:496,1,XAsyiaupaRrGvfprJ8Kw1Q
DA:497,1,iGICl8+3CN1ZfvQ1YKr9Mw
DA:503,1,sUJ0h1dTz+Qrvrgx+nvQyA
DA:504,1,T4QuX2Hfd3gyREpMW87nLA
DA:517,1,zUkPVcXiSpphueNSKNvgcA
DA:522,1,iSV+xQOif8bIv/4h7RTfrg
DA:528,1,yqsDwYXwDSXPF4Ky15F0kg
DA:529,1,Q7/FTz4s4WgoJ/uSoFkbKg
DA:536,1,HmADa1g/W1C2Vo9Wm4sNNA
DA:537,1,n6G6v8IaSNdmArhk2kFK/Q
DA:540,1,HmADa1g/W1C2Vo9Wm4sNNA
DA:541,1,wuFCheyaQUU4MM5IiwiRVQ
DA:544,1,UUxPMPDbQCc1nVwozNCoxw
DA:548,1,iqPwcTomQJcahEFiFZrzuQ
DA:549,1,zUkPVcXiSpphueNSKNvgcA
DA:563,1,4LgMgWBGno1n5MNJ8WRFsQ
DA:570,1,n/wD9utXd/EdWv/62Wbtdw
DA:571,1,BuAWjN+If9IRsC6bhrmjig
DA:572,1,PdGs8Hjuh+VfgOGisEzQug
DA:573,1,GQ98/wzUkWFQAVQxqJoaYQ
DA:574,1,c3g6iy4iJrH4WHcPF7CDFg
DA:575,1,WiARqsH7h4plfneu2qX7Vw
DA:576,1,0kccCpYTkLWfYRqWh6nL9w
DA:577,1,H6ENqBQ4mP0T/rf9NdrEtA
DA:578,1,wBRNDyTMt9C5G/fOXwnxog
DA:579,1,NbaPOEL8NUvePquMPGX3xQ
DA:581,1,UUxPMPDbQCc1nVwozNCoxw
DA:585,1,ZPaYrxcpltcFWZMm9gFaOA
DA:586,1,zUkPVcXiSpphueNSKNvgcA
DA:596,1,gmKIdEHhLi67dbfGRejK2w
DA:597,1,pjRpbSRtkZCkeMEzav7u9w
DA:598,1,Jr77lCvQEKlZ7xjwoTtekg
DA:599,1,BK+foMhfUltpwhLaXPLX4g
DA:600,1,BuAWjN+If9IRsC6bhrmjig
DA:601,1,2QU2w1U9h9KvKqWLqRod8g
DA:602,1,U/7Rq3TT8gVDB+LKRZtbiQ
DA:27,0,Z0BPnyrUooTh4A5TGgi4mQ
DA:28,0,4hiO07btDkJ/k+Q66++sQw
DA:42,0,QABe68LiEKnIRzsmP55JPw
DA:43,0,gTXiKRVdpPCGsSf1CN/fNg
DA:44,0,XTltDlW1ubsJSaAfKIfeIg
DA:45,0,CNzo2SXU7huiivMZh4c0hg
DA:47,0,lZGbyrM7T168qihtbYHtJQ
DA:48,0,nHeQNpPLl4E007H1fhblHA
DA:49,0,vjF4BEGFURRuGz8DoSQGRQ
DA:50,0,5uktxDyrd+/S6qsUtNCidw
DA:51,0,7jrvc0QGadiBy3LBuRMV9A
DA:52,0,9IlUf9l3pgK3GNAgMS/kPg
DA:53,0,02Xwi72oOVRFsKOKlpzOPQ
DA:77,0,G92+VfUfow0+s71xT4Fn2Q
DA:87,0,G92+VfUfow0+s71xT4Fn2Q
DA:112,0,uou5qmZ3ja02vvMJ/FnqkA
DA:122,0,AbRGXsJNvGDNobiptZJp6Q
DA:151,0,G92+VfUfow0+s71xT4Fn2Q
DA:164,0,G92+VfUfow0+s71xT4Fn2Q
DA:255,0,xjcDBnSwra0OiNOAYAwoHA
DA:256,0,io7+d4VkkGQc1wRxUN8Bbw
DA:257,0,TulZRDVyZgwaluSyPp9m8w
DA:258,0,B4gWVc6K8WIU/3cMuapL/g
DA:260,0,xjcDBnSwra0OiNOAYAwoHA
DA:261,0,3eqVvx759PAQ6wJjgoLczg
DA:262,0,o7tvNiq40uwo8eP+lY5kyg
DA:263,0,B4gWVc6K8WIU/3cMuapL/g
DA:270,0,s/ndlNoMXGvfqAcZqtWphQ
DA:271,0,TqeSS28W8oTjQlzyivr6Aw
DA:293,0,3vYtz3Ldl5tsNUHVuYd/Gg
DA:294,0,jfz7M6trSNRKaoXqMyOSeQ
DA:303,0,IiEbID3P8ziu04A3SFNKOw
DA:320,0,Elt8lXCwcubp72PfOCj3iA
DA:321,0,oDsRfRaWa2VwdfUzpfUBYQ
DA:361,0,HVyrBJ61ni9ux6MdUIeaUA
DA:373,0,AZPRBirvp+3lDcHUnugsiQ
DA:374,0,ldd4DjA2wqShsnlFcka0gA
DA:375,0,sVLxgmILkVePtmgMap/Lvg
DA:376,0,LyRYBTs0Ub+zqAZx1q+cHA
DA:377,0,eI+sUgKejDt7Y0CT4cr8uQ
DA:407,0,BfW73CMrHNlK4kPUH2gLLQ
DA:414,0,VgGsq/hCX6YDxGLyXZkMAA
DA:420,0,UE0xNLAYEkmDnhY1I8FEKA
DA:425,0,bILj4pY/pxwJC6+WfN+YlQ
DA:455,0,o4ijPvJd/vA+880JphsGkA
DA:456,0,H+szuJ+37CrIZLuCx/Ji4A
DA:457,0,wrySaRbDv8ee3fLX3kaZoQ
DA:478,0,gS5mIeo2RJ+13o/Q4qtE4w
DA:480,0,9rpUjDRrd/SI2um8LWCddg
DA:481,0,pkWv8C0QL1M4Qb/gc3f3nQ
DA:486,0,+SekC2Pw26u3dC74byHgfQ
DA:487,0,HZ4HuTJrDwolUmZWJaeUpQ
DA:499,0,nCt/j6lNPnSDv6GYiH7Lag
DA:500,0,HB4JM0SRSpPjaK0vpzOchA
DA:523,0,MREOznVOiB1EAnxBBD5QFQ
DA:524,0,WvLexjd5SD4fwzNB4HPLMA
DA:525,0,jVj7ElgyqcKbXCyes0BRrg
DA:526,0,pFKZZX72/J+GZMC7zALfEA
DA:530,0,R+8InUbBHLa2qQoc7tpflA
DA:538,0,waLTa5beaogGzh0qIjRlCg
DA:542,0,s++1W9KQoznEC+5q0E27LA
DA:545,0,17mb62LoQDwx/liMPHSXaw
DA:582,0,U7NtL9sLNtb9NiW9PpYQ+Q
LF:257
LH:194
end_of_record
TN:
SF:/opt/homebrew/lib/python3.11/site-packages/pluggy/_manager.py
DA:1,1,ydCxunymauVRdfWlNGpIBA
DA:3,1,o7XN3CMj67n397EmDP0M3w
DA:4,1,mUDsnWRiqW9R9nTILGKIZg
DA:5,1,aaAPG7jy9GRgr+fPOQGgtw
DA:6,1,uqQzsyLE2snBclOsmsd0qA
DA:7,1,gGTQvjsCFZRTAK01JA8k5Q
DA:8,1,kSu6PLdjlmFWwsRkVjivMw
DA:9,1,AbDp9qLDlwKafjK8G7EaiA
DA:10,1,PJI8/uhfYStUhKtgJWP4eA
DA:11,1,zIuRph40Pvg5aBc+r1Zrpg
DA:12,1,da4F/HJkmdp35fCZoBYhug
DA:13,1,mjVJPNV1Grbtqt25vnQFRw
DA:15,1,TPXu8edYpkybh8xc/odmZA
DA:16,1,eIARyubDIh/jo6ZhD+vcmg
DA:17,1,/J1NV0ftgdBcOW2dfjWXJw
DA:18,1,7aebr2TvIOWdjCMwOd+C6g
DA:19,1,YUO5WbbmwyG9MXhPZ2yDNg
DA:20,1,2CHwXkCNVrBcItBSYeAEqw
DA:21,1,zFbelEHC/YegDTO/VUj6Hg
DA:22,1,JIDhmeXspzKwqKCKQjgWsg
DA:23,1,LQhl7nVoQX/arLGuxxl0Ag
DA:24,1,rZ0qmM1R8R5VTp5ISEeJ1g
DA:25,1,tMEj0ot448m/B1BhATkBXg
DA:26,1,WSW1VuzmDv+YmpJWHem/bg
DA:28,1,FQDsTG1ezkcCwmThOwhqDg
DA:29,1,YaCNBg1H9ZmHK6xg/TaW+A
DA:33,1,rOMIMlbvtyu7gXIIy/UEaQ
DA:38,1,9IqFjo0ArN9WCZdup4hx4A
DA:39,1,oRAkSt3bHEEiToct7+sUlg
DA:42,1,/opaaRvQA6pNWdkGp98hDQ
DA:52,1,StoeJpW1DchwP87/o3gjHA
DA:53,1,j/NZ31Br2+LFZ2H0GxxS6w
DA:58,1,mM+J3hniaFM4vGpR94nfUA
DA:63,1,85gKXHUZiM1f2quZzd3gjA
DA:64,1,r1NP2bWhCnxx5i0d6y3BdQ
DA:66,1,grKrSTjwTYKKpJ/53CEqOQ
DA:67,1,0Z36GNaPYTnGS7ya+uIgIA
DA:69,1,HmADa1g/W1C2Vo9Wm4sNNA
DA:70,1,47FGiPl7TIp2GgPIOeAQCg
DA:71,1,4T4Bp8xVbhM1Tt5i4YvwMw
DA:72,1,ID+sBpUKqLAPljoKOKFAkw
DA:74,1,vgBpiBopYRNKQtIW9cZiSA
DA:75,1,uxcLp3lUixICMbMsTpVELg
DA:77,1,B+eDuPtO/DfHlblm7dRmyw
DA:81,1,VKlzGuL+z53OwXTN34WXbQ
DA:82,1,/3MeEcGlNBER0+yMec+X4A
DA:95,1,SV6vq5QcEn0qpubfUseCdA
DA:96,1,D/W5TEBg/JgNXc24oEagKA
DA:97,1,+ITXg4yHFyyhtUnvXVg77g
DA:98,1,STAXql6FWvl2FwtCzkfIvw
DA:99,1,yJNJmr2Bo0DH56ceTIsewA
DA:100,1,UyyP2NZJi5YRWxrCEW5n1w
DA:101,1,pSJj9V9Ix0YzTgNseCvrpg
DA:103,1,ZhprUqqErzNhKtBdCRw5cg
DA:112,1,jmNTHn2oQQGYIoGIFzxxrA
DA:114,1,iSLjDp7RpzHcyZlK+sZn8Q
DA:124,1,O27mMgil/SNd3HwhpTJqVw
DA:126,1,UEOL32dz39yEY698JrW84Q
DA:134,1,ki+zg6domrxYm3yugqZveQ
DA:142,1,tzxXKX2eulG0KtBhUVUf3w
DA:145,1,x/8AGhXRIDh25+AAF27eYw
DA:146,1,aElEOmLhUvlzRusr+/5BOA
DA:147,1,fz1xiaKefoelGq1roHPM1g
DA:148,1,6ai6PJArF0fz3E2jbAxIhg
DA:149,1,9omOkjXfp9AZmYW+hxLQqw
DA:150,1,YyJY9QHj6fvBxncAjSqZIQ
DA:151,1,Zetb9VEH8IY/Mb7OaKB22Q
DA:152,1,/UqQ/mCWnYmhtHGajXs1Vg
DA:153,1,TMI7zKUOSCbBolpxd/whtQ
DA:156,1,rJmSJcM8Am9tqgTHiH2dEw
DA:157,1,XxMHzPVcNTVgxkao8nUFRw
DA:158,1,81a0rAiJKg+VU+yRWC3INA
DA:159,1,FlmQWqrPKANOqUXXOlgMWQ
DA:160,1,NkyaPvSuZxuw67+HYHKf6g
DA:162,1,WVcFUi0DOcFeOdJ61H8xeg
DA:163,1,rHFxDKUX8ZOAeJ9yc5rJ0g
DA:164,1,MLdKh2tzCZF+cMXlnCW0Aw
DA:166,1,xjcDBnSwra0OiNOAYAwoHA
DA:167,1,3RndHHHyKIW00w7wboh+8A
DA:172,1,2/y5xi1ZBqeZeOjZEJB2bw
DA:175,1,YTWlptadSXDskXlcRHdiQQ
DA:177,1,2bcFwYm2bewpsvJf2bkLhQ
DA:205,1,3CZiYFw4MtHcm/3aYyXV6w
DA:210,1,4tb4CYXQsygyXke1kGz2qQ
DA:212,1,ldKMBuDcXhmp95wFfVKZjA
DA:214,1,LluGjY88KjnJtWuuZtjx0Q
DA:220,1,RzIidfhumyA66P1uWiTp3Q
DA:221,1,czdNWdkaWco9VH+UDQpOsw
DA:222,1,Eg6/WID6u17kMXrfBlJ5KQ
DA:223,1,+SU5my5B00dHLKefTQbaXg
DA:224,1,vv6fR5t/nGZ4F41b6S6Ktg
DA:225,1,qmN9kS1y4gCjfdqpwzdkVA
DA:226,1,QcjOl9US0jsil/I38SI+jA
DA:227,1,78hlt4Ft4eo/nkVVIyLL3A
DA:233,1,Ep9HH7ruuGE9vajr3ERPug
DA:235,1,j1OfqhjM5pN85/KSZKD6Yg
DA:240,1,swp71nwLPowixQF9mfILvw
DA:243,1,i8VX+5bWiP8p8R2KE26MEw
DA:244,1,6Z1noQHKogvSvWuFwhR49Q
DA:245,1,t6rvpne8OB6528fNYX/fPg
DA:247,1,lNy3WJS5sDpjGy4zm8o4UQ
DA:251,1,9HcW2tv8TLOvNfVrLvIxQA
DA:255,1,iayVjSkTcVhjQDorp+ONZA
DA:263,1,HjrT76BOPTtU5E7AnWZQ8w
DA:264,1,k78crU9YDxOoGOFS7vpzmQ
DA:266,1,hYumbZvK8qlayLPe7feX4A
DA:268,1,MjHOtd+VFru+QLAl7cFRCg
DA:270,1,3Xv2z56wip9Wpxvi9IVemw
DA:272,1,K8KcDTDb4metCo0j3XlxWw
DA:274,1,zaeaUITqN/p2ImERPsjOaw
DA:282,1,c5Qp1UQtH6El1Nbf+w1OvA
DA:283,1,pKhMXEVhX4qrVDNoUjNIEQ
DA:290,1,spOPiwfSyp26pjV33Sni4A
DA:291,1,YIlzl//F992kvG8Fw83bgw
DA:295,1,46iDbS6N5ojmIxNc9LrzRg
DA:296,1,XRx24cTh9KRUbzT5FFHAUw
DA:310,1,67ON9/z04568Aqw8qmWKzw
DA:321,1,FjsnL9YSP9EbOLPiWV4/vQ
DA:329,1,cQTIJhixnS0eq8K60tC4PA
DA:333,1,TgIS/X370tHz2OwyvPm2qg
DA:334,1,PAsROEsjKhBbyzR9sUF/+w
DA:335,1,2GVxAuIBbYdoZ1vR11XgcQ
DA:336,1,ioZVvd1s6DSxvPFJ7uHVvw
DA:345,1,t4bSmI9POVRWALg+6qjN4A
DA:353,1,AlzaNFe5hKPxFav/dIXNUQ
DA:354,1,KybBULWt9dQyNAFFY5w12w
DA:355,1,2zk27dl3LvBzbw0WEuMlTw
DA:356,1,D+AUVEp5jwmNg4l4Plltwg
DA:363,1,eqbXBPv2ES+sqKXPKY+Ruw
DA:364,1,77Cr9Y4sg6Bdu4/PF2cSSQ
DA:365,1,pJW+lEIRjYrh9G9lBNNfVw
DA:366,1,oyhKln2K++Hp6N2j5NKXHA
DA:367,1,7vdCjy1dxj3bPASR2YaOlA
DA:368,1,ACQeEv9Iv1Sp5cgd8Q+T2Q
DA:370,1,QpCPOArhKrFsQZFyePeH4A
DA:373,1,Fmhcp9o2u/lKhvvSvwwh8Q
DA:375,1,5HlJYhLsGdTYdDtOfcdGRg
DA:379,1,F7b4IFwnEpU0t555UACCyg
DA:390,1,lTenih4t1mAUptTkiTQP0Q
DA:427,1,jO3fKUMZRksdw9rYaac7ig
DA:452,1,063/MhqgU5iz2mJtKo5Uyw
DA:465,1,znn6rjDy8JBYA9fRQSVP6Q
DA:31,0,F7lsBqaeyfjDT7oqwLBPpg
DA:34,0,4hiO07btDkJ/k+Q66++sQw
DA:36,0,9m0O5FA9sJwz6rfyQroOuA
DA:43,0,/rXz4QxNwfW+I7pNHzYh7g
DA:44,0,Rr7SIpMIEAZMt0Z9DPTrbg
DA:59,0,aXAM6fthCd7Ig7x6+L7TxA
DA:60,0,PdGs8Hjuh+VfgOGisEzQug
DA:78,0,si3BAc98vRMPLZGCRncT/g
DA:127,0,tf2z5vBcXSEEE2giKBCSaQ
DA:128,0,aG+6rsvRHH71TSb7ZpO/eA
DA:129,0,HVyrBJ61ni9ux6MdUIeaUA
DA:135,0,HVyrBJ61ni9ux6MdUIeaUA
DA:154,0,5RYG5X23Upj3HONf7+vTmg
DA:155,0,jL07kNVd9sWrK0SRLTuRgA
DA:165,0,Dwjd91USmMoWKfkSCVg/jg
DA:170,0,o7tvNiq40uwo8eP+lY5kyg
DA:171,0,YwQEFPOKGJA3sPtkHuIZwA
DA:174,0,ElxFAFA7K9eGob7XeaNbbQ
DA:185,0,PEnwTKUSaC0cJMAodU/RgA
DA:186,0,Xf025siP0WTMwdw4Sc8pdQ
DA:187,0,EfLv3OJ45bjjQa2lSAqPtQ
DA:188,0,WIzOUnf4JC1oKNunAGBchg
DA:190,0,x9zP1YytccFB9HDZ+1BQmg
DA:191,0,I8WxozQ7wPOVSPVOMepSUw
DA:193,0,WjYy9qdm04OdRmCYJvM3Gg
DA:194,0,u8MPEoLdS24YBUAoCGON6A
DA:195,0,ZKX89HR4JbcRZtMpwqM94w
DA:196,0,pgkvmL8jQEwgh60j3I4ZTg
DA:199,0,UzfpdpDBd2HTpyTV5qCyUQ
DA:200,0,CTaRAZlrlu5Nn/nNjdyxUA
DA:201,0,MrDObdOKZsOsWTXv5R+WMg
DA:203,0,rPb8bvyqsqlacGEm682R7w
DA:207,0,ScWkwDM1U/Gxj46pSXL0+Q
DA:208,0,JW08PnXQgwACPaet8uT+ag
DA:230,0,36+vFzg3R8PrFW1A+YUr+A
DA:231,0,H6omKXZfKm7ZNwe1iDxPfw
DA:232,0,JX0OdjA1ph3JVYD4xCCvlA
DA:236,0,HVyrBJ61ni9ux6MdUIeaUA
DA:249,0,Oo+RN9Waj+Pcj7PsM7kQuQ
DA:253,0,p/OAZIe8BOXo56DtTsmuaw
DA:277,0,v2OH7WMnM10gb0jXTHPMRw
DA:278,0,emr8D692rBPgAj9+oKab/Q
DA:279,0,SO/vp0dBthxwUGfrHbDdkA
DA:280,0,apkQQtiiE4JOuDIBvLOUjQ
DA:284,0,BSxg0y10yuYcaGdLdgBzhA
DA:292,0,YANn9k9xV9MTBHt/1m5gzA
DA:297,0,BSxg0y10yuYcaGdLdgBzhA
DA:313,0,BSxg0y10yuYcaGdLdgBzhA
DA:322,0,BSxg0y10yuYcaGdLdgBzhA
DA:337,0,+p/TRdbB/eDt/7yunTR5wA
DA:338,0,UQJr4VtWqeZP8m4SqCzubA
DA:339,0,Elu0XmO4thijGmcrWJ4Q7A
DA:377,0,Acqv6mCqrk7g0WwKSzZH9w
DA:381,0,FoLHiEhqQhzsIIgxTkK5Fw
DA:382,0,Dwjd91USmMoWKfkSCVg/jg
DA:383,0,DrSbK5vsNT+/Fa17SoeUTw
DA:384,0,2NXhKB1Flkip8E5+n2Ol4Q
DA:385,0,E/Cn2YtYz9wtrV5O4cxd6A
DA:386,0,d+L6WhKLNJvK/xFOWIMeQg
DA:387,0,kQMZ/aBOrb4S/znZCfGKXw
DA:388,0,hLp/06Bz5MoOre4haFYUag
DA:405,0,ZPkKNZulu2lM1RwB9D+DLQ
DA:407,0,tSDvxt2XAYVFRqGVDSTK1Q
DA:413,0,gi2IWPYTwPVdVKCbRC+g1g
DA:414,0,IqlKg9ife7HUQhMFw70EQA
DA:417,0,6Mh26gb5m4G+HR34NxMwMg
DA:418,0,7Y1K0xsp9MQlbYa+yi+wQg
DA:420,0,GQsYjJF7m3APPOlWLqd3/g
DA:422,0,c1aCC8x8xLCGUd1G5V7V7w
DA:423,0,7fmGi5/27+uycwpRmNvP7Q
DA:425,0,qUzDl2HvDSYv8de5yYSv8A
DA:432,0,HnMLP54VpHNkjGE9Wq9PMA
DA:434,0,SxJMyOBcYewY/pUTEPx5sw
DA:437,0,TS4yLyzJENvt1rkQkb2MmA
DA:438,0,aerYxpLr8qbqdrG/OIUIXA
DA:440,0,h2k3S7S4HYNdwei5qjSPfA
DA:446,0,YITIVva/5lWvE3A1SdwNGg
DA:447,0,WEz+1Ton3XdwJrvRPYLmTA
DA:448,0,NkO0/xz++Z3LS8NbV81dAA
DA:450,0,t4Hon53ouxyNegDs2HMzLQ
DA:458,0,QUJFpllgK0tJPSz/tjrRYQ
DA:459,0,+AeH8Z//MV/NifnmBoJLQw
DA:460,0,WT6s7zOSgZpB7J3gu0fVwg
DA:461,0,TJJq5biOckhrCO7T19NpGw
DA:462,0,Ok7lCeN4eSRtX9M7iCRoOg
DA:466,0,JhhW5CA2ya4Lqp67L4iV9w
LF:225
LH:139
end_of_record
TN:
SF:/opt/homebrew/lib/python3.11/site-packages/pluggy/_result.py
DA:1,1,1+9wdnNK6ERHmSA06tdyPQ
DA:4,1,ydCxunymauVRdfWlNGpIBA
DA:6,1,j6GwZFForTEFqmm2aBhNag
DA:7,1,kSu6PLdjlmFWwsRkVjivMw
DA:8,1,AbDp9qLDlwKafjK8G7EaiA
DA:9,1,2Ayr2KzfmRyKfaTDnqdTJw
DA:10,1,41/VBq3x/FFpVtD4q1jhsQ
DA:11,1,jEc91tz0B1b2beSYnS+UDQ
DA:12,1,0hwKoLJOBNjwQBXENlLfmg
DA:13,1,DuGrcGudW6F+VJ9UOb4O3Q
DA:14,1,mjVJPNV1Grbtqt25vnQFRw
DA:15,1,OGjYbn4gvJQgGRj4F4r19g
DA:17,1,rOMIMlbvtyu7gXIIy/UEaQ
DA:21,1,T9wadZV9JXqIaqVGjZbL+g
DA:22,1,gpa/ntIv+pf2mOLR+JLScg
DA:25,1,15+Om5kcz2yYNSm3bcijFg
DA:38,1,bOmufbsgI5NcnEeOGpSDxg
DA:39,1,9cZ2jdLvQgfNg99/1cQKVw
DA:42,1,KLVRViWE3Ngtt1Tv9IADjw
DA:43,1,xUVPcGw0piFtLHRD5IFPSA
DA:45,1,4LgMgWBGno1n5MNJ8WRFsQ
DA:50,1,djpKgkJePTqhFz2UA4+0vA
DA:51,1,l1d+iN0Tj+9ZFLRt8wmgGA
DA:53,1,HmADa1g/W1C2Vo9Wm4sNNA
DA:54,1,cLjkjg9bNOhGNnAZFCFrdQ
DA:55,1,7D86/mVHW/8TNkJLx1yaYQ
DA:56,1,BNds9maKQuQkiwKapqOt0A
DA:57,1,Dwjd91USmMoWKfkSCVg/jg
DA:61,1,HmADa1g/W1C2Vo9Wm4sNNA
DA:62,1,Fv/tiHBT/OpVMLCd7ai73w
DA:65,1,Nnqu9X+lU2lagW39QNhFWA
DA:66,1,SnFW4v5NDGqRHmbINPmZdQ
DA:75,1,p5SqP0VGxa5kGM2cSPMwPg
DA:87,1,X8vkGZWne8bvxI/ffyBqmg
DA:97,1,MxppH/zY1lblRxLjvBb2+A
DA:103,1,wC2QIL3tK09oqKlevxJ13Q
DA:104,1,7D86/mVHW/8TNkJLx1yaYQ
DA:105,1,BNds9maKQuQkiwKapqOt0A
DA:106,1,Bunhaur+7njdvcFd71tR/A
DA:18,0,5A6Ij457ApC29R19XlCTjQ
DA:31,0,KuGcwxxH4TG9D9S13jU+oQ
DA:32,0,ZV2v6u5lI46wS8TIeZysHQ
DA:59,0,moSmz41nBPcpSNjgv4XSyw
DA:63,0,1+wrUYAZuntFmBcxd2clHw
DA:67,0,wC2QIL3tK09oqKlevxJ13Q
DA:68,0,tpy4efm4O40SyJu/Qj4Tnw
DA:69,0,xjcDBnSwra0OiNOAYAwoHA
DA:70,0,Ucc2ctpuxuhTPxDzepW6eQ
DA:71,0,xI432RRAMciDfNRVZJaf1Q
DA:72,0,mUk8mIMbIJiXhQ4EBdTcTg
DA:73,0,QPqYufPyL4HPavRm7La0uA
DA:84,0,djpKgkJePTqhFz2UA4+0vA
DA:85,0,eAdqsJ0gqqGxVmOuwi011A
DA:94,0,DN6CY0qH6HV/0GprjRzxAg
DA:95,0,l1d+iN0Tj+9ZFLRt8wmgGA
DA:108,0,mCoW98WgbQV69DLvWLcEhQ
LF:54
LH:37
end_of_record
TN:
SF:/opt/homebrew/lib/python3.11/site-packages/pluggy/_tracing.py
DA:1,1,1+9wdnNK6ERHmSA06tdyPQ
DA:4,1,ydCxunymauVRdfWlNGpIBA
DA:6,1,gGTQvjsCFZRTAK01JA8k5Q
DA:7,1,kSu6PLdjlmFWwsRkVjivMw
DA:8,1,da4F/HJkmdp35fCZoBYhug
DA:9,1,0hwKoLJOBNjwQBXENlLfmg
DA:12,1,Z0Gp4KSa7bemujQAQmMRog
DA:13,1,5gQ3Y+trOGtVNin5gy+mKA
DA:16,1,0YiSqmtJoikaG42qT2LF5Q
DA:17,1,HBwCXTZ1wlAg7ZtrNgw4fA
DA:18,1,lDEfhkpV9xZaObaDMV62xw
DA:19,1,m5rjjSaQ8EawspkOj0quTA
DA:20,1,3mf8kAPT2LoXhJWNjedASw
DA:22,1,hpASt4k/E8GjYUw2pJsurg
DA:23,1,Tq3crcwlc/7FUbL91OaquQ
DA:25,1,ILTQA34FCRjTE+AM/XDi8g
DA:42,1,E2BOelli3mFgSHNXi0q5/g
DA:43,1,rlBf3esEeCzv/PmqDe5DUQ
DA:45,1,xjcDBnSwra0OiNOAYAwoHA
DA:46,1,gslK2A3p5ppiFJEIcNPfsA
DA:47,1,Iyc7OFdUwu47XssfhAqplw
DA:48,1,B+ZJQ8zBxPMiDZhsnR0Fag
DA:52,1,WPjGLenc0akvHk/+uA2flg
DA:55,1,VOiBHYkUz8D7D0Xqlyuyyw
DA:63,1,RZZR7CNC1Z4JV6quIeU1Xw
DA:64,1,dg9PcNcULHuLOTOtkXbZ/Q
DA:65,1,GakV/fQkAGNMyJFJ7QnPYw
DA:66,1,c7pu4tkq/SEiP2GyaFT1dw
DA:68,1,sslczafTHWhNuk5gflGK5A
DA:69,1,V7ACucaRDtuWoGQigdRrgQ
DA:71,1,hpASt4k/E8GjYUw2pJsurg
DA:72,1,TdmIx54ncVOL/AMhF7uH/Q
DA:26,0,wkYe5Ek6oVgIJqwSU+wGnw
DA:27,0,go54WNiwgjl5XWqVAIUgug
DA:28,0,ay0rQ7+1eMenfVETttBJ2A
DA:30,0,Ru0+dr0lJipiGl+rJDCGTQ
DA:32,0,E36mEFwX9OTnw8X1xIPVxA
DA:33,0,69JlC5LKqk71utlmxsLZeA
DA:35,0,j33pZhYZy1vkT1YnwCMY/A
DA:37,0,IC3l2RnParfuEDScuKHBrg
DA:38,0,mkdmaH53gL+PBBn1lVnmxg
DA:40,0,kcAnnhy4scCCGbg2pojdTw
DA:44,0,D/mpmYdK1NNqfqorDXnI5g
DA:50,0,u83CCwh5ysBzTxFszzxY8Q
DA:53,0,f9UtZKfPUrEmMj2njmNtaQ
DA:56,0,ldUEH/lvdyxJ4gQlQ2Quvg
DA:57,0,NbhRGb5IyqBDVPx0jkysIw
DA:59,0,uQoh8sURG8qXkf2j2aelag
DA:60,0,oXvGaZq0NeurUm3VarVTuQ
LF:48
LH:31
end_of_record
TN:
SF:/opt/homebrew/lib/python3.11/site-packages/pluggy/_version.py
DA:3,1,rU4Xte2SJ3O9wJkNrKk4yw
DA:4,1,jZ6hUBhzDmaZ7jlB51QIqA
LF:2
LH:2
end_of_record
TN:
SF:/opt/homebrew/lib/python3.11/site-packages/py.py
DA:4,1,mUDsnWRiqW9R9nTILGKIZg
DA:6,1,ojL31VumYRyEvekWBm8oeg
DA:7,1,VM4RCs2mCvukxeASmCVy2Q
DA:9,1,DTSx8iioqETkEG/VUBAN3w
DA:10,1,dVVTH4DdJSluODyfAt7PRw
LF:5
LH:5
end_of_record
TN:
SF:/opt/homebrew/lib/python3.11/site-packages/pytest/__init__.py
DA:2,1,YCky5Elr/KsIHBgmQy1jtg
DA:3,1,ZNk8RdGa90Q0PWvLqHGQBw
DA:4,1,97wJ4irD0jPc0SvjPsqqgA
DA:5,1,SYhIhYDXNAh8OkYn923Qdg
DA:6,1,yXHcc68AiatnLHsFFE5lgA
DA:7,1,6mb/MOfl2aXVXspHVLOGew
DA:8,1,fv13Taan+63uejWWzIE1fw
DA:9,1,yysg9gyr2KfkOvVEMV/MFQ
DA:10,1,BLyDBh255G1dHTY0elUgSA
DA:11,1,bmdnLDOSpHWfsfVbk6oXSg
DA:12,1,xcMFeK+Qw7Xw1+Rsj+xhTA
DA:13,1,KNRi7RoPTDSu32oVecRCqw
DA:14,1,soV14R1CQ2K8NADtSb3qng
DA:15,1,wBOozBxLYAxs17iOj6HbwA
DA:16,1,eS5AAzZiUkcQRvd9ThI+fA
DA:17,1,iRn9gcQIThF9Vdo1CToLGQ
DA:18,1,kbHS1MDSbEPQ/b+dZXGwRA
DA:19,1,CIE2Yvz8bLfV7rPjbGcUoQ
DA:20,1,MwggvBReMYfJTaqESkSM3w
DA:21,1,CL7NcASZ3WmqtKOLv5UgIA
DA:22,1,KWsfgNZETcxN+eF+gEcAXw
DA:23,1,P52U8RyHBqCpdXDN4bvUNg
DA:24,1,9LRvnmW+ugCSYzlrb7R3VA
DA:25,1,Mpw9s7MYcXrX66MyAMUIjg
DA:26,1,2Dj65xSfcmY/+fdzScSviQ
DA:27,1,PSJsxuBgVmAXeZdLlRB5Qw
DA:28,1,UoO/4t9/uj29jfyn95LS2g
DA:29,1,m21bgTAqUH5IpO0PXxiSMQ
DA:30,1,4QnDXqqJy0fLiBc3zXgf7Q
DA:31,1,I+cfXqUAZ7nt3XGw3ctmxA
DA:32,1,YQ8gpQI7Ly4CLweYAZcVVw
DA:33,1,+0vDnh/z0nyr7NwMF11How
DA:34,1,3hRGdYpPREMFkPfzkGJDyg
DA:35,1,8Hq8mAC9/H+q7h5qQmnFhw
DA:36,1,GWhyKnHZeprKE55/qf3jNQ
DA:37,1,6CMQHVl69joe8KSGacFMuw
DA:38,1,qYJRrnXPgGVBMUJxBeikYg
DA:39,1,qn0HhvCIBuSuX5iuP7oSyg
DA:40,1,Trf4RlPTZgdRF/lKZdKGVw
DA:41,1,DjYdBCJnhMi+0TdpUAJ7DA
DA:42,1,Y/ng5WsqzLje+JGj7aEy1g
DA:43,1,yljm1APN/2Ai6QKgaQz/xg
DA:44,1,+BlGHjHue18T+xiEs7fXJA
DA:45,1,G3ZzA3hFt8WGWGpqoJu1dQ
DA:46,1,tzlLDejr1rA7fBgXgl5/wA
DA:47,1,yVqQRBqnk9VB8w0HLWKT/w
DA:48,1,l/4tyV4V8uPSkWFew/9UTg
DA:49,1,tLy9Zc27V0hfdPtwAK4K3Q
DA:50,1,v8IYu3YNVnnewHzrF3IoTA
DA:51,1,53PsNDA2d5DXgILgI3Vtcg
DA:52,1,7T61Q5WyYMNmwSgBxRCcXw
DA:53,1,OGVT/3YyENuwNFv2Z1oDMA
DA:54,1,y1RQtlzDTJo+r+D1nzqF3g
DA:55,1,AY10+n6G7sZ/odaOj0pAAg
DA:56,1,SOu7DjwqlT51hGK+Iuvekw
DA:57,1,1z3RUuEpGvmVbeFRyZ91sA
DA:58,1,5f5ss/Qu8Swl90wcIygMUg
DA:59,1,1TANs/cFShsDQ5jRuZO0DQ
DA:60,1,qKU9weubFw12qAyF+CM7JQ
DA:61,1,rHNT4oBW/JfB5GJ4YZ01dA
DA:62,1,4Z9Jr60yUOMybRwer+tUFA
DA:63,1,biePrhmABgq1bd15RI7jqQ
DA:64,1,LuYr8BjAPLeYB+BhU73QXQ
DA:65,1,jlVoeB9BpKlagLWP9DKwpA
DA:66,1,hHV5lMNQWv3YdxiHiIcpgw
DA:67,1,E0zHW23sLdoxA/v4suoDag
DA:68,1,yGMpAm2+IdYG05rRzxY1ww
DA:69,1,0tRo0vYGDr1EtpoSCEZ61Q
DA:70,1,llCZnuDkW8BV/EraKlGmIA
DA:71,1,WXp1EnGTak0a1asAbbu7Cg
DA:72,1,DrHjDsMFyVDeFRdc/bvkEQ
DA:73,1,3G5XSOiHX24tf82VjnMK9w
DA:74,1,+0TH0y1TmVoKh2ZeRluNPQ
DA:75,1,U+NBEiy288CJrFP30efLmw
DA:76,1,x7J6l649ZNMJJr8HwNnuBg
DA:77,1,4ZDDBmTBCmFG9gCOf6TSTw
DA:78,1,HGqvywK/dhbgL0XsLBZ+hA
DA:79,1,iv+Ap51n2nlgPyaWwLTTKg
DA:81,1,m7/bJN25lQlDO3d1v0PzSA
DA:84,1,wtxjrmBNVp/dyLfWQ3ixWw
DA:165,1,IJxSSXql3ECCar9GMkIR8g
DA:166,1,ejA5Qr4oTMAApc1Fthb+ew
DA:171,1,ngXZKeX5Fnd2NOW2i5d9gA
DA:168,0,8UlkJtq+iMmPfu9dRFRzmg
DA:170,0,nW85JVFGD/iZHfcS/I6nDQ
LF:85
LH:83
end_of_record
TN:
SF:/opt/homebrew/lib/python3.11/site-packages/pytest/__main__.py
DA:1,1,9xCxsoLVGcrQznwohw1K1g
DA:2,1,6EqVyswJtxIE+9LVqyxOlA
DA:4,1,xQVNdxAJxuGw1z9RcZmDQw
DA:5,1,KqIctrIaoV54WarvSucEQw
LF:3
LH:3
end_of_record
TN:
SF:/opt/homebrew/lib/python3.11/site-packages/sniffio/__init__.py
DA:1,1,0xNaENH3+OCYjHboFlJOUA
DA:3,1,wtxjrmBNVp/dyLfWQ3ixWw
DA:8,1,pnYJ7FUH/JA0Q7pDZGgcrw
DA:10,1,75TAJv57gPG+bgcS3pwauQ
LF:3
LH:3
end_of_record
TN:
SF:/opt/homebrew/lib/python3.11/site-packages/sniffio/_impl.py
DA:1,1,2tMuNz3nXxU2/QelFsSqxA
DA:2,1,jEc91tz0B1b2beSYnS+UDQ
DA:3,1,mUDsnWRiqW9R9nTILGKIZg
DA:4,1,zyZgoM+E8Ui7MCtwqiF+Nw
DA:6,1,ThjfutAXQqj6XIVS9v6o8w
DA:11,1,qfVq055fJG/ISgpHRWTufQ
DA:15,1,6JEL6IY2u68NJi7LRsMOhg
DA:18,1,FmRiMVxRC1cTRBfRsFzP9w
DA:21,1,GuKp0E0uXd+RZ87+Jfpasg
DA:22,1,PdeqDqr4bOft68ON3+/7kg
DA:25,1,8DJvGLnrnxL3P6ZeijuDRQ
DA:66,0,Mh3/M1wW0TQYuvqtkm+wvA
DA:67,0,K2BLYSNNCdUF4uTzix9blQ
DA:68,0,BorTe+0HQpcr3zDD5zth5A
DA:70,0,oYtQm/ZtQ4YrZhBZEBEqlg
DA:71,0,K2BLYSNNCdUF4uTzix9blQ
DA:72,0,BorTe+0HQpcr3zDD5zth5A
DA:75,0,QDrvn/25jpXJ13B47EI7gg
DA:76,0,zd0vMR95uVC5B9Q0uuL6cg
DA:77,0,xjcDBnSwra0OiNOAYAwoHA
DA:78,0,ikPFUYU4BF+Se49PKN5mdA
DA:79,0,TulZRDVyZgwaluSyPp9m8w
DA:80,0,azFmjnKPEfD7kIy12btR1Q
DA:81,0,xjcDBnSwra0OiNOAYAwoHA
DA:82,0,Zt9tWlAcj6EMkXIajZpRUw
DA:83,0,UzEZWg3FDCVQm3iWIPF41g
DA:84,0,HyLChGJUzV2eIS2Fv7+9iA
DA:85,0,B+ZJQ8zBxPMiDZhsnR0Fag
DA:88,0,JB7HQMeEWP99Pftsy6B+jA
DA:89,0,h673GwepJ95F5AGrsuSDQA
DA:90,0,sphLX/hYgfExpVB6+Uvlqw
DA:91,0,W9ty3DEudxtYKjACDkt7RA
DA:93,0,6bLUeTMR7gA9wsatHbgscw
LF:33
LH:11
end_of_record
TN:
SF:/opt/homebrew/lib/python3.11/site-packages/sniffio/_version.py
DA:3,1,/EeLEcZBkoeJ4n3sDSw7iQ
LF:1
LH:1
end_of_record
